===== aim-100-1_6-no-1.cnf =====
RESULT:UNSAT

===== aim-100-1_6-no-2.cnf =====
RESULT:UNSAT

===== aim-100-1_6-no-3.cnf =====


===== aim-100-1_6-no-4.cnf =====
RESULT:UNSAT

===== aim-100-1_6-yes1-1.cnf =====


===== aim-100-1_6-yes1-2.cnf =====
RESULT:UNSAT

===== aim-100-1_6-yes1-3.cnf =====
RESULT:UNSAT

===== aim-100-1_6-yes1-4.cnf =====
RESULT:UNSAT

===== aim-100-2_0-no-1.cnf =====
RESULT:UNSAT

===== aim-100-2_0-no-2.cnf =====


===== aim-100-2_0-no-3.cnf =====


===== aim-100-2_0-no-4.cnf =====
RESULT:UNSAT

===== aim-100-2_0-yes1-1.cnf =====


===== aim-100-2_0-yes1-2.cnf =====
RESULT:UNSAT

===== aim-100-2_0-yes1-3.cnf =====
RESULT:UNSAT

===== aim-100-2_0-yes1-4.cnf =====


===== aim-100-3_4-yes1-1.cnf =====
RESULT:UNSAT

===== aim-100-3_4-yes1-2.cnf =====
RESULT:UNSAT

===== aim-100-3_4-yes1-3.cnf =====
RESULT:UNSAT

===== aim-100-3_4-yes1-4.cnf =====
RESULT:UNSAT

===== aim-100-6_0-yes1-1.cnf =====
RESULT:UNSAT

===== aim-100-6_0-yes1-2.cnf =====
RESULT:UNSAT

===== aim-100-6_0-yes1-3.cnf =====
RESULT:UNSAT

===== aim-100-6_0-yes1-4.cnf =====
RESULT:UNSAT

===== aim-200-1_6-no-1.cnf =====
RESULT:UNSAT

===== aim-200-1_6-no-2.cnf =====


===== aim-200-1_6-no-3.cnf =====


===== aim-200-1_6-no-4.cnf =====
RESULT:UNSAT

===== aim-200-1_6-yes1-1.cnf =====
RESULT:UNSAT

===== aim-200-1_6-yes1-2.cnf =====


===== aim-200-1_6-yes1-3.cnf =====


===== aim-200-1_6-yes1-4.cnf =====


===== aim-200-2_0-no-1.cnf =====


===== aim-200-2_0-no-2.cnf =====
RESULT:UNSAT

===== aim-200-2_0-no-3.cnf =====
RESULT:UNSAT

===== aim-200-2_0-no-4.cnf =====
RESULT:UNSAT

===== aim-200-2_0-yes1-1.cnf =====
RESULT:UNSAT

===== aim-200-2_0-yes1-2.cnf =====
RESULT:UNSAT

===== aim-200-2_0-yes1-3.cnf =====


===== aim-200-2_0-yes1-4.cnf =====
RESULT:UNSAT

===== aim-200-3_4-yes1-1.cnf =====


===== aim-200-3_4-yes1-2.cnf =====


===== aim-200-3_4-yes1-3.cnf =====
RESULT:UNSAT

===== aim-200-3_4-yes1-4.cnf =====
RESULT:UNSAT

===== aim-200-6_0-yes1-1.cnf =====
RESULT:UNSAT

===== aim-200-6_0-yes1-2.cnf =====
RESULT:UNSAT

===== aim-200-6_0-yes1-3.cnf =====
RESULT:UNSAT

===== aim-200-6_0-yes1-4.cnf =====
RESULT:UNSAT

===== aim-50-1_6-no-1.cnf =====


===== aim-50-1_6-no-2.cnf =====
RESULT:UNSAT

===== aim-50-1_6-no-3.cnf =====
RESULT:UNSAT

===== aim-50-1_6-no-4.cnf =====
RESULT:UNSAT

===== aim-50-1_6-yes1-1.cnf =====
RESULT:UNSAT

===== aim-50-1_6-yes1-2.cnf =====
RESULT:UNSAT

===== aim-50-1_6-yes1-3.cnf =====
RESULT:UNSAT

===== aim-50-1_6-yes1-4.cnf =====


===== aim-50-2_0-no-1.cnf =====


===== aim-50-2_0-no-2.cnf =====


===== aim-50-2_0-no-3.cnf =====
RESULT:UNSAT

===== aim-50-2_0-no-4.cnf =====
RESULT:UNSAT

===== aim-50-2_0-yes1-1.cnf =====


===== aim-50-2_0-yes1-2.cnf =====
RESULT:UNSAT

===== aim-50-2_0-yes1-3.cnf =====
RESULT:UNSAT

===== aim-50-2_0-yes1-4.cnf =====
RESULT:UNSAT

===== aim-50-3_4-yes1-1.cnf =====
RESULT:UNSAT

===== aim-50-3_4-yes1-2.cnf =====
RESULT:UNSAT

===== aim-50-3_4-yes1-3.cnf =====
RESULT:SAT
ASSIGNMENT:1=1 2=1 3=1 4=1 5=0 6=0 7=0 8=1 9=0 10=1 11=1 12=0 13=1 14=1 15=0 16=0 17=1 18=1 19=0 20=0 21=1 22=1 23=1 24=0 25=0 26=1 27=0 28=0 29=1 30=1 31=0 32=0 33=1 34=0 35=0 36=1 37=0 38=1 39=1 40=0 41=0 42=1 43=1 44=0 45=0 46=1 47=0 48=0 49=1 50=0 

===== aim-50-3_4-yes1-4.cnf =====
RESULT:UNSAT

===== aim-50-6_0-yes1-1.cnf =====
RESULT:SAT
ASSIGNMENT:1=1 2=0 3=0 4=0 5=1 6=0 7=1 8=1 9=0 10=1 11=1 12=0 13=0 14=0 15=0 16=1 17=1 18=1 19=0 20=1 21=0 22=0 23=0 24=0 25=1 26=0 27=0 28=0 29=0 30=0 31=1 32=1 33=1 34=1 35=1 36=1 37=0 38=0 39=0 40=0 41=0 42=1 43=1 44=1 45=0 46=1 47=0 48=0 49=1 50=1 

===== aim-50-6_0-yes1-2.cnf =====
RESULT:UNSAT

===== aim-50-6_0-yes1-3.cnf =====
RESULT:UNSAT

===== aim-50-6_0-yes1-4.cnf =====
RESULT:UNSAT

