===== uf20-01.cnf =====
RESULT:UNSAT

===== uf20-010.cnf =====
RESULT:SAT
ASSIGNMENT:1=1 2=0 3=1 4=1 5=1 6=1 7=0 8=1 9=1 10=0 11=0 12=1 13=1 14=1 15=1 16=0 17=0 18=0 19=1 20=1 

===== uf20-0100.cnf =====
RESULT:UNSAT

===== uf20-01000.cnf =====
RESULT:UNSAT

===== uf20-0101.cnf =====
RESULT:UNSAT

===== uf20-0102.cnf =====
RESULT:UNSAT

===== uf20-0103.cnf =====
RESULT:UNSAT

===== uf20-0104.cnf =====


===== uf20-0105.cnf =====
RESULT:UNSAT

===== uf20-0106.cnf =====
RESULT:UNSAT

===== uf20-0107.cnf =====
RESULT:UNSAT

===== uf20-0108.cnf =====
RESULT:UNSAT

===== uf20-0109.cnf =====
RESULT:UNSAT

===== uf20-011.cnf =====
RESULT:SAT
ASSIGNMENT:1=0 2=1 3=1 4=1 5=0 6=1 7=0 8=0 9=0 10=0 11=0 12=1 13=0 14=1 15=0 16=1 17=1 18=0 19=1 20=0 

===== uf20-0110.cnf =====
RESULT:SAT
ASSIGNMENT:1=1 2=0 3=1 4=1 5=1 6=1 7=1 8=1 9=1 10=0 11=1 12=0 13=1 14=1 15=1 16=1 17=1 18=1 19=0 20=0 

===== uf20-0111.cnf =====
RESULT:SAT
ASSIGNMENT:1=1 2=1 3=1 4=1 5=1 6=1 7=1 8=1 9=1 10=0 11=0 12=1 13=0 14=1 15=1 16=0 17=0 18=0 19=0 20=0 

===== uf20-0112.cnf =====
RESULT:UNSAT

===== uf20-0113.cnf =====
RESULT:UNSAT

===== uf20-0114.cnf =====
RESULT:UNSAT

===== uf20-0115.cnf =====
RESULT:UNSAT

===== uf20-0116.cnf =====
RESULT:UNSAT

===== uf20-0117.cnf =====
RESULT:UNSAT

===== uf20-0118.cnf =====
RESULT:UNSAT

===== uf20-0119.cnf =====
RESULT:SAT
ASSIGNMENT:1=1 2=0 3=1 4=0 5=1 6=1 7=1 8=0 9=0 10=0 11=0 12=0 13=0 14=1 15=0 16=1 17=0 18=1 19=0 20=0 

===== uf20-012.cnf =====
RESULT:SAT
ASSIGNMENT:1=1 2=1 3=0 4=1 5=0 6=1 7=0 8=1 9=1 10=0 11=0 12=1 13=1 14=1 15=0 16=0 17=1 18=0 19=1 20=0 

===== uf20-0120.cnf =====
RESULT:SAT
ASSIGNMENT:1=1 2=0 3=1 4=1 5=1 6=1 7=1 8=0 9=0 10=1 11=1 12=1 13=0 14=0 15=1 16=1 17=1 18=1 19=0 20=0 

===== uf20-0121.cnf =====
RESULT:SAT
ASSIGNMENT:1=1 2=1 3=1 4=1 5=0 6=1 7=1 8=1 9=0 10=0 11=1 12=0 13=0 14=0 15=0 16=0 17=1 18=0 19=1 20=1 

===== uf20-0122.cnf =====
RESULT:SAT
ASSIGNMENT:1=1 2=1 3=1 4=1 5=1 6=1 7=1 8=1 9=1 10=1 11=0 12=1 13=0 14=1 15=0 16=0 17=1 18=1 19=1 20=0 

===== uf20-0123.cnf =====
RESULT:UNSAT

===== uf20-0124.cnf =====
RESULT:SAT
ASSIGNMENT:1=1 2=1 3=1 4=1 5=1 6=1 7=1 8=0 9=1 10=1 11=1 12=1 13=1 14=1 15=0 16=0 17=0 18=0 19=0 20=0 

===== uf20-0125.cnf =====
RESULT:SAT
ASSIGNMENT:1=1 2=1 3=1 4=1 5=1 6=1 7=1 8=0 9=0 10=1 11=1 12=1 13=1 14=1 15=0 16=0 17=1 18=0 19=1 20=1 

===== uf20-0126.cnf =====
RESULT:SAT
ASSIGNMENT:1=0 2=1 3=1 4=1 5=1 6=0 7=0 8=1 9=0 10=0 11=0 12=0 13=0 14=0 15=0 16=0 17=1 18=0 19=0 20=1 

===== uf20-0127.cnf =====
RESULT:UNSAT

===== uf20-0128.cnf =====
RESULT:UNSAT

===== uf20-0129.cnf =====
RESULT:UNSAT

===== uf20-013.cnf =====
RESULT:UNSAT

===== uf20-0130.cnf =====
RESULT:UNSAT

===== uf20-0131.cnf =====
RESULT:SAT
ASSIGNMENT:1=1 2=1 3=1 4=1 5=1 6=1 7=0 8=0 9=1 10=1 11=0 12=1 13=1 14=0 15=0 16=1 17=0 18=1 19=0 20=1 

===== uf20-0132.cnf =====
RESULT:UNSAT

===== uf20-0133.cnf =====
RESULT:UNSAT

===== uf20-0134.cnf =====
RESULT:UNSAT

===== uf20-0135.cnf =====
RESULT:UNSAT

===== uf20-0136.cnf =====
RESULT:SAT
ASSIGNMENT:1=1 2=0 3=1 4=0 5=0 6=1 7=1 8=0 9=1 10=1 11=1 12=0 13=1 14=0 15=1 16=1 17=1 18=0 19=1 20=1 

===== uf20-0137.cnf =====
RESULT:SAT
ASSIGNMENT:1=0 2=1 3=0 4=1 5=0 6=0 7=0 8=0 9=0 10=1 11=0 12=0 13=0 14=0 15=0 16=0 17=0 18=1 19=0 20=0 

===== uf20-0138.cnf =====
RESULT:UNSAT

===== uf20-0139.cnf =====
RESULT:SAT
ASSIGNMENT:1=0 2=1 3=1 4=0 5=0 6=1 7=1 8=0 9=0 10=0 11=0 12=0 13=0 14=0 15=0 16=1 17=0 18=1 19=1 20=0 

===== uf20-014.cnf =====
RESULT:SAT
ASSIGNMENT:1=1 2=1 3=1 4=1 5=1 6=1 7=0 8=0 9=0 10=1 11=1 12=1 13=1 14=0 15=0 16=0 17=0 18=1 19=0 20=0 

===== uf20-0140.cnf =====
RESULT:SAT
ASSIGNMENT:1=1 2=1 3=1 4=0 5=1 6=0 7=1 8=1 9=1 10=0 11=0 12=1 13=1 14=0 15=0 16=1 17=1 18=1 19=0 20=0 

===== uf20-0141.cnf =====
RESULT:UNSAT

===== uf20-0142.cnf =====


===== uf20-0143.cnf =====
RESULT:SAT
ASSIGNMENT:1=1 2=1 3=1 4=0 5=1 6=1 7=1 8=1 9=0 10=1 11=1 12=0 13=0 14=1 15=0 16=1 17=1 18=0 19=0 20=0 

===== uf20-0144.cnf =====
RESULT:SAT
ASSIGNMENT:1=1 2=0 3=1 4=0 5=0 6=0 7=0 8=0 9=1 10=0 11=0 12=1 13=0 14=0 15=0 16=0 17=0 18=1 19=0 20=0 

===== uf20-0145.cnf =====
RESULT:UNSAT

===== uf20-0146.cnf =====
RESULT:UNSAT

===== uf20-0147.cnf =====
RESULT:SAT
ASSIGNMENT:1=1 2=1 3=1 4=0 5=1 6=0 7=1 8=1 9=0 10=1 11=0 12=0 13=1 14=0 15=1 16=1 17=0 18=1 19=0 20=0 

===== uf20-0148.cnf =====
RESULT:UNSAT

===== uf20-0149.cnf =====
RESULT:UNSAT

===== uf20-015.cnf =====
RESULT:SAT
ASSIGNMENT:1=0 2=0 3=0 4=1 5=1 6=1 7=1 8=0 9=1 10=1 11=1 12=0 13=1 14=1 15=1 16=1 17=0 18=1 19=0 20=0 

===== uf20-0150.cnf =====
RESULT:SAT
ASSIGNMENT:1=1 2=1 3=1 4=1 5=0 6=0 7=0 8=1 9=0 10=0 11=0 12=0 13=0 14=1 15=1 16=1 17=0 18=0 19=1 20=0 

===== uf20-0151.cnf =====
RESULT:SAT
ASSIGNMENT:1=1 2=1 3=1 4=1 5=0 6=1 7=1 8=1 9=0 10=1 11=0 12=1 13=1 14=0 15=0 16=1 17=1 18=1 19=0 20=1 

===== uf20-0152.cnf =====
RESULT:SAT
ASSIGNMENT:1=0 2=1 3=1 4=1 5=1 6=1 7=1 8=0 9=0 10=0 11=0 12=0 13=0 14=0 15=1 16=0 17=1 18=1 19=1 20=0 

===== uf20-0153.cnf =====
RESULT:SAT
ASSIGNMENT:1=0 2=1 3=0 4=0 5=1 6=1 7=1 8=1 9=1 10=1 11=0 12=0 13=1 14=1 15=1 16=0 17=1 18=1 19=0 20=0 

===== uf20-0154.cnf =====
RESULT:UNSAT

===== uf20-0155.cnf =====
RESULT:SAT
ASSIGNMENT:1=0 2=0 3=1 4=0 5=1 6=0 7=0 8=1 9=1 10=1 11=1 12=0 13=1 14=0 15=1 16=1 17=0 18=1 19=0 20=1 

===== uf20-0156.cnf =====
RESULT:SAT
ASSIGNMENT:1=1 2=1 3=0 4=1 5=0 6=0 7=0 8=1 9=1 10=0 11=0 12=1 13=1 14=0 15=0 16=1 17=0 18=0 19=0 20=0 

===== uf20-0157.cnf =====
RESULT:UNSAT

===== uf20-0158.cnf =====
RESULT:SAT
ASSIGNMENT:1=0 2=1 3=0 4=0 5=1 6=0 7=0 8=0 9=1 10=0 11=0 12=1 13=1 14=0 15=0 16=1 17=1 18=0 19=1 20=0 

===== uf20-0159.cnf =====
RESULT:UNSAT

===== uf20-016.cnf =====
RESULT:UNSAT

===== uf20-0160.cnf =====
RESULT:UNSAT

===== uf20-0161.cnf =====
RESULT:SAT
ASSIGNMENT:1=1 2=1 3=0 4=1 5=1 6=1 7=1 8=1 9=0 10=0 11=0 12=1 13=1 14=1 15=0 16=1 17=0 18=0 19=0 20=0 

===== uf20-0162.cnf =====
RESULT:UNSAT

===== uf20-0163.cnf =====
RESULT:UNSAT

===== uf20-0164.cnf =====
RESULT:SAT
ASSIGNMENT:1=1 2=0 3=1 4=1 5=0 6=1 7=1 8=1 9=1 10=1 11=1 12=0 13=1 14=0 15=0 16=0 17=1 18=0 19=1 20=0 

===== uf20-0165.cnf =====
RESULT:SAT
ASSIGNMENT:1=1 2=1 3=1 4=1 5=1 6=0 7=0 8=1 9=1 10=1 11=0 12=0 13=1 14=1 15=0 16=0 17=1 18=1 19=1 20=1 

===== uf20-0166.cnf =====
RESULT:SAT
ASSIGNMENT:1=1 2=1 3=1 4=1 5=0 6=1 7=1 8=0 9=0 10=1 11=0 12=0 13=0 14=0 15=0 16=1 17=1 18=1 19=1 20=1 

===== uf20-0167.cnf =====
RESULT:UNSAT

===== uf20-0168.cnf =====
RESULT:SAT
ASSIGNMENT:1=1 2=0 3=1 4=0 5=1 6=1 7=1 8=0 9=0 10=0 11=1 12=0 13=0 14=1 15=1 16=1 17=1 18=0 19=0 20=0 

===== uf20-0169.cnf =====
RESULT:UNSAT

===== uf20-017.cnf =====
RESULT:SAT
ASSIGNMENT:1=1 2=1 3=0 4=1 5=0 6=1 7=1 8=1 9=1 10=1 11=0 12=1 13=1 14=0 15=1 16=0 17=1 18=0 19=1 20=1 

===== uf20-0170.cnf =====
RESULT:UNSAT

===== uf20-0171.cnf =====
RESULT:UNSAT

===== uf20-0172.cnf =====
RESULT:UNSAT

===== uf20-0173.cnf =====
RESULT:SAT
ASSIGNMENT:1=0 2=0 3=1 4=0 5=0 6=0 7=0 8=0 9=1 10=1 11=0 12=1 13=0 14=1 15=0 16=1 17=0 18=1 19=0 20=0 

===== uf20-0174.cnf =====
RESULT:SAT
ASSIGNMENT:1=1 2=0 3=1 4=1 5=1 6=1 7=0 8=1 9=0 10=0 11=0 12=1 13=1 14=0 15=0 16=0 17=1 18=1 19=1 20=1 

===== uf20-0175.cnf =====
RESULT:UNSAT

===== uf20-0176.cnf =====
RESULT:SAT
ASSIGNMENT:1=0 2=0 3=0 4=1 5=0 6=1 7=0 8=0 9=0 10=0 11=0 12=1 13=0 14=0 15=0 16=0 17=1 18=1 19=0 20=1 

===== uf20-0177.cnf =====
RESULT:UNSAT

===== uf20-0178.cnf =====
RESULT:UNSAT

===== uf20-0179.cnf =====
RESULT:UNSAT

===== uf20-018.cnf =====
RESULT:UNSAT

===== uf20-0180.cnf =====
RESULT:UNSAT

===== uf20-0181.cnf =====
RESULT:UNSAT

===== uf20-0182.cnf =====
RESULT:UNSAT

===== uf20-0183.cnf =====
RESULT:SAT
ASSIGNMENT:1=1 2=0 3=1 4=0 5=0 6=1 7=1 8=1 9=0 10=1 11=0 12=0 13=0 14=1 15=0 16=1 17=0 18=0 19=1 20=0 

===== uf20-0184.cnf =====
RESULT:SAT
ASSIGNMENT:1=0 2=1 3=1 4=0 5=1 6=1 7=1 8=0 9=1 10=1 11=1 12=0 13=0 14=1 15=0 16=0 17=0 18=0 19=0 20=0 

===== uf20-0185.cnf =====
RESULT:UNSAT

===== uf20-0186.cnf =====
RESULT:SAT
ASSIGNMENT:1=0 2=0 3=1 4=0 5=0 6=1 7=1 8=1 9=1 10=0 11=0 12=1 13=0 14=1 15=1 16=1 17=0 18=1 19=0 20=0 

===== uf20-0187.cnf =====
RESULT:SAT
ASSIGNMENT:1=0 2=0 3=0 4=0 5=0 6=1 7=0 8=0 9=1 10=0 11=1 12=0 13=0 14=0 15=0 16=0 17=1 18=0 19=1 20=1 

===== uf20-0188.cnf =====
RESULT:UNSAT

===== uf20-0189.cnf =====
RESULT:UNSAT

===== uf20-019.cnf =====
RESULT:UNSAT

===== uf20-0190.cnf =====
RESULT:SAT
ASSIGNMENT:1=1 2=1 3=0 4=1 5=1 6=1 7=0 8=1 9=0 10=1 11=0 12=1 13=1 14=1 15=1 16=1 17=1 18=0 19=1 20=0 

===== uf20-0191.cnf =====
RESULT:UNSAT

===== uf20-0192.cnf =====
RESULT:SAT
ASSIGNMENT:1=0 2=0 3=0 4=0 5=1 6=0 7=0 8=1 9=0 10=0 11=0 12=0 13=0 14=0 15=1 16=1 17=1 18=1 19=0 20=1 

===== uf20-0193.cnf =====
RESULT:UNSAT

===== uf20-0194.cnf =====
RESULT:SAT
ASSIGNMENT:1=1 2=0 3=0 4=0 5=0 6=0 7=0 8=0 9=1 10=0 11=0 12=0 13=1 14=0 15=1 16=1 17=0 18=1 19=1 20=1 

===== uf20-0195.cnf =====
RESULT:SAT
ASSIGNMENT:1=1 2=1 3=1 4=1 5=1 6=0 7=1 8=0 9=1 10=1 11=1 12=1 13=0 14=0 15=1 16=0 17=0 18=1 19=0 20=1 

===== uf20-0196.cnf =====
RESULT:SAT
ASSIGNMENT:1=1 2=1 3=1 4=0 5=0 6=0 7=0 8=0 9=1 10=0 11=0 12=1 13=1 14=1 15=1 16=1 17=0 18=0 19=1 20=1 

===== uf20-0197.cnf =====
RESULT:UNSAT

===== uf20-0198.cnf =====
RESULT:UNSAT

===== uf20-0199.cnf =====
RESULT:UNSAT

===== uf20-02.cnf =====
RESULT:SAT
ASSIGNMENT:1=1 2=0 3=0 4=0 5=1 6=0 7=1 8=1 9=1 10=0 11=0 12=1 13=0 14=1 15=0 16=1 17=0 18=0 19=1 20=0 

===== uf20-020.cnf =====
RESULT:SAT
ASSIGNMENT:1=1 2=1 3=0 4=1 5=0 6=1 7=0 8=0 9=0 10=0 11=1 12=0 13=0 14=0 15=1 16=0 17=1 18=1 19=0 20=1 

===== uf20-0200.cnf =====
RESULT:UNSAT

===== uf20-0201.cnf =====
RESULT:UNSAT

===== uf20-0202.cnf =====
RESULT:UNSAT

===== uf20-0203.cnf =====
RESULT:SAT
ASSIGNMENT:1=1 2=0 3=0 4=0 5=0 6=1 7=0 8=1 9=1 10=0 11=1 12=1 13=0 14=0 15=1 16=0 17=0 18=0 19=1 20=0 

===== uf20-0204.cnf =====
RESULT:UNSAT

===== uf20-0205.cnf =====
RESULT:UNSAT

===== uf20-0206.cnf =====
RESULT:SAT
ASSIGNMENT:1=1 2=1 3=1 4=1 5=1 6=1 7=1 8=0 9=0 10=1 11=1 12=1 13=1 14=0 15=1 16=0 17=1 18=1 19=0 20=0 

===== uf20-0207.cnf =====
RESULT:UNSAT

===== uf20-0208.cnf =====
RESULT:SAT
ASSIGNMENT:1=1 2=1 3=0 4=1 5=1 6=0 7=0 8=1 9=1 10=0 11=1 12=0 13=0 14=0 15=0 16=1 17=1 18=1 19=0 20=1 

===== uf20-0209.cnf =====
RESULT:UNSAT

===== uf20-021.cnf =====
RESULT:UNSAT

===== uf20-0210.cnf =====
RESULT:SAT
ASSIGNMENT:1=0 2=0 3=0 4=1 5=0 6=1 7=0 8=0 9=0 10=0 11=0 12=1 13=0 14=0 15=0 16=0 17=0 18=0 19=0 20=0 

===== uf20-0211.cnf =====
RESULT:SAT
ASSIGNMENT:1=1 2=1 3=0 4=0 5=0 6=0 7=1 8=1 9=0 10=0 11=1 12=1 13=1 14=0 15=1 16=1 17=1 18=0 19=1 20=1 

===== uf20-0212.cnf =====
RESULT:SAT
ASSIGNMENT:1=1 2=1 3=1 4=1 5=0 6=1 7=0 8=1 9=0 10=0 11=0 12=0 13=1 14=1 15=0 16=0 17=1 18=1 19=0 20=0 

===== uf20-0213.cnf =====
RESULT:UNSAT

===== uf20-0214.cnf =====
RESULT:UNSAT

===== uf20-0215.cnf =====
RESULT:UNSAT

===== uf20-0216.cnf =====
RESULT:UNSAT

===== uf20-0217.cnf =====
RESULT:SAT
ASSIGNMENT:1=1 2=0 3=0 4=0 5=1 6=1 7=1 8=1 9=1 10=0 11=1 12=0 13=0 14=1 15=1 16=0 17=0 18=1 19=1 20=1 

===== uf20-0218.cnf =====
RESULT:UNSAT

===== uf20-0219.cnf =====
RESULT:UNSAT

===== uf20-022.cnf =====
RESULT:UNSAT

===== uf20-0220.cnf =====
RESULT:SAT
ASSIGNMENT:1=1 2=0 3=0 4=1 5=1 6=0 7=0 8=1 9=0 10=0 11=0 12=0 13=0 14=0 15=1 16=0 17=1 18=0 19=1 20=0 

===== uf20-0221.cnf =====
RESULT:SAT
ASSIGNMENT:1=0 2=1 3=0 4=1 5=0 6=0 7=1 8=1 9=1 10=0 11=1 12=1 13=1 14=1 15=1 16=1 17=0 18=1 19=1 20=1 

===== uf20-0222.cnf =====
RESULT:UNSAT

===== uf20-0223.cnf =====
RESULT:UNSAT

===== uf20-0224.cnf =====
RESULT:UNSAT

===== uf20-0225.cnf =====
RESULT:UNSAT

===== uf20-0226.cnf =====
RESULT:SAT
ASSIGNMENT:1=1 2=1 3=1 4=1 5=1 6=0 7=0 8=1 9=1 10=0 11=0 12=0 13=0 14=0 15=1 16=0 17=1 18=0 19=0 20=0 

===== uf20-0227.cnf =====
RESULT:SAT
ASSIGNMENT:1=1 2=0 3=1 4=0 5=1 6=1 7=1 8=1 9=1 10=0 11=0 12=1 13=1 14=1 15=0 16=1 17=1 18=0 19=1 20=1 

===== uf20-0228.cnf =====
RESULT:UNSAT

===== uf20-0229.cnf =====
RESULT:UNSAT

===== uf20-023.cnf =====
RESULT:UNSAT

===== uf20-0230.cnf =====
RESULT:SAT
ASSIGNMENT:1=1 2=1 3=1 4=0 5=0 6=1 7=1 8=1 9=1 10=0 11=1 12=1 13=1 14=0 15=0 16=1 17=0 18=1 19=0 20=1 

===== uf20-0231.cnf =====
RESULT:UNSAT

===== uf20-0232.cnf =====
RESULT:SAT
ASSIGNMENT:1=1 2=0 3=0 4=1 5=1 6=0 7=1 8=1 9=0 10=1 11=1 12=0 13=1 14=0 15=0 16=1 17=0 18=1 19=1 20=0 

===== uf20-0233.cnf =====
RESULT:UNSAT

===== uf20-0234.cnf =====
RESULT:SAT
ASSIGNMENT:1=1 2=0 3=0 4=1 5=1 6=1 7=0 8=0 9=1 10=0 11=1 12=1 13=0 14=1 15=0 16=0 17=1 18=1 19=0 20=1 

===== uf20-0235.cnf =====
RESULT:SAT
ASSIGNMENT:1=1 2=1 3=1 4=1 5=1 6=0 7=1 8=1 9=0 10=1 11=1 12=1 13=1 14=1 15=0 16=0 17=0 18=1 19=1 20=1 

===== uf20-0236.cnf =====
RESULT:UNSAT

===== uf20-0237.cnf =====
RESULT:SAT
ASSIGNMENT:1=0 2=0 3=0 4=1 5=0 6=0 7=1 8=0 9=0 10=1 11=0 12=1 13=1 14=0 15=1 16=1 17=0 18=1 19=1 20=1 

===== uf20-0238.cnf =====
RESULT:SAT
ASSIGNMENT:1=1 2=1 3=1 4=0 5=0 6=0 7=0 8=1 9=1 10=1 11=0 12=0 13=0 14=0 15=1 16=0 17=0 18=0 19=0 20=0 

===== uf20-0239.cnf =====
RESULT:SAT
ASSIGNMENT:1=0 2=1 3=1 4=1 5=1 6=0 7=1 8=0 9=0 10=1 11=0 12=1 13=1 14=1 15=1 16=1 17=0 18=1 19=0 20=0 

===== uf20-024.cnf =====
RESULT:SAT
ASSIGNMENT:1=1 2=0 3=0 4=1 5=1 6=1 7=1 8=0 9=1 10=0 11=1 12=1 13=0 14=0 15=0 16=0 17=1 18=1 19=0 20=1 

===== uf20-0240.cnf =====
RESULT:UNSAT

===== uf20-0241.cnf =====
RESULT:UNSAT

===== uf20-0242.cnf =====
RESULT:SAT
ASSIGNMENT:1=1 2=1 3=1 4=0 5=0 6=1 7=1 8=0 9=0 10=0 11=0 12=1 13=1 14=1 15=0 16=1 17=0 18=0 19=0 20=0 

===== uf20-0243.cnf =====
RESULT:UNSAT

===== uf20-0244.cnf =====
RESULT:UNSAT

===== uf20-0245.cnf =====
RESULT:SAT
ASSIGNMENT:1=1 2=0 3=0 4=0 5=0 6=0 7=1 8=0 9=0 10=0 11=1 12=0 13=0 14=1 15=0 16=0 17=0 18=0 19=1 20=0 

===== uf20-0246.cnf =====
RESULT:SAT
ASSIGNMENT:1=1 2=1 3=0 4=0 5=0 6=1 7=0 8=1 9=0 10=1 11=0 12=1 13=1 14=0 15=0 16=1 17=1 18=0 19=0 20=1 

===== uf20-0247.cnf =====
RESULT:UNSAT

===== uf20-0248.cnf =====
RESULT:UNSAT

===== uf20-0249.cnf =====
RESULT:UNSAT

===== uf20-025.cnf =====
RESULT:SAT
ASSIGNMENT:1=1 2=1 3=1 4=1 5=1 6=0 7=1 8=0 9=1 10=1 11=1 12=0 13=0 14=1 15=1 16=1 17=1 18=1 19=1 20=1 

===== uf20-0250.cnf =====
RESULT:UNSAT

===== uf20-0251.cnf =====
RESULT:SAT
ASSIGNMENT:1=1 2=0 3=0 4=1 5=1 6=1 7=1 8=1 9=0 10=1 11=1 12=1 13=1 14=0 15=0 16=1 17=1 18=1 19=1 20=0 

===== uf20-0252.cnf =====
RESULT:SAT
ASSIGNMENT:1=1 2=1 3=1 4=0 5=1 6=1 7=1 8=1 9=1 10=1 11=1 12=0 13=0 14=0 15=0 16=0 17=0 18=1 19=0 20=0 

===== uf20-0253.cnf =====
RESULT:UNSAT

===== uf20-0254.cnf =====
RESULT:UNSAT

===== uf20-0255.cnf =====
RESULT:UNSAT

===== uf20-0256.cnf =====
RESULT:SAT
ASSIGNMENT:1=1 2=0 3=1 4=0 5=1 6=1 7=1 8=0 9=1 10=0 11=1 12=1 13=0 14=1 15=1 16=0 17=1 18=0 19=0 20=1 

===== uf20-0257.cnf =====
RESULT:UNSAT

===== uf20-0258.cnf =====
RESULT:SAT
ASSIGNMENT:1=1 2=1 3=0 4=1 5=0 6=0 7=1 8=1 9=0 10=0 11=0 12=0 13=0 14=0 15=0 16=1 17=1 18=1 19=0 20=0 

===== uf20-0259.cnf =====
RESULT:UNSAT

===== uf20-026.cnf =====
RESULT:UNSAT

===== uf20-0260.cnf =====
RESULT:UNSAT

===== uf20-0261.cnf =====
RESULT:UNSAT

===== uf20-0262.cnf =====
RESULT:UNSAT

===== uf20-0263.cnf =====
RESULT:UNSAT

===== uf20-0264.cnf =====
RESULT:UNSAT

===== uf20-0265.cnf =====
RESULT:SAT
ASSIGNMENT:1=1 2=1 3=1 4=1 5=1 6=1 7=1 8=0 9=1 10=0 11=1 12=1 13=1 14=1 15=1 16=0 17=1 18=1 19=0 20=1 

===== uf20-0266.cnf =====
RESULT:SAT
ASSIGNMENT:1=1 2=1 3=1 4=1 5=0 6=0 7=0 8=1 9=1 10=1 11=1 12=0 13=1 14=0 15=0 16=1 17=1 18=0 19=1 20=0 

===== uf20-0267.cnf =====
RESULT:SAT
ASSIGNMENT:1=1 2=1 3=0 4=0 5=0 6=0 7=1 8=0 9=1 10=0 11=1 12=1 13=1 14=1 15=0 16=0 17=1 18=1 19=1 20=1 

===== uf20-0268.cnf =====
RESULT:SAT
ASSIGNMENT:1=1 2=1 3=1 4=0 5=1 6=1 7=1 8=1 9=0 10=0 11=1 12=1 13=1 14=0 15=1 16=1 17=1 18=0 19=0 20=0 

===== uf20-0269.cnf =====
RESULT:SAT
ASSIGNMENT:1=1 2=0 3=0 4=1 5=1 6=1 7=0 8=0 9=0 10=0 11=0 12=1 13=0 14=0 15=0 16=1 17=1 18=0 19=0 20=0 

===== uf20-027.cnf =====
RESULT:UNSAT

===== uf20-0270.cnf =====
RESULT:UNSAT

===== uf20-0271.cnf =====
RESULT:UNSAT

===== uf20-0272.cnf =====
RESULT:SAT
ASSIGNMENT:1=1 2=1 3=1 4=0 5=0 6=0 7=1 8=0 9=1 10=0 11=1 12=1 13=0 14=0 15=1 16=0 17=0 18=0 19=0 20=1 

===== uf20-0273.cnf =====
RESULT:SAT
ASSIGNMENT:1=1 2=1 3=1 4=0 5=1 6=1 7=1 8=1 9=0 10=1 11=1 12=0 13=0 14=1 15=0 16=0 17=1 18=0 19=0 20=1 

===== uf20-0274.cnf =====
RESULT:SAT
ASSIGNMENT:1=1 2=1 3=1 4=0 5=0 6=1 7=1 8=1 9=0 10=0 11=0 12=0 13=1 14=0 15=1 16=1 17=0 18=0 19=1 20=1 

===== uf20-0275.cnf =====
RESULT:SAT
ASSIGNMENT:1=1 2=1 3=1 4=0 5=0 6=0 7=0 8=1 9=0 10=0 11=1 12=1 13=1 14=1 15=1 16=1 17=0 18=1 19=0 20=0 

===== uf20-0276.cnf =====
RESULT:UNSAT

===== uf20-0277.cnf =====
RESULT:UNSAT

===== uf20-0278.cnf =====
RESULT:SAT
ASSIGNMENT:1=0 2=0 3=0 4=0 5=0 6=0 7=0 8=0 9=0 10=0 11=0 12=1 13=0 14=1 15=1 16=0 17=0 18=0 19=0 20=0 

===== uf20-0279.cnf =====
RESULT:UNSAT

===== uf20-028.cnf =====
RESULT:SAT
ASSIGNMENT:1=1 2=0 3=0 4=1 5=1 6=0 7=1 8=0 9=1 10=1 11=0 12=0 13=1 14=0 15=0 16=0 17=0 18=0 19=0 20=1 

===== uf20-0280.cnf =====
RESULT:SAT
ASSIGNMENT:1=1 2=0 3=1 4=1 5=1 6=0 7=0 8=0 9=0 10=1 11=0 12=1 13=1 14=0 15=0 16=1 17=1 18=0 19=1 20=1 

===== uf20-0281.cnf =====
RESULT:SAT
ASSIGNMENT:1=1 2=1 3=1 4=1 5=0 6=1 7=0 8=0 9=1 10=1 11=1 12=0 13=1 14=1 15=1 16=1 17=1 18=1 19=0 20=0 

===== uf20-0282.cnf =====
RESULT:UNSAT

===== uf20-0283.cnf =====
RESULT:UNSAT

===== uf20-0284.cnf =====
RESULT:SAT
ASSIGNMENT:1=1 2=1 3=1 4=0 5=0 6=1 7=0 8=0 9=1 10=1 11=0 12=0 13=1 14=0 15=0 16=1 17=0 18=1 19=1 20=0 

===== uf20-0285.cnf =====
RESULT:UNSAT

===== uf20-0286.cnf =====
RESULT:SAT
ASSIGNMENT:1=1 2=1 3=0 4=0 5=1 6=1 7=1 8=0 9=0 10=0 11=1 12=1 13=1 14=1 15=0 16=1 17=1 18=0 19=0 20=1 

===== uf20-0287.cnf =====
RESULT:SAT
ASSIGNMENT:1=1 2=1 3=1 4=0 5=1 6=0 7=1 8=1 9=0 10=0 11=0 12=0 13=1 14=1 15=0 16=0 17=0 18=1 19=0 20=1 

===== uf20-0288.cnf =====
RESULT:UNSAT

===== uf20-0289.cnf =====
RESULT:SAT
ASSIGNMENT:1=1 2=1 3=1 4=0 5=1 6=1 7=0 8=0 9=1 10=1 11=1 12=0 13=1 14=0 15=0 16=1 17=1 18=1 19=0 20=0 

===== uf20-029.cnf =====
RESULT:UNSAT

===== uf20-0290.cnf =====
RESULT:UNSAT

===== uf20-0291.cnf =====
RESULT:SAT
ASSIGNMENT:1=1 2=1 3=1 4=0 5=1 6=1 7=1 8=0 9=0 10=1 11=1 12=1 13=0 14=1 15=1 16=1 17=1 18=1 19=0 20=1 

===== uf20-0292.cnf =====
RESULT:UNSAT

===== uf20-0293.cnf =====
RESULT:SAT
ASSIGNMENT:1=0 2=1 3=0 4=1 5=0 6=1 7=1 8=1 9=0 10=0 11=1 12=1 13=0 14=1 15=1 16=1 17=1 18=0 19=1 20=1 

===== uf20-0294.cnf =====
RESULT:UNSAT

===== uf20-0295.cnf =====
RESULT:UNSAT

===== uf20-0296.cnf =====
RESULT:SAT
ASSIGNMENT:1=0 2=0 3=0 4=1 5=0 6=1 7=0 8=0 9=0 10=1 11=1 12=1 13=0 14=0 15=0 16=1 17=1 18=1 19=1 20=1 

===== uf20-0297.cnf =====
RESULT:UNSAT

===== uf20-0298.cnf =====
RESULT:SAT
ASSIGNMENT:1=1 2=0 3=0 4=1 5=1 6=0 7=1 8=1 9=1 10=0 11=1 12=0 13=1 14=0 15=1 16=0 17=1 18=1 19=1 20=1 

===== uf20-0299.cnf =====
RESULT:SAT
ASSIGNMENT:1=1 2=0 3=0 4=1 5=0 6=1 7=0 8=0 9=0 10=0 11=0 12=0 13=1 14=1 15=1 16=1 17=0 18=0 19=0 20=1 

===== uf20-03.cnf =====
RESULT:UNSAT

===== uf20-030.cnf =====
RESULT:SAT
ASSIGNMENT:1=1 2=1 3=1 4=1 5=0 6=1 7=1 8=0 9=1 10=0 11=0 12=0 13=1 14=0 15=1 16=1 17=1 18=0 19=1 20=1 

===== uf20-0300.cnf =====
RESULT:SAT
ASSIGNMENT:1=0 2=0 3=0 4=0 5=1 6=0 7=1 8=1 9=1 10=0 11=0 12=0 13=0 14=1 15=0 16=0 17=1 18=0 19=1 20=0 

===== uf20-0301.cnf =====
RESULT:SAT
ASSIGNMENT:1=0 2=1 3=0 4=0 5=0 6=0 7=1 8=0 9=1 10=1 11=1 12=0 13=0 14=1 15=0 16=0 17=0 18=1 19=0 20=1 

===== uf20-0302.cnf =====
RESULT:UNSAT

===== uf20-0303.cnf =====
RESULT:UNSAT

===== uf20-0304.cnf =====
RESULT:SAT
ASSIGNMENT:1=1 2=0 3=0 4=1 5=0 6=1 7=1 8=0 9=1 10=0 11=0 12=1 13=1 14=1 15=1 16=0 17=1 18=1 19=0 20=0 

===== uf20-0305.cnf =====
RESULT:UNSAT

===== uf20-0306.cnf =====
RESULT:SAT
ASSIGNMENT:1=1 2=1 3=0 4=0 5=0 6=0 7=0 8=0 9=1 10=0 11=0 12=0 13=0 14=0 15=1 16=1 17=1 18=0 19=0 20=0 

===== uf20-0307.cnf =====
RESULT:SAT
ASSIGNMENT:1=1 2=1 3=1 4=0 5=0 6=0 7=1 8=0 9=1 10=0 11=1 12=0 13=1 14=0 15=1 16=1 17=0 18=0 19=1 20=1 

===== uf20-0308.cnf =====
RESULT:SAT
ASSIGNMENT:1=1 2=0 3=1 4=0 5=1 6=1 7=1 8=1 9=1 10=1 11=0 12=0 13=1 14=0 15=1 16=1 17=0 18=0 19=0 20=1 

===== uf20-0309.cnf =====
RESULT:UNSAT

===== uf20-031.cnf =====
RESULT:UNSAT

===== uf20-0310.cnf =====
RESULT:UNSAT

===== uf20-0311.cnf =====
RESULT:UNSAT

===== uf20-0312.cnf =====
RESULT:UNSAT

===== uf20-0313.cnf =====
RESULT:UNSAT

===== uf20-0314.cnf =====
RESULT:UNSAT

===== uf20-0315.cnf =====
RESULT:UNSAT

===== uf20-0316.cnf =====
RESULT:UNSAT

===== uf20-0317.cnf =====
RESULT:UNSAT

===== uf20-0318.cnf =====
RESULT:UNSAT

===== uf20-0319.cnf =====
RESULT:SAT
ASSIGNMENT:1=1 2=1 3=1 4=0 5=1 6=1 7=1 8=0 9=1 10=1 11=0 12=1 13=1 14=1 15=0 16=0 17=1 18=1 19=0 20=1 

===== uf20-032.cnf =====
RESULT:UNSAT

===== uf20-0320.cnf =====
RESULT:UNSAT

===== uf20-0321.cnf =====
RESULT:SAT
ASSIGNMENT:1=0 2=0 3=0 4=0 5=1 6=1 7=0 8=0 9=1 10=0 11=0 12=1 13=1 14=1 15=1 16=1 17=1 18=0 19=0 20=0 

===== uf20-0322.cnf =====
RESULT:SAT
ASSIGNMENT:1=0 2=1 3=1 4=0 5=1 6=1 7=0 8=1 9=1 10=1 11=1 12=0 13=0 14=1 15=0 16=1 17=0 18=1 19=0 20=0 

===== uf20-0323.cnf =====
RESULT:UNSAT

===== uf20-0324.cnf =====
RESULT:SAT
ASSIGNMENT:1=1 2=1 3=1 4=0 5=1 6=0 7=1 8=0 9=0 10=1 11=1 12=0 13=1 14=0 15=1 16=0 17=0 18=1 19=0 20=0 

===== uf20-0325.cnf =====
RESULT:SAT
ASSIGNMENT:1=0 2=1 3=0 4=0 5=1 6=0 7=1 8=1 9=1 10=1 11=0 12=1 13=1 14=0 15=1 16=0 17=0 18=1 19=1 20=1 

===== uf20-0326.cnf =====
RESULT:UNSAT

===== uf20-0327.cnf =====
RESULT:UNSAT

===== uf20-0328.cnf =====
RESULT:UNSAT

===== uf20-0329.cnf =====
RESULT:UNSAT

===== uf20-033.cnf =====
RESULT:UNSAT

===== uf20-0330.cnf =====
RESULT:UNSAT

===== uf20-0331.cnf =====
RESULT:SAT
ASSIGNMENT:1=1 2=1 3=1 4=0 5=1 6=0 7=1 8=0 9=1 10=1 11=1 12=0 13=1 14=0 15=1 16=0 17=0 18=0 19=1 20=0 

===== uf20-0332.cnf =====
RESULT:UNSAT

===== uf20-0333.cnf =====
RESULT:UNSAT

===== uf20-0334.cnf =====
RESULT:SAT
ASSIGNMENT:1=0 2=1 3=0 4=1 5=0 6=1 7=0 8=0 9=1 10=0 11=1 12=1 13=1 14=0 15=0 16=0 17=0 18=0 19=0 20=1 

===== uf20-0335.cnf =====
RESULT:UNSAT

===== uf20-0336.cnf =====
RESULT:SAT
ASSIGNMENT:1=1 2=0 3=0 4=0 5=0 6=0 7=0 8=0 9=0 10=1 11=1 12=0 13=1 14=0 15=1 16=0 17=0 18=0 19=1 20=1 

===== uf20-0337.cnf =====
RESULT:SAT
ASSIGNMENT:1=1 2=1 3=1 4=0 5=0 6=1 7=1 8=0 9=1 10=0 11=0 12=0 13=1 14=1 15=1 16=1 17=1 18=0 19=1 20=1 

===== uf20-0338.cnf =====
RESULT:SAT
ASSIGNMENT:1=1 2=1 3=0 4=1 5=1 6=1 7=1 8=0 9=1 10=1 11=0 12=0 13=0 14=0 15=0 16=0 17=1 18=0 19=0 20=0 

===== uf20-0339.cnf =====
RESULT:UNSAT

===== uf20-034.cnf =====
RESULT:SAT
ASSIGNMENT:1=1 2=1 3=0 4=0 5=0 6=0 7=0 8=1 9=0 10=1 11=0 12=1 13=1 14=0 15=1 16=1 17=0 18=0 19=1 20=0 

===== uf20-0340.cnf =====
RESULT:UNSAT

===== uf20-0341.cnf =====
RESULT:SAT
ASSIGNMENT:1=1 2=1 3=1 4=1 5=1 6=1 7=1 8=1 9=1 10=0 11=1 12=0 13=1 14=0 15=0 16=1 17=0 18=1 19=0 20=1 

===== uf20-0342.cnf =====
RESULT:UNSAT

===== uf20-0343.cnf =====
RESULT:UNSAT

===== uf20-0344.cnf =====
RESULT:SAT
ASSIGNMENT:1=1 2=1 3=1 4=1 5=1 6=0 7=0 8=0 9=1 10=1 11=1 12=1 13=1 14=0 15=0 16=0 17=1 18=0 19=0 20=1 

===== uf20-0345.cnf =====
RESULT:UNSAT

===== uf20-0346.cnf =====
RESULT:UNSAT

===== uf20-0347.cnf =====
RESULT:UNSAT

===== uf20-0348.cnf =====
RESULT:UNSAT

===== uf20-0349.cnf =====
RESULT:UNSAT

===== uf20-035.cnf =====
RESULT:SAT
ASSIGNMENT:1=1 2=1 3=1 4=0 5=1 6=1 7=0 8=0 9=0 10=1 11=1 12=0 13=0 14=0 15=0 16=1 17=1 18=1 19=1 20=0 

===== uf20-0350.cnf =====
RESULT:UNSAT

===== uf20-0351.cnf =====
RESULT:SAT
ASSIGNMENT:1=1 2=1 3=1 4=1 5=1 6=0 7=1 8=1 9=1 10=0 11=0 12=1 13=1 14=0 15=1 16=1 17=0 18=0 19=1 20=0 

===== uf20-0352.cnf =====
RESULT:SAT
ASSIGNMENT:1=0 2=1 3=0 4=1 5=1 6=1 7=0 8=1 9=0 10=0 11=0 12=1 13=0 14=0 15=1 16=1 17=1 18=0 19=0 20=1 

===== uf20-0353.cnf =====
RESULT:SAT
ASSIGNMENT:1=1 2=1 3=1 4=0 5=1 6=0 7=0 8=1 9=1 10=1 11=1 12=0 13=1 14=1 15=1 16=1 17=0 18=0 19=1 20=1 

===== uf20-0354.cnf =====
RESULT:SAT
ASSIGNMENT:1=1 2=1 3=0 4=0 5=0 6=1 7=1 8=1 9=0 10=0 11=1 12=1 13=0 14=1 15=0 16=1 17=0 18=0 19=0 20=0 

===== uf20-0355.cnf =====
RESULT:SAT
ASSIGNMENT:1=1 2=0 3=1 4=1 5=1 6=1 7=1 8=1 9=0 10=0 11=1 12=1 13=1 14=0 15=1 16=1 17=0 18=1 19=0 20=1 

===== uf20-0356.cnf =====
RESULT:SAT
ASSIGNMENT:1=1 2=1 3=0 4=0 5=1 6=1 7=1 8=1 9=0 10=0 11=0 12=0 13=0 14=0 15=0 16=1 17=0 18=1 19=0 20=0 

===== uf20-0357.cnf =====
RESULT:UNSAT

===== uf20-0358.cnf =====
RESULT:SAT
ASSIGNMENT:1=1 2=1 3=1 4=1 5=0 6=0 7=0 8=0 9=1 10=0 11=0 12=0 13=0 14=1 15=0 16=1 17=0 18=1 19=0 20=1 

===== uf20-0359.cnf =====
RESULT:SAT
ASSIGNMENT:1=1 2=1 3=1 4=1 5=0 6=0 7=1 8=1 9=0 10=1 11=0 12=1 13=1 14=0 15=0 16=1 17=0 18=0 19=1 20=0 

===== uf20-036.cnf =====
RESULT:UNSAT

===== uf20-0360.cnf =====
RESULT:SAT
ASSIGNMENT:1=1 2=1 3=1 4=1 5=0 6=1 7=0 8=0 9=1 10=1 11=1 12=0 13=0 14=0 15=0 16=1 17=1 18=0 19=1 20=1 

===== uf20-0361.cnf =====
RESULT:SAT
ASSIGNMENT:1=0 2=0 3=1 4=1 5=1 6=0 7=0 8=1 9=0 10=0 11=0 12=0 13=0 14=0 15=1 16=0 17=1 18=0 19=1 20=1 

===== uf20-0362.cnf =====
RESULT:SAT
ASSIGNMENT:1=1 2=1 3=1 4=0 5=0 6=1 7=1 8=0 9=0 10=0 11=0 12=1 13=0 14=0 15=0 16=0 17=0 18=0 19=1 20=1 

===== uf20-0363.cnf =====
RESULT:SAT
ASSIGNMENT:1=1 2=1 3=0 4=1 5=1 6=0 7=1 8=1 9=1 10=1 11=1 12=1 13=1 14=0 15=1 16=1 17=0 18=0 19=1 20=1 

===== uf20-0364.cnf =====
RESULT:SAT
ASSIGNMENT:1=1 2=1 3=1 4=0 5=1 6=1 7=0 8=1 9=0 10=1 11=0 12=0 13=1 14=0 15=1 16=0 17=1 18=0 19=0 20=0 

===== uf20-0365.cnf =====
RESULT:UNSAT

===== uf20-0366.cnf =====
RESULT:UNSAT

===== uf20-0367.cnf =====
RESULT:UNSAT

===== uf20-0368.cnf =====
RESULT:UNSAT

===== uf20-0369.cnf =====
RESULT:UNSAT

===== uf20-037.cnf =====
RESULT:UNSAT

===== uf20-0370.cnf =====
RESULT:SAT
ASSIGNMENT:1=1 2=1 3=1 4=1 5=1 6=0 7=0 8=0 9=1 10=1 11=0 12=0 13=0 14=1 15=0 16=0 17=1 18=1 19=0 20=0 

===== uf20-0371.cnf =====
RESULT:SAT
ASSIGNMENT:1=1 2=0 3=0 4=0 5=1 6=1 7=1 8=0 9=1 10=1 11=0 12=1 13=0 14=1 15=1 16=1 17=0 18=0 19=0 20=1 

===== uf20-0372.cnf =====
RESULT:UNSAT

===== uf20-0373.cnf =====
RESULT:SAT
ASSIGNMENT:1=1 2=1 3=1 4=1 5=0 6=0 7=0 8=1 9=1 10=1 11=0 12=1 13=1 14=0 15=0 16=0 17=0 18=0 19=0 20=0 

===== uf20-0374.cnf =====
RESULT:UNSAT

===== uf20-0375.cnf =====
RESULT:UNSAT

===== uf20-0376.cnf =====
RESULT:UNSAT

===== uf20-0377.cnf =====
RESULT:SAT
ASSIGNMENT:1=0 2=0 3=0 4=1 5=1 6=1 7=1 8=0 9=0 10=0 11=0 12=1 13=1 14=1 15=0 16=0 17=0 18=1 19=0 20=1 

===== uf20-0378.cnf =====
RESULT:UNSAT

===== uf20-0379.cnf =====
RESULT:UNSAT

===== uf20-038.cnf =====
RESULT:SAT
ASSIGNMENT:1=1 2=1 3=0 4=1 5=0 6=0 7=1 8=0 9=0 10=1 11=0 12=1 13=0 14=1 15=0 16=0 17=1 18=0 19=0 20=0 

===== uf20-0380.cnf =====
RESULT:SAT
ASSIGNMENT:1=1 2=0 3=0 4=1 5=0 6=0 7=0 8=1 9=0 10=0 11=0 12=0 13=0 14=0 15=0 16=1 17=0 18=0 19=0 20=0 

===== uf20-0381.cnf =====
RESULT:SAT
ASSIGNMENT:1=1 2=1 3=1 4=0 5=1 6=0 7=1 8=0 9=0 10=0 11=0 12=0 13=1 14=1 15=1 16=1 17=0 18=1 19=1 20=1 

===== uf20-0382.cnf =====
RESULT:UNSAT

===== uf20-0383.cnf =====
RESULT:UNSAT

===== uf20-0384.cnf =====
RESULT:SAT
ASSIGNMENT:1=1 2=0 3=0 4=1 5=1 6=0 7=0 8=1 9=0 10=0 11=1 12=0 13=1 14=0 15=1 16=1 17=1 18=0 19=1 20=0 

===== uf20-0385.cnf =====
RESULT:UNSAT

===== uf20-0386.cnf =====
RESULT:SAT
ASSIGNMENT:1=1 2=1 3=0 4=1 5=1 6=1 7=1 8=1 9=0 10=1 11=0 12=1 13=1 14=0 15=0 16=0 17=1 18=0 19=1 20=1 

===== uf20-0387.cnf =====
RESULT:SAT
ASSIGNMENT:1=1 2=1 3=0 4=0 5=1 6=1 7=0 8=1 9=1 10=0 11=1 12=0 13=0 14=0 15=1 16=0 17=0 18=1 19=0 20=1 

===== uf20-0388.cnf =====
RESULT:UNSAT

===== uf20-0389.cnf =====
RESULT:SAT
ASSIGNMENT:1=1 2=1 3=0 4=0 5=0 6=1 7=1 8=0 9=0 10=0 11=0 12=1 13=0 14=0 15=1 16=1 17=1 18=0 19=0 20=0 

===== uf20-039.cnf =====
RESULT:UNSAT

===== uf20-0390.cnf =====
RESULT:SAT
ASSIGNMENT:1=1 2=1 3=1 4=0 5=1 6=1 7=1 8=1 9=1 10=0 11=0 12=1 13=0 14=1 15=0 16=0 17=0 18=1 19=1 20=0 

===== uf20-0391.cnf =====
RESULT:UNSAT

===== uf20-0392.cnf =====
RESULT:SAT
ASSIGNMENT:1=0 2=0 3=0 4=0 5=0 6=0 7=1 8=0 9=1 10=0 11=1 12=0 13=1 14=1 15=1 16=0 17=1 18=0 19=1 20=1 

===== uf20-0393.cnf =====
RESULT:SAT
ASSIGNMENT:1=1 2=1 3=1 4=1 5=0 6=1 7=0 8=1 9=1 10=1 11=1 12=1 13=1 14=1 15=0 16=0 17=0 18=0 19=0 20=0 

===== uf20-0394.cnf =====
RESULT:SAT
ASSIGNMENT:1=1 2=1 3=1 4=0 5=0 6=1 7=1 8=1 9=0 10=0 11=1 12=1 13=0 14=1 15=0 16=0 17=0 18=0 19=0 20=1 

===== uf20-0395.cnf =====
RESULT:SAT
ASSIGNMENT:1=1 2=1 3=1 4=1 5=1 6=0 7=1 8=1 9=1 10=0 11=1 12=1 13=1 14=1 15=1 16=0 17=0 18=1 19=1 20=1 

===== uf20-0396.cnf =====
RESULT:UNSAT

===== uf20-0397.cnf =====
RESULT:UNSAT

===== uf20-0398.cnf =====
RESULT:UNSAT

===== uf20-0399.cnf =====
RESULT:UNSAT

===== uf20-04.cnf =====
RESULT:SAT
ASSIGNMENT:1=1 2=0 3=1 4=1 5=0 6=0 7=1 8=0 9=0 10=1 11=0 12=0 13=1 14=0 15=0 16=1 17=1 18=0 19=0 20=0 

===== uf20-040.cnf =====
RESULT:UNSAT

===== uf20-0400.cnf =====
RESULT:UNSAT

===== uf20-0401.cnf =====
RESULT:SAT
ASSIGNMENT:1=1 2=1 3=1 4=1 5=0 6=1 7=0 8=1 9=1 10=1 11=1 12=1 13=0 14=1 15=1 16=1 17=1 18=0 19=0 20=1 

===== uf20-0402.cnf =====
RESULT:SAT
ASSIGNMENT:1=0 2=0 3=0 4=0 5=0 6=0 7=1 8=0 9=0 10=0 11=0 12=0 13=1 14=1 15=0 16=0 17=0 18=0 19=0 20=1 

===== uf20-0403.cnf =====
RESULT:SAT
ASSIGNMENT:1=1 2=0 3=1 4=1 5=1 6=1 7=0 8=0 9=1 10=1 11=0 12=0 13=1 14=1 15=1 16=0 17=0 18=0 19=1 20=0 

===== uf20-0404.cnf =====
RESULT:SAT
ASSIGNMENT:1=1 2=0 3=0 4=0 5=1 6=0 7=1 8=0 9=1 10=1 11=1 12=0 13=1 14=0 15=0 16=0 17=1 18=1 19=1 20=1 

===== uf20-0405.cnf =====
RESULT:UNSAT

===== uf20-0406.cnf =====


===== uf20-0407.cnf =====
RESULT:UNSAT

===== uf20-0408.cnf =====
RESULT:UNSAT

===== uf20-0409.cnf =====
RESULT:SAT
ASSIGNMENT:1=1 2=1 3=1 4=0 5=1 6=0 7=1 8=1 9=0 10=0 11=1 12=0 13=1 14=1 15=0 16=0 17=1 18=1 19=1 20=1 

===== uf20-041.cnf =====
RESULT:UNSAT

===== uf20-0410.cnf =====
RESULT:UNSAT

===== uf20-0411.cnf =====
RESULT:UNSAT

===== uf20-0412.cnf =====
RESULT:SAT
ASSIGNMENT:1=1 2=1 3=0 4=1 5=1 6=1 7=0 8=0 9=1 10=0 11=0 12=1 13=1 14=1 15=0 16=0 17=0 18=0 19=1 20=1 

===== uf20-0413.cnf =====
RESULT:SAT
ASSIGNMENT:1=0 2=0 3=1 4=1 5=1 6=1 7=1 8=1 9=0 10=0 11=1 12=0 13=0 14=0 15=1 16=0 17=1 18=1 19=1 20=1 

===== uf20-0414.cnf =====
RESULT:UNSAT

===== uf20-0415.cnf =====


===== uf20-0416.cnf =====
RESULT:UNSAT

===== uf20-0417.cnf =====
RESULT:SAT
ASSIGNMENT:1=1 2=0 3=1 4=1 5=1 6=1 7=1 8=1 9=1 10=0 11=0 12=0 13=1 14=1 15=1 16=0 17=1 18=0 19=1 20=0 

===== uf20-0418.cnf =====
RESULT:UNSAT

===== uf20-0419.cnf =====
RESULT:UNSAT

===== uf20-042.cnf =====
RESULT:UNSAT

===== uf20-0420.cnf =====
RESULT:UNSAT

===== uf20-0421.cnf =====
RESULT:SAT
ASSIGNMENT:1=0 2=0 3=0 4=0 5=0 6=1 7=1 8=1 9=1 10=1 11=0 12=1 13=1 14=1 15=0 16=0 17=0 18=1 19=1 20=0 

===== uf20-0422.cnf =====
RESULT:SAT
ASSIGNMENT:1=1 2=1 3=1 4=1 5=0 6=1 7=1 8=1 9=1 10=1 11=0 12=1 13=1 14=0 15=1 16=1 17=1 18=0 19=0 20=1 

===== uf20-0423.cnf =====
RESULT:UNSAT

===== uf20-0424.cnf =====
RESULT:UNSAT

===== uf20-0425.cnf =====
RESULT:UNSAT

===== uf20-0426.cnf =====
RESULT:SAT
ASSIGNMENT:1=1 2=1 3=1 4=0 5=0 6=0 7=1 8=0 9=1 10=0 11=1 12=1 13=1 14=0 15=1 16=1 17=0 18=0 19=0 20=1 

===== uf20-0427.cnf =====
RESULT:SAT
ASSIGNMENT:1=1 2=1 3=1 4=0 5=0 6=0 7=1 8=1 9=1 10=1 11=0 12=1 13=0 14=1 15=0 16=0 17=0 18=0 19=1 20=1 

===== uf20-0428.cnf =====
RESULT:SAT
ASSIGNMENT:1=1 2=1 3=1 4=0 5=0 6=0 7=1 8=1 9=1 10=0 11=1 12=0 13=1 14=0 15=1 16=1 17=1 18=1 19=0 20=1 

===== uf20-0429.cnf =====
RESULT:SAT
ASSIGNMENT:1=1 2=1 3=1 4=0 5=1 6=0 7=1 8=1 9=1 10=1 11=1 12=1 13=1 14=1 15=1 16=1 17=0 18=0 19=0 20=1 

===== uf20-043.cnf =====
RESULT:UNSAT

===== uf20-0430.cnf =====
RESULT:UNSAT

===== uf20-0431.cnf =====
RESULT:SAT
ASSIGNMENT:1=1 2=1 3=1 4=1 5=1 6=0 7=0 8=1 9=0 10=1 11=0 12=0 13=0 14=0 15=0 16=1 17=1 18=0 19=1 20=1 

===== uf20-0432.cnf =====
RESULT:SAT
ASSIGNMENT:1=1 2=1 3=1 4=1 5=1 6=1 7=1 8=1 9=0 10=0 11=0 12=0 13=0 14=0 15=1 16=0 17=0 18=1 19=0 20=0 

===== uf20-0433.cnf =====
RESULT:SAT
ASSIGNMENT:1=1 2=1 3=1 4=1 5=1 6=0 7=0 8=0 9=1 10=1 11=1 12=0 13=1 14=0 15=0 16=0 17=1 18=0 19=0 20=0 

===== uf20-0434.cnf =====
RESULT:UNSAT

===== uf20-0435.cnf =====
RESULT:SAT
ASSIGNMENT:1=1 2=1 3=0 4=0 5=0 6=0 7=0 8=0 9=0 10=0 11=1 12=1 13=0 14=0 15=1 16=1 17=0 18=0 19=1 20=0 

===== uf20-0436.cnf =====
RESULT:UNSAT

===== uf20-0437.cnf =====
RESULT:SAT
ASSIGNMENT:1=1 2=0 3=1 4=1 5=1 6=1 7=1 8=1 9=1 10=1 11=1 12=1 13=0 14=0 15=0 16=0 17=0 18=1 19=0 20=1 

===== uf20-0438.cnf =====
RESULT:UNSAT

===== uf20-0439.cnf =====
RESULT:UNSAT

===== uf20-044.cnf =====
RESULT:UNSAT

===== uf20-0440.cnf =====
RESULT:SAT
ASSIGNMENT:1=1 2=1 3=0 4=0 5=0 6=0 7=1 8=0 9=0 10=1 11=0 12=0 13=1 14=0 15=1 16=0 17=1 18=0 19=1 20=0 

===== uf20-0441.cnf =====
RESULT:SAT
ASSIGNMENT:1=1 2=1 3=1 4=1 5=1 6=1 7=1 8=1 9=0 10=1 11=0 12=0 13=0 14=0 15=0 16=1 17=1 18=0 19=0 20=0 

===== uf20-0442.cnf =====
RESULT:UNSAT

===== uf20-0443.cnf =====
RESULT:SAT
ASSIGNMENT:1=1 2=1 3=0 4=0 5=0 6=0 7=1 8=0 9=0 10=1 11=0 12=1 13=0 14=0 15=1 16=0 17=1 18=1 19=0 20=1 

===== uf20-0444.cnf =====
RESULT:UNSAT

===== uf20-0445.cnf =====
RESULT:SAT
ASSIGNMENT:1=1 2=1 3=1 4=1 5=0 6=0 7=0 8=1 9=0 10=0 11=1 12=0 13=0 14=0 15=1 16=0 17=1 18=1 19=0 20=1 

===== uf20-0446.cnf =====
RESULT:SAT
ASSIGNMENT:1=1 2=1 3=0 4=1 5=1 6=1 7=0 8=1 9=1 10=0 11=1 12=0 13=1 14=1 15=0 16=1 17=0 18=0 19=0 20=0 

===== uf20-0447.cnf =====
RESULT:UNSAT

===== uf20-0448.cnf =====
RESULT:UNSAT

===== uf20-0449.cnf =====
RESULT:UNSAT

===== uf20-045.cnf =====
RESULT:SAT
ASSIGNMENT:1=1 2=1 3=0 4=0 5=1 6=1 7=0 8=1 9=1 10=0 11=0 12=1 13=0 14=1 15=0 16=0 17=1 18=1 19=0 20=1 

===== uf20-0450.cnf =====
RESULT:UNSAT

===== uf20-0451.cnf =====
RESULT:UNSAT

===== uf20-0452.cnf =====
RESULT:UNSAT

===== uf20-0453.cnf =====
RESULT:SAT
ASSIGNMENT:1=1 2=1 3=1 4=0 5=1 6=1 7=0 8=1 9=0 10=1 11=0 12=0 13=0 14=0 15=0 16=0 17=1 18=0 19=1 20=0 

===== uf20-0454.cnf =====
RESULT:SAT
ASSIGNMENT:1=1 2=1 3=0 4=0 5=1 6=1 7=0 8=1 9=0 10=0 11=1 12=1 13=1 14=1 15=0 16=1 17=0 18=1 19=0 20=0 

===== uf20-0455.cnf =====
RESULT:UNSAT

===== uf20-0456.cnf =====
RESULT:UNSAT

===== uf20-0457.cnf =====
RESULT:UNSAT

===== uf20-0458.cnf =====
RESULT:UNSAT

===== uf20-0459.cnf =====
RESULT:SAT
ASSIGNMENT:1=1 2=1 3=1 4=1 5=0 6=0 7=1 8=1 9=0 10=0 11=1 12=1 13=1 14=0 15=0 16=0 17=1 18=0 19=0 20=1 

===== uf20-046.cnf =====
RESULT:SAT
ASSIGNMENT:1=1 2=1 3=0 4=0 5=0 6=1 7=1 8=0 9=1 10=1 11=1 12=0 13=1 14=1 15=0 16=0 17=0 18=0 19=1 20=1 

===== uf20-0460.cnf =====
RESULT:SAT
ASSIGNMENT:1=1 2=1 3=1 4=1 5=1 6=1 7=1 8=0 9=0 10=0 11=1 12=1 13=1 14=0 15=1 16=0 17=1 18=1 19=0 20=1 

===== uf20-0461.cnf =====
RESULT:SAT
ASSIGNMENT:1=1 2=1 3=0 4=1 5=1 6=1 7=1 8=1 9=0 10=0 11=0 12=0 13=0 14=1 15=1 16=0 17=1 18=1 19=1 20=1 

===== uf20-0462.cnf =====
RESULT:UNSAT

===== uf20-0463.cnf =====
RESULT:UNSAT

===== uf20-0464.cnf =====
RESULT:SAT
ASSIGNMENT:1=1 2=1 3=0 4=0 5=0 6=0 7=0 8=0 9=0 10=0 11=0 12=0 13=0 14=1 15=0 16=0 17=0 18=0 19=1 20=1 

===== uf20-0465.cnf =====
RESULT:UNSAT

===== uf20-0466.cnf =====
RESULT:UNSAT

===== uf20-0467.cnf =====
RESULT:SAT
ASSIGNMENT:1=1 2=1 3=1 4=1 5=1 6=0 7=1 8=1 9=0 10=1 11=1 12=0 13=1 14=1 15=0 16=0 17=0 18=0 19=1 20=1 

===== uf20-0468.cnf =====
RESULT:UNSAT

===== uf20-0469.cnf =====
RESULT:UNSAT

===== uf20-047.cnf =====
RESULT:UNSAT

===== uf20-0470.cnf =====
RESULT:UNSAT

===== uf20-0471.cnf =====
RESULT:SAT
ASSIGNMENT:1=1 2=0 3=1 4=1 5=0 6=0 7=0 8=1 9=0 10=1 11=1 12=0 13=1 14=0 15=1 16=0 17=0 18=1 19=0 20=0 

===== uf20-0472.cnf =====
RESULT:SAT
ASSIGNMENT:1=0 2=1 3=1 4=0 5=1 6=1 7=0 8=1 9=1 10=1 11=1 12=0 13=1 14=0 15=1 16=1 17=0 18=1 19=0 20=1 

===== uf20-0473.cnf =====
RESULT:SAT
ASSIGNMENT:1=1 2=1 3=1 4=1 5=1 6=0 7=0 8=1 9=1 10=1 11=1 12=1 13=0 14=1 15=0 16=0 17=1 18=0 19=0 20=0 

===== uf20-0474.cnf =====
RESULT:UNSAT

===== uf20-0475.cnf =====
RESULT:UNSAT

===== uf20-0476.cnf =====
RESULT:UNSAT

===== uf20-0477.cnf =====
RESULT:SAT
ASSIGNMENT:1=1 2=0 3=1 4=1 5=1 6=1 7=1 8=1 9=1 10=1 11=0 12=0 13=1 14=0 15=0 16=0 17=1 18=1 19=0 20=0 

===== uf20-0478.cnf =====
RESULT:UNSAT

===== uf20-0479.cnf =====
RESULT:UNSAT

===== uf20-048.cnf =====
RESULT:UNSAT

===== uf20-0480.cnf =====
RESULT:SAT
ASSIGNMENT:1=1 2=0 3=1 4=0 5=0 6=0 7=0 8=1 9=1 10=1 11=1 12=1 13=0 14=0 15=1 16=1 17=1 18=1 19=0 20=0 

===== uf20-0481.cnf =====
RESULT:SAT
ASSIGNMENT:1=0 2=0 3=0 4=0 5=0 6=0 7=1 8=0 9=0 10=1 11=0 12=1 13=0 14=0 15=0 16=1 17=0 18=1 19=1 20=1 

===== uf20-0482.cnf =====
RESULT:UNSAT

===== uf20-0483.cnf =====
RESULT:UNSAT

===== uf20-0484.cnf =====
RESULT:UNSAT

===== uf20-0485.cnf =====
RESULT:SAT
ASSIGNMENT:1=1 2=0 3=1 4=0 5=0 6=0 7=0 8=0 9=0 10=0 11=1 12=1 13=1 14=1 15=0 16=0 17=0 18=0 19=1 20=1 

===== uf20-0486.cnf =====
RESULT:SAT
ASSIGNMENT:1=0 2=0 3=0 4=0 5=1 6=1 7=0 8=1 9=1 10=0 11=0 12=1 13=0 14=1 15=0 16=0 17=0 18=0 19=0 20=1 

===== uf20-0487.cnf =====
RESULT:SAT
ASSIGNMENT:1=0 2=1 3=1 4=1 5=1 6=0 7=0 8=1 9=0 10=1 11=1 12=1 13=1 14=0 15=1 16=0 17=1 18=1 19=0 20=1 

===== uf20-0488.cnf =====
RESULT:UNSAT

===== uf20-0489.cnf =====
RESULT:UNSAT

===== uf20-049.cnf =====
RESULT:SAT
ASSIGNMENT:1=0 2=0 3=0 4=1 5=0 6=0 7=1 8=0 9=0 10=1 11=0 12=0 13=0 14=1 15=1 16=1 17=0 18=0 19=0 20=0 

===== uf20-0490.cnf =====
RESULT:UNSAT

===== uf20-0491.cnf =====
RESULT:UNSAT

===== uf20-0492.cnf =====
RESULT:SAT
ASSIGNMENT:1=1 2=1 3=1 4=1 5=1 6=1 7=1 8=1 9=1 10=0 11=1 12=0 13=0 14=0 15=0 16=1 17=1 18=1 19=1 20=1 

===== uf20-0493.cnf =====
RESULT:UNSAT

===== uf20-0494.cnf =====
RESULT:SAT
ASSIGNMENT:1=0 2=1 3=0 4=1 5=0 6=0 7=0 8=1 9=1 10=0 11=0 12=0 13=0 14=1 15=0 16=0 17=1 18=1 19=1 20=0 

===== uf20-0495.cnf =====
RESULT:SAT
ASSIGNMENT:1=1 2=1 3=1 4=1 5=0 6=1 7=1 8=0 9=0 10=1 11=1 12=1 13=0 14=1 15=1 16=0 17=1 18=0 19=0 20=0 

===== uf20-0496.cnf =====
RESULT:UNSAT

===== uf20-0497.cnf =====
RESULT:UNSAT

===== uf20-0498.cnf =====
RESULT:SAT
ASSIGNMENT:1=1 2=1 3=1 4=0 5=1 6=1 7=0 8=0 9=0 10=0 11=1 12=0 13=1 14=1 15=1 16=1 17=1 18=0 19=0 20=0 

===== uf20-0499.cnf =====
RESULT:SAT
ASSIGNMENT:1=1 2=0 3=1 4=1 5=1 6=1 7=1 8=0 9=0 10=1 11=1 12=0 13=1 14=1 15=1 16=1 17=1 18=1 19=1 20=1 

===== uf20-05.cnf =====
RESULT:SAT
ASSIGNMENT:1=0 2=0 3=0 4=0 5=1 6=0 7=1 8=0 9=0 10=1 11=0 12=1 13=1 14=0 15=1 16=0 17=0 18=1 19=0 20=1 

===== uf20-050.cnf =====
RESULT:UNSAT

===== uf20-0500.cnf =====
RESULT:SAT
ASSIGNMENT:1=1 2=1 3=1 4=0 5=1 6=0 7=1 8=1 9=0 10=1 11=0 12=1 13=1 14=0 15=1 16=1 17=0 18=1 19=0 20=0 

===== uf20-0501.cnf =====
RESULT:SAT
ASSIGNMENT:1=1 2=1 3=1 4=1 5=0 6=0 7=1 8=1 9=0 10=0 11=0 12=1 13=1 14=1 15=0 16=1 17=0 18=1 19=0 20=1 

===== uf20-0502.cnf =====
RESULT:SAT
ASSIGNMENT:1=1 2=0 3=1 4=0 5=1 6=1 7=1 8=1 9=1 10=1 11=1 12=0 13=0 14=0 15=0 16=1 17=0 18=0 19=0 20=1 

===== uf20-0503.cnf =====
RESULT:UNSAT

===== uf20-0504.cnf =====
RESULT:UNSAT

===== uf20-0505.cnf =====
RESULT:UNSAT

===== uf20-0506.cnf =====
RESULT:UNSAT

===== uf20-0507.cnf =====
RESULT:UNSAT

===== uf20-0508.cnf =====
RESULT:SAT
ASSIGNMENT:1=0 2=0 3=0 4=0 5=0 6=0 7=0 8=1 9=0 10=0 11=0 12=0 13=0 14=0 15=0 16=0 17=0 18=1 19=1 20=1 

===== uf20-0509.cnf =====
RESULT:SAT
ASSIGNMENT:1=1 2=1 3=1 4=0 5=1 6=0 7=0 8=1 9=1 10=1 11=0 12=0 13=0 14=1 15=1 16=1 17=0 18=1 19=0 20=0 

===== uf20-051.cnf =====
RESULT:SAT
ASSIGNMENT:1=0 2=0 3=0 4=1 5=1 6=1 7=1 8=0 9=0 10=1 11=1 12=1 13=0 14=0 15=1 16=0 17=1 18=1 19=1 20=1 

===== uf20-0510.cnf =====
RESULT:SAT
ASSIGNMENT:1=1 2=1 3=0 4=0 5=0 6=1 7=1 8=0 9=1 10=0 11=1 12=1 13=1 14=1 15=1 16=1 17=1 18=0 19=0 20=1 

===== uf20-0511.cnf =====
RESULT:UNSAT

===== uf20-0512.cnf =====
RESULT:UNSAT

===== uf20-0513.cnf =====
RESULT:UNSAT

===== uf20-0514.cnf =====
RESULT:UNSAT

===== uf20-0515.cnf =====
RESULT:SAT
ASSIGNMENT:1=1 2=0 3=0 4=0 5=0 6=0 7=1 8=0 9=0 10=1 11=0 12=0 13=0 14=1 15=0 16=1 17=0 18=1 19=0 20=1 

===== uf20-0516.cnf =====
RESULT:SAT
ASSIGNMENT:1=1 2=1 3=0 4=1 5=1 6=1 7=1 8=1 9=1 10=0 11=1 12=0 13=0 14=0 15=1 16=1 17=1 18=1 19=1 20=1 

===== uf20-0517.cnf =====
RESULT:UNSAT

===== uf20-0518.cnf =====
RESULT:UNSAT

===== uf20-0519.cnf =====
RESULT:UNSAT

===== uf20-052.cnf =====
RESULT:SAT
ASSIGNMENT:1=1 2=1 3=1 4=1 5=1 6=1 7=1 8=0 9=0 10=0 11=0 12=0 13=1 14=0 15=1 16=0 17=1 18=0 19=0 20=1 

===== uf20-0520.cnf =====
RESULT:UNSAT

===== uf20-0521.cnf =====
RESULT:UNSAT

===== uf20-0522.cnf =====
RESULT:SAT
ASSIGNMENT:1=1 2=1 3=0 4=1 5=0 6=1 7=1 8=0 9=1 10=0 11=0 12=1 13=1 14=1 15=1 16=0 17=1 18=0 19=1 20=1 

===== uf20-0523.cnf =====
RESULT:SAT
ASSIGNMENT:1=1 2=1 3=1 4=0 5=1 6=1 7=1 8=0 9=0 10=1 11=0 12=1 13=0 14=1 15=1 16=0 17=1 18=0 19=0 20=0 

===== uf20-0524.cnf =====
RESULT:UNSAT

===== uf20-0525.cnf =====
RESULT:SAT
ASSIGNMENT:1=1 2=1 3=1 4=1 5=1 6=1 7=1 8=1 9=0 10=1 11=1 12=1 13=0 14=1 15=0 16=1 17=1 18=0 19=0 20=1 

===== uf20-0526.cnf =====
RESULT:UNSAT

===== uf20-0527.cnf =====
RESULT:UNSAT

===== uf20-0528.cnf =====
RESULT:UNSAT

===== uf20-0529.cnf =====
RESULT:UNSAT

===== uf20-053.cnf =====
RESULT:UNSAT

===== uf20-0530.cnf =====
RESULT:SAT
ASSIGNMENT:1=1 2=1 3=1 4=1 5=0 6=1 7=0 8=1 9=1 10=0 11=1 12=1 13=0 14=1 15=0 16=0 17=1 18=0 19=1 20=1 

===== uf20-0531.cnf =====
RESULT:SAT
ASSIGNMENT:1=1 2=1 3=1 4=1 5=0 6=1 7=0 8=0 9=0 10=1 11=0 12=0 13=0 14=1 15=1 16=1 17=0 18=1 19=1 20=1 

===== uf20-0532.cnf =====
RESULT:UNSAT

===== uf20-0533.cnf =====
RESULT:UNSAT

===== uf20-0534.cnf =====
RESULT:UNSAT

===== uf20-0535.cnf =====


===== uf20-0536.cnf =====
RESULT:UNSAT

===== uf20-0537.cnf =====
RESULT:UNSAT

===== uf20-0538.cnf =====
RESULT:SAT
ASSIGNMENT:1=1 2=1 3=1 4=1 5=0 6=1 7=1 8=0 9=0 10=0 11=0 12=0 13=0 14=0 15=0 16=0 17=0 18=1 19=1 20=0 

===== uf20-0539.cnf =====
RESULT:SAT
ASSIGNMENT:1=0 2=1 3=1 4=0 5=1 6=0 7=1 8=0 9=1 10=0 11=0 12=0 13=1 14=0 15=0 16=1 17=0 18=1 19=0 20=1 

===== uf20-054.cnf =====
RESULT:UNSAT

===== uf20-0540.cnf =====
RESULT:SAT
ASSIGNMENT:1=0 2=1 3=1 4=0 5=1 6=0 7=1 8=1 9=1 10=1 11=1 12=1 13=0 14=0 15=1 16=0 17=0 18=1 19=0 20=0 

===== uf20-0541.cnf =====
RESULT:SAT
ASSIGNMENT:1=0 2=0 3=1 4=1 5=0 6=1 7=0 8=0 9=0 10=0 11=0 12=0 13=1 14=1 15=0 16=0 17=0 18=1 19=1 20=0 

===== uf20-0542.cnf =====
RESULT:SAT
ASSIGNMENT:1=1 2=1 3=1 4=1 5=1 6=0 7=1 8=0 9=1 10=0 11=1 12=0 13=0 14=1 15=1 16=0 17=0 18=0 19=1 20=1 

===== uf20-0543.cnf =====
RESULT:SAT
ASSIGNMENT:1=0 2=0 3=1 4=0 5=0 6=1 7=1 8=1 9=0 10=1 11=1 12=1 13=1 14=1 15=1 16=1 17=1 18=0 19=0 20=0 

===== uf20-0544.cnf =====
RESULT:SAT
ASSIGNMENT:1=0 2=0 3=0 4=0 5=1 6=1 7=0 8=1 9=1 10=1 11=0 12=1 13=0 14=1 15=0 16=0 17=1 18=1 19=1 20=0 

===== uf20-0545.cnf =====
RESULT:UNSAT

===== uf20-0546.cnf =====
RESULT:UNSAT

===== uf20-0547.cnf =====
RESULT:UNSAT

===== uf20-0548.cnf =====
RESULT:UNSAT

===== uf20-0549.cnf =====


===== uf20-055.cnf =====
RESULT:SAT
ASSIGNMENT:1=1 2=0 3=1 4=1 5=0 6=0 7=0 8=1 9=1 10=1 11=1 12=0 13=0 14=1 15=1 16=1 17=0 18=0 19=1 20=1 

===== uf20-0550.cnf =====
RESULT:SAT
ASSIGNMENT:1=1 2=1 3=0 4=0 5=0 6=1 7=0 8=1 9=0 10=1 11=1 12=1 13=1 14=0 15=1 16=1 17=0 18=1 19=1 20=1 

===== uf20-0551.cnf =====
RESULT:UNSAT

===== uf20-0552.cnf =====
RESULT:UNSAT

===== uf20-0553.cnf =====
RESULT:SAT
ASSIGNMENT:1=1 2=0 3=0 4=1 5=0 6=1 7=1 8=1 9=1 10=0 11=0 12=0 13=0 14=0 15=0 16=0 17=0 18=1 19=1 20=0 

===== uf20-0554.cnf =====
RESULT:SAT
ASSIGNMENT:1=1 2=1 3=1 4=0 5=1 6=1 7=0 8=1 9=1 10=0 11=0 12=0 13=1 14=1 15=1 16=1 17=1 18=1 19=1 20=1 

===== uf20-0555.cnf =====
RESULT:SAT
ASSIGNMENT:1=1 2=1 3=0 4=1 5=0 6=1 7=0 8=0 9=0 10=1 11=0 12=0 13=0 14=0 15=0 16=1 17=1 18=1 19=0 20=1 

===== uf20-0556.cnf =====
RESULT:UNSAT

===== uf20-0557.cnf =====
RESULT:SAT
ASSIGNMENT:1=0 2=0 3=1 4=0 5=1 6=1 7=0 8=1 9=0 10=1 11=1 12=0 13=0 14=0 15=1 16=0 17=0 18=0 19=0 20=0 

===== uf20-0558.cnf =====
RESULT:UNSAT

===== uf20-0559.cnf =====
RESULT:SAT
ASSIGNMENT:1=0 2=1 3=0 4=0 5=1 6=0 7=1 8=1 9=1 10=1 11=1 12=0 13=1 14=0 15=1 16=0 17=1 18=0 19=0 20=1 

===== uf20-056.cnf =====
RESULT:UNSAT

===== uf20-0560.cnf =====
RESULT:UNSAT

===== uf20-0561.cnf =====
RESULT:UNSAT

===== uf20-0562.cnf =====
RESULT:UNSAT

===== uf20-0563.cnf =====
RESULT:SAT
ASSIGNMENT:1=1 2=0 3=1 4=1 5=1 6=0 7=0 8=0 9=0 10=1 11=0 12=1 13=1 14=0 15=1 16=1 17=1 18=0 19=1 20=0 

===== uf20-0564.cnf =====
RESULT:UNSAT

===== uf20-0565.cnf =====
RESULT:UNSAT

===== uf20-0566.cnf =====
RESULT:SAT
ASSIGNMENT:1=1 2=1 3=1 4=0 5=1 6=0 7=0 8=0 9=1 10=1 11=0 12=1 13=1 14=1 15=0 16=0 17=0 18=0 19=1 20=1 

===== uf20-0567.cnf =====
RESULT:UNSAT

===== uf20-0568.cnf =====
RESULT:UNSAT

===== uf20-0569.cnf =====
RESULT:UNSAT

===== uf20-057.cnf =====
RESULT:SAT
ASSIGNMENT:1=1 2=1 3=1 4=0 5=0 6=1 7=1 8=0 9=1 10=1 11=1 12=1 13=0 14=0 15=0 16=0 17=0 18=0 19=1 20=1 

===== uf20-0570.cnf =====
RESULT:UNSAT

===== uf20-0571.cnf =====
RESULT:UNSAT

===== uf20-0572.cnf =====
RESULT:UNSAT

===== uf20-0573.cnf =====
RESULT:SAT
ASSIGNMENT:1=1 2=1 3=0 4=0 5=1 6=1 7=1 8=1 9=1 10=1 11=1 12=1 13=1 14=1 15=0 16=0 17=1 18=0 19=1 20=0 

===== uf20-0574.cnf =====
RESULT:UNSAT

===== uf20-0575.cnf =====
RESULT:UNSAT

===== uf20-0576.cnf =====
RESULT:UNSAT

===== uf20-0577.cnf =====
RESULT:UNSAT

===== uf20-0578.cnf =====
RESULT:UNSAT

===== uf20-0579.cnf =====
RESULT:SAT
ASSIGNMENT:1=1 2=1 3=1 4=1 5=1 6=0 7=1 8=1 9=1 10=0 11=1 12=1 13=0 14=0 15=1 16=1 17=0 18=0 19=0 20=1 

===== uf20-058.cnf =====
RESULT:SAT
ASSIGNMENT:1=1 2=1 3=0 4=0 5=0 6=0 7=1 8=0 9=0 10=1 11=1 12=1 13=1 14=1 15=0 16=0 17=1 18=1 19=0 20=1 

===== uf20-0580.cnf =====
RESULT:SAT
ASSIGNMENT:1=0 2=0 3=0 4=0 5=1 6=0 7=1 8=0 9=1 10=1 11=0 12=0 13=0 14=1 15=1 16=0 17=0 18=0 19=0 20=1 

===== uf20-0581.cnf =====
RESULT:UNSAT

===== uf20-0582.cnf =====
RESULT:UNSAT

===== uf20-0583.cnf =====
RESULT:SAT
ASSIGNMENT:1=0 2=0 3=0 4=0 5=1 6=1 7=1 8=1 9=1 10=0 11=1 12=1 13=1 14=0 15=0 16=0 17=1 18=1 19=1 20=0 

===== uf20-0584.cnf =====
RESULT:UNSAT

===== uf20-0585.cnf =====
RESULT:SAT
ASSIGNMENT:1=1 2=1 3=1 4=1 5=1 6=1 7=1 8=1 9=0 10=1 11=0 12=0 13=1 14=0 15=1 16=1 17=1 18=1 19=0 20=0 

===== uf20-0586.cnf =====
RESULT:UNSAT

===== uf20-0587.cnf =====
RESULT:UNSAT

===== uf20-0588.cnf =====
RESULT:UNSAT

===== uf20-0589.cnf =====
RESULT:SAT
ASSIGNMENT:1=1 2=1 3=1 4=1 5=1 6=0 7=1 8=1 9=1 10=1 11=0 12=0 13=1 14=0 15=1 16=1 17=1 18=1 19=1 20=0 

===== uf20-059.cnf =====
RESULT:SAT
ASSIGNMENT:1=1 2=0 3=0 4=0 5=0 6=0 7=1 8=1 9=0 10=1 11=1 12=0 13=0 14=0 15=0 16=1 17=1 18=0 19=1 20=1 

===== uf20-0590.cnf =====
RESULT:UNSAT

===== uf20-0591.cnf =====
RESULT:UNSAT

===== uf20-0592.cnf =====
RESULT:SAT
ASSIGNMENT:1=1 2=0 3=0 4=1 5=1 6=1 7=0 8=0 9=1 10=0 11=1 12=1 13=0 14=1 15=0 16=0 17=0 18=0 19=1 20=1 

===== uf20-0593.cnf =====
RESULT:UNSAT

===== uf20-0594.cnf =====
RESULT:UNSAT

===== uf20-0595.cnf =====
RESULT:UNSAT

===== uf20-0596.cnf =====
RESULT:UNSAT

===== uf20-0597.cnf =====
RESULT:SAT
ASSIGNMENT:1=0 2=0 3=1 4=1 5=1 6=0 7=1 8=1 9=1 10=1 11=0 12=1 13=1 14=0 15=0 16=0 17=0 18=1 19=1 20=1 

===== uf20-0598.cnf =====
RESULT:UNSAT

===== uf20-0599.cnf =====
RESULT:UNSAT

===== uf20-06.cnf =====
RESULT:UNSAT

===== uf20-060.cnf =====
RESULT:UNSAT

===== uf20-0600.cnf =====
RESULT:UNSAT

===== uf20-0601.cnf =====
RESULT:SAT
ASSIGNMENT:1=0 2=0 3=0 4=1 5=0 6=0 7=1 8=1 9=0 10=1 11=0 12=1 13=0 14=1 15=1 16=0 17=0 18=0 19=0 20=1 

===== uf20-0602.cnf =====
RESULT:SAT
ASSIGNMENT:1=0 2=1 3=1 4=0 5=1 6=0 7=0 8=0 9=0 10=1 11=1 12=0 13=1 14=0 15=1 16=0 17=0 18=0 19=1 20=1 

===== uf20-0603.cnf =====
RESULT:SAT
ASSIGNMENT:1=0 2=0 3=0 4=0 5=0 6=0 7=0 8=1 9=0 10=1 11=0 12=1 13=0 14=1 15=0 16=0 17=0 18=0 19=0 20=1 

===== uf20-0604.cnf =====
RESULT:SAT
ASSIGNMENT:1=1 2=1 3=1 4=1 5=1 6=1 7=0 8=1 9=0 10=0 11=1 12=0 13=0 14=0 15=0 16=1 17=0 18=0 19=1 20=0 

===== uf20-0605.cnf =====
RESULT:SAT
ASSIGNMENT:1=1 2=1 3=1 4=1 5=1 6=1 7=0 8=1 9=1 10=0 11=1 12=1 13=1 14=0 15=0 16=1 17=1 18=0 19=1 20=1 

===== uf20-0606.cnf =====
RESULT:UNSAT

===== uf20-0607.cnf =====
RESULT:UNSAT

===== uf20-0608.cnf =====
RESULT:SAT
ASSIGNMENT:1=1 2=0 3=1 4=0 5=1 6=1 7=1 8=0 9=0 10=1 11=1 12=1 13=0 14=0 15=1 16=0 17=1 18=0 19=0 20=0 

===== uf20-0609.cnf =====
RESULT:UNSAT

===== uf20-061.cnf =====
RESULT:SAT
ASSIGNMENT:1=1 2=1 3=1 4=0 5=1 6=0 7=1 8=1 9=0 10=1 11=0 12=0 13=1 14=0 15=1 16=0 17=0 18=1 19=0 20=1 

===== uf20-0610.cnf =====
RESULT:SAT
ASSIGNMENT:1=1 2=1 3=0 4=0 5=1 6=1 7=0 8=1 9=1 10=0 11=1 12=1 13=0 14=0 15=0 16=1 17=0 18=0 19=1 20=1 

===== uf20-0611.cnf =====
RESULT:SAT
ASSIGNMENT:1=1 2=1 3=1 4=0 5=0 6=1 7=0 8=1 9=0 10=0 11=0 12=1 13=0 14=0 15=1 16=0 17=0 18=0 19=0 20=0 

===== uf20-0612.cnf =====
RESULT:UNSAT

===== uf20-0613.cnf =====
RESULT:UNSAT

===== uf20-0614.cnf =====
RESULT:SAT
ASSIGNMENT:1=1 2=1 3=1 4=0 5=1 6=1 7=1 8=0 9=1 10=1 11=0 12=1 13=0 14=0 15=1 16=1 17=0 18=0 19=0 20=1 

===== uf20-0615.cnf =====
RESULT:UNSAT

===== uf20-0616.cnf =====
RESULT:UNSAT

===== uf20-0617.cnf =====
RESULT:SAT
ASSIGNMENT:1=1 2=0 3=1 4=1 5=1 6=1 7=1 8=1 9=1 10=1 11=0 12=1 13=1 14=1 15=1 16=0 17=1 18=0 19=0 20=0 

===== uf20-0618.cnf =====
RESULT:SAT
ASSIGNMENT:1=0 2=1 3=0 4=1 5=0 6=0 7=0 8=1 9=1 10=0 11=0 12=0 13=1 14=0 15=0 16=0 17=1 18=1 19=1 20=0 

===== uf20-0619.cnf =====
RESULT:SAT
ASSIGNMENT:1=0 2=0 3=1 4=1 5=1 6=0 7=1 8=1 9=0 10=0 11=0 12=1 13=0 14=1 15=1 16=0 17=1 18=0 19=1 20=0 

===== uf20-062.cnf =====
RESULT:UNSAT

===== uf20-0620.cnf =====
RESULT:UNSAT

===== uf20-0621.cnf =====
RESULT:UNSAT

===== uf20-0622.cnf =====
RESULT:UNSAT

===== uf20-0623.cnf =====
RESULT:UNSAT

===== uf20-0624.cnf =====
RESULT:SAT
ASSIGNMENT:1=1 2=1 3=0 4=1 5=1 6=1 7=1 8=0 9=0 10=1 11=0 12=0 13=0 14=1 15=0 16=1 17=1 18=0 19=0 20=0 

===== uf20-0625.cnf =====
RESULT:UNSAT

===== uf20-0626.cnf =====
RESULT:UNSAT

===== uf20-0627.cnf =====
RESULT:UNSAT

===== uf20-0628.cnf =====
RESULT:UNSAT

===== uf20-0629.cnf =====
RESULT:SAT
ASSIGNMENT:1=1 2=1 3=1 4=1 5=1 6=0 7=0 8=1 9=1 10=1 11=0 12=0 13=0 14=1 15=1 16=0 17=1 18=0 19=1 20=0 

===== uf20-063.cnf =====
RESULT:UNSAT

===== uf20-0630.cnf =====
RESULT:UNSAT

===== uf20-0631.cnf =====
RESULT:UNSAT

===== uf20-0632.cnf =====
RESULT:UNSAT

===== uf20-0633.cnf =====
RESULT:SAT
ASSIGNMENT:1=1 2=0 3=0 4=1 5=0 6=0 7=1 8=1 9=1 10=1 11=0 12=1 13=0 14=0 15=1 16=0 17=0 18=0 19=1 20=1 

===== uf20-0634.cnf =====
RESULT:UNSAT

===== uf20-0635.cnf =====
RESULT:UNSAT

===== uf20-0636.cnf =====
RESULT:SAT
ASSIGNMENT:1=1 2=1 3=0 4=1 5=1 6=1 7=1 8=1 9=0 10=0 11=0 12=0 13=0 14=0 15=0 16=0 17=0 18=0 19=0 20=0 

===== uf20-0637.cnf =====
RESULT:SAT
ASSIGNMENT:1=1 2=0 3=0 4=0 5=0 6=0 7=0 8=0 9=1 10=1 11=0 12=1 13=0 14=0 15=1 16=0 17=0 18=1 19=1 20=0 

===== uf20-0638.cnf =====
RESULT:UNSAT

===== uf20-0639.cnf =====
RESULT:UNSAT

===== uf20-064.cnf =====
RESULT:SAT
ASSIGNMENT:1=1 2=0 3=1 4=1 5=0 6=0 7=0 8=1 9=1 10=0 11=1 12=1 13=1 14=1 15=0 16=1 17=1 18=0 19=1 20=1 

===== uf20-0640.cnf =====
RESULT:SAT
ASSIGNMENT:1=1 2=0 3=0 4=0 5=1 6=1 7=0 8=1 9=1 10=0 11=1 12=1 13=1 14=0 15=0 16=1 17=0 18=0 19=0 20=0 

===== uf20-0641.cnf =====
RESULT:UNSAT

===== uf20-0642.cnf =====
RESULT:UNSAT

===== uf20-0643.cnf =====
RESULT:UNSAT

===== uf20-0644.cnf =====
RESULT:UNSAT

===== uf20-0645.cnf =====
RESULT:SAT
ASSIGNMENT:1=1 2=1 3=1 4=0 5=0 6=0 7=0 8=0 9=1 10=0 11=1 12=0 13=1 14=0 15=1 16=0 17=0 18=0 19=1 20=0 

===== uf20-0646.cnf =====
RESULT:UNSAT

===== uf20-0647.cnf =====
RESULT:UNSAT

===== uf20-0648.cnf =====
RESULT:SAT
ASSIGNMENT:1=1 2=1 3=1 4=1 5=1 6=0 7=0 8=1 9=1 10=0 11=1 12=0 13=0 14=1 15=1 16=1 17=1 18=0 19=1 20=0 

===== uf20-0649.cnf =====
RESULT:UNSAT

===== uf20-065.cnf =====
RESULT:UNSAT

===== uf20-0650.cnf =====
RESULT:SAT
ASSIGNMENT:1=0 2=1 3=0 4=1 5=0 6=1 7=0 8=0 9=0 10=0 11=1 12=0 13=0 14=1 15=0 16=1 17=0 18=0 19=1 20=0 

===== uf20-0651.cnf =====
RESULT:UNSAT

===== uf20-0652.cnf =====
RESULT:UNSAT

===== uf20-0653.cnf =====
RESULT:SAT
ASSIGNMENT:1=1 2=1 3=1 4=0 5=0 6=0 7=0 8=0 9=0 10=0 11=1 12=0 13=0 14=1 15=0 16=0 17=0 18=1 19=0 20=1 

===== uf20-0654.cnf =====
RESULT:UNSAT

===== uf20-0655.cnf =====
RESULT:SAT
ASSIGNMENT:1=0 2=0 3=0 4=1 5=1 6=1 7=1 8=1 9=0 10=0 11=0 12=0 13=0 14=0 15=0 16=0 17=0 18=1 19=1 20=0 

===== uf20-0656.cnf =====
RESULT:SAT
ASSIGNMENT:1=1 2=1 3=0 4=1 5=1 6=0 7=0 8=0 9=1 10=0 11=0 12=1 13=0 14=1 15=0 16=0 17=0 18=0 19=1 20=0 

===== uf20-0657.cnf =====
RESULT:SAT
ASSIGNMENT:1=1 2=1 3=0 4=1 5=0 6=1 7=0 8=0 9=0 10=1 11=1 12=0 13=1 14=1 15=0 16=1 17=1 18=1 19=0 20=0 

===== uf20-0658.cnf =====
RESULT:SAT
ASSIGNMENT:1=1 2=0 3=1 4=1 5=1 6=1 7=0 8=0 9=0 10=1 11=1 12=0 13=0 14=0 15=1 16=0 17=1 18=1 19=0 20=1 

===== uf20-0659.cnf =====
RESULT:SAT
ASSIGNMENT:1=1 2=1 3=1 4=0 5=0 6=1 7=0 8=1 9=1 10=1 11=1 12=1 13=1 14=0 15=0 16=0 17=0 18=0 19=1 20=0 

===== uf20-066.cnf =====
RESULT:UNSAT

===== uf20-0660.cnf =====
RESULT:SAT
ASSIGNMENT:1=1 2=1 3=0 4=0 5=1 6=0 7=1 8=1 9=1 10=1 11=0 12=1 13=0 14=1 15=1 16=0 17=0 18=1 19=1 20=0 

===== uf20-0661.cnf =====
RESULT:UNSAT

===== uf20-0662.cnf =====
RESULT:SAT
ASSIGNMENT:1=1 2=1 3=0 4=1 5=1 6=1 7=0 8=1 9=1 10=0 11=0 12=0 13=0 14=1 15=1 16=0 17=0 18=1 19=1 20=0 

===== uf20-0663.cnf =====
RESULT:UNSAT

===== uf20-0664.cnf =====
RESULT:SAT
ASSIGNMENT:1=1 2=1 3=1 4=1 5=1 6=1 7=0 8=0 9=1 10=0 11=0 12=0 13=1 14=0 15=0 16=1 17=0 18=1 19=1 20=1 

===== uf20-0665.cnf =====
RESULT:SAT
ASSIGNMENT:1=0 2=0 3=0 4=1 5=1 6=0 7=0 8=1 9=1 10=0 11=1 12=1 13=0 14=1 15=0 16=0 17=1 18=0 19=1 20=0 

===== uf20-0666.cnf =====
RESULT:UNSAT

===== uf20-0667.cnf =====
RESULT:SAT
ASSIGNMENT:1=1 2=1 3=1 4=0 5=0 6=0 7=0 8=0 9=0 10=1 11=0 12=0 13=1 14=1 15=0 16=0 17=1 18=0 19=0 20=0 

===== uf20-0668.cnf =====
RESULT:UNSAT

===== uf20-0669.cnf =====
RESULT:UNSAT

===== uf20-067.cnf =====
RESULT:UNSAT

===== uf20-0670.cnf =====
RESULT:UNSAT

===== uf20-0671.cnf =====
RESULT:SAT
ASSIGNMENT:1=0 2=1 3=0 4=0 5=1 6=1 7=0 8=0 9=0 10=1 11=0 12=1 13=1 14=0 15=1 16=0 17=1 18=0 19=0 20=0 

===== uf20-0672.cnf =====
RESULT:UNSAT

===== uf20-0673.cnf =====
RESULT:SAT
ASSIGNMENT:1=0 2=1 3=0 4=1 5=1 6=1 7=0 8=0 9=0 10=1 11=1 12=0 13=0 14=1 15=0 16=1 17=0 18=0 19=1 20=1 

===== uf20-0674.cnf =====
RESULT:UNSAT

===== uf20-0675.cnf =====
RESULT:SAT
ASSIGNMENT:1=1 2=1 3=1 4=1 5=0 6=0 7=1 8=1 9=0 10=0 11=0 12=1 13=1 14=1 15=1 16=0 17=0 18=1 19=0 20=1 

===== uf20-0676.cnf =====
RESULT:UNSAT

===== uf20-0677.cnf =====
RESULT:SAT
ASSIGNMENT:1=0 2=1 3=1 4=1 5=0 6=1 7=1 8=0 9=0 10=0 11=0 12=0 13=0 14=0 15=1 16=1 17=0 18=1 19=1 20=0 

===== uf20-0678.cnf =====
RESULT:UNSAT

===== uf20-0679.cnf =====
RESULT:SAT
ASSIGNMENT:1=1 2=1 3=1 4=1 5=1 6=0 7=1 8=1 9=1 10=1 11=0 12=0 13=1 14=1 15=1 16=1 17=1 18=1 19=1 20=0 

===== uf20-068.cnf =====
RESULT:SAT
ASSIGNMENT:1=0 2=1 3=1 4=0 5=0 6=1 7=0 8=1 9=1 10=0 11=1 12=0 13=1 14=1 15=1 16=1 17=0 18=1 19=0 20=1 

===== uf20-0680.cnf =====
RESULT:UNSAT

===== uf20-0681.cnf =====
RESULT:SAT
ASSIGNMENT:1=1 2=1 3=1 4=1 5=1 6=0 7=0 8=1 9=1 10=1 11=0 12=0 13=1 14=0 15=1 16=1 17=0 18=1 19=1 20=1 

===== uf20-0682.cnf =====
RESULT:UNSAT

===== uf20-0683.cnf =====
RESULT:UNSAT

===== uf20-0684.cnf =====
RESULT:SAT
ASSIGNMENT:1=0 2=1 3=0 4=0 5=0 6=0 7=1 8=0 9=1 10=1 11=0 12=0 13=1 14=1 15=1 16=1 17=0 18=1 19=0 20=0 

===== uf20-0685.cnf =====
RESULT:UNSAT

===== uf20-0686.cnf =====
RESULT:UNSAT

===== uf20-0687.cnf =====
RESULT:UNSAT

===== uf20-0688.cnf =====
RESULT:UNSAT

===== uf20-0689.cnf =====
RESULT:SAT
ASSIGNMENT:1=0 2=1 3=1 4=0 5=1 6=1 7=0 8=0 9=1 10=1 11=1 12=1 13=0 14=1 15=0 16=1 17=0 18=0 19=0 20=0 

===== uf20-069.cnf =====
RESULT:UNSAT

===== uf20-0690.cnf =====
RESULT:SAT
ASSIGNMENT:1=1 2=1 3=1 4=0 5=0 6=0 7=1 8=0 9=1 10=0 11=0 12=0 13=0 14=0 15=0 16=1 17=0 18=1 19=1 20=1 

===== uf20-0691.cnf =====
RESULT:SAT
ASSIGNMENT:1=1 2=1 3=0 4=0 5=1 6=0 7=1 8=1 9=0 10=1 11=0 12=1 13=1 14=0 15=1 16=0 17=1 18=1 19=1 20=0 

===== uf20-0692.cnf =====
RESULT:UNSAT

===== uf20-0693.cnf =====
RESULT:UNSAT

===== uf20-0694.cnf =====
RESULT:SAT
ASSIGNMENT:1=0 2=1 3=1 4=1 5=1 6=1 7=0 8=0 9=1 10=1 11=1 12=1 13=0 14=0 15=0 16=0 17=0 18=1 19=1 20=1 

===== uf20-0695.cnf =====
RESULT:SAT
ASSIGNMENT:1=1 2=1 3=1 4=0 5=1 6=1 7=1 8=1 9=1 10=1 11=0 12=0 13=1 14=1 15=1 16=1 17=0 18=1 19=1 20=0 

===== uf20-0696.cnf =====
RESULT:SAT
ASSIGNMENT:1=1 2=1 3=1 4=1 5=1 6=1 7=0 8=1 9=1 10=0 11=0 12=1 13=0 14=0 15=0 16=0 17=0 18=1 19=0 20=0 

===== uf20-0697.cnf =====
RESULT:SAT
ASSIGNMENT:1=1 2=1 3=1 4=0 5=1 6=0 7=1 8=1 9=0 10=1 11=0 12=0 13=1 14=0 15=0 16=0 17=1 18=1 19=1 20=0 

===== uf20-0698.cnf =====
RESULT:UNSAT

===== uf20-0699.cnf =====
RESULT:UNSAT

===== uf20-07.cnf =====
RESULT:UNSAT

===== uf20-070.cnf =====
RESULT:SAT
ASSIGNMENT:1=1 2=1 3=0 4=1 5=1 6=1 7=0 8=1 9=0 10=0 11=0 12=0 13=0 14=0 15=1 16=0 17=0 18=1 19=0 20=0 

===== uf20-0700.cnf =====
RESULT:SAT
ASSIGNMENT:1=0 2=1 3=0 4=1 5=1 6=1 7=1 8=0 9=1 10=0 11=1 12=1 13=0 14=0 15=0 16=1 17=0 18=1 19=1 20=0 

===== uf20-0701.cnf =====
RESULT:SAT
ASSIGNMENT:1=1 2=1 3=1 4=1 5=0 6=0 7=1 8=1 9=1 10=0 11=0 12=1 13=1 14=0 15=0 16=0 17=0 18=0 19=0 20=0 

===== uf20-0702.cnf =====
RESULT:SAT
ASSIGNMENT:1=1 2=1 3=1 4=1 5=1 6=1 7=1 8=1 9=1 10=1 11=0 12=1 13=1 14=1 15=0 16=0 17=1 18=1 19=1 20=1 

===== uf20-0703.cnf =====
RESULT:SAT
ASSIGNMENT:1=0 2=0 3=0 4=1 5=1 6=0 7=1 8=1 9=1 10=0 11=0 12=1 13=1 14=1 15=0 16=1 17=1 18=0 19=0 20=0 

===== uf20-0704.cnf =====
RESULT:SAT
ASSIGNMENT:1=1 2=0 3=1 4=0 5=1 6=0 7=1 8=0 9=0 10=0 11=0 12=1 13=0 14=1 15=0 16=1 17=1 18=0 19=0 20=1 

===== uf20-0705.cnf =====
RESULT:UNSAT

===== uf20-0706.cnf =====
RESULT:SAT
ASSIGNMENT:1=1 2=0 3=0 4=1 5=1 6=0 7=1 8=1 9=1 10=1 11=1 12=0 13=1 14=0 15=0 16=1 17=0 18=1 19=0 20=0 

===== uf20-0707.cnf =====
RESULT:UNSAT

===== uf20-0708.cnf =====
RESULT:UNSAT

===== uf20-0709.cnf =====
RESULT:UNSAT

===== uf20-071.cnf =====
RESULT:SAT
ASSIGNMENT:1=1 2=0 3=1 4=1 5=0 6=1 7=0 8=0 9=1 10=0 11=1 12=0 13=0 14=1 15=0 16=0 17=0 18=0 19=0 20=1 

===== uf20-0710.cnf =====
RESULT:UNSAT

===== uf20-0711.cnf =====
RESULT:UNSAT

===== uf20-0712.cnf =====
RESULT:UNSAT

===== uf20-0713.cnf =====
RESULT:SAT
ASSIGNMENT:1=1 2=0 3=0 4=0 5=0 6=1 7=0 8=1 9=1 10=0 11=1 12=0 13=0 14=0 15=1 16=0 17=1 18=0 19=0 20=1 

===== uf20-0714.cnf =====
RESULT:SAT
ASSIGNMENT:1=1 2=1 3=1 4=1 5=0 6=0 7=0 8=1 9=1 10=1 11=1 12=1 13=0 14=1 15=0 16=0 17=0 18=1 19=1 20=1 

===== uf20-0715.cnf =====
RESULT:UNSAT

===== uf20-0716.cnf =====
RESULT:UNSAT

===== uf20-0717.cnf =====
RESULT:SAT
ASSIGNMENT:1=1 2=1 3=1 4=1 5=0 6=0 7=1 8=1 9=0 10=1 11=0 12=1 13=0 14=1 15=1 16=0 17=0 18=1 19=0 20=0 

===== uf20-0718.cnf =====
RESULT:UNSAT

===== uf20-0719.cnf =====
RESULT:SAT
ASSIGNMENT:1=0 2=1 3=0 4=0 5=0 6=1 7=0 8=0 9=1 10=0 11=1 12=1 13=1 14=0 15=0 16=0 17=0 18=0 19=1 20=1 

===== uf20-072.cnf =====
RESULT:UNSAT

===== uf20-0720.cnf =====
RESULT:UNSAT

===== uf20-0721.cnf =====
RESULT:UNSAT

===== uf20-0722.cnf =====
RESULT:SAT
ASSIGNMENT:1=1 2=1 3=0 4=1 5=0 6=1 7=1 8=1 9=0 10=0 11=1 12=1 13=0 14=1 15=1 16=1 17=1 18=1 19=1 20=0 

===== uf20-0723.cnf =====
RESULT:UNSAT

===== uf20-0724.cnf =====
RESULT:SAT
ASSIGNMENT:1=1 2=1 3=1 4=1 5=1 6=1 7=1 8=0 9=0 10=0 11=1 12=1 13=1 14=0 15=1 16=0 17=1 18=0 19=1 20=1 

===== uf20-0725.cnf =====
RESULT:UNSAT

===== uf20-0726.cnf =====
RESULT:UNSAT

===== uf20-0727.cnf =====
RESULT:SAT
ASSIGNMENT:1=1 2=1 3=1 4=1 5=0 6=1 7=0 8=1 9=1 10=0 11=1 12=0 13=1 14=1 15=0 16=0 17=1 18=0 19=0 20=1 

===== uf20-0728.cnf =====
RESULT:UNSAT

===== uf20-0729.cnf =====
RESULT:UNSAT

===== uf20-073.cnf =====
RESULT:UNSAT

===== uf20-0730.cnf =====
RESULT:SAT
ASSIGNMENT:1=1 2=1 3=1 4=1 5=1 6=0 7=0 8=1 9=1 10=1 11=0 12=0 13=1 14=0 15=1 16=1 17=0 18=0 19=1 20=1 

===== uf20-0731.cnf =====
RESULT:UNSAT

===== uf20-0732.cnf =====
RESULT:SAT
ASSIGNMENT:1=1 2=1 3=0 4=1 5=1 6=0 7=0 8=1 9=0 10=1 11=1 12=0 13=0 14=1 15=1 16=1 17=0 18=0 19=0 20=0 

===== uf20-0733.cnf =====
RESULT:SAT
ASSIGNMENT:1=1 2=1 3=1 4=1 5=1 6=0 7=0 8=1 9=0 10=1 11=1 12=0 13=0 14=1 15=1 16=1 17=1 18=1 19=1 20=0 

===== uf20-0734.cnf =====
RESULT:SAT
ASSIGNMENT:1=1 2=1 3=0 4=1 5=1 6=0 7=0 8=0 9=1 10=1 11=0 12=0 13=0 14=1 15=0 16=1 17=1 18=0 19=0 20=1 

===== uf20-0735.cnf =====
RESULT:SAT
ASSIGNMENT:1=1 2=1 3=1 4=1 5=0 6=0 7=0 8=0 9=0 10=1 11=0 12=0 13=0 14=0 15=0 16=0 17=0 18=0 19=1 20=0 

===== uf20-0736.cnf =====
RESULT:UNSAT

===== uf20-0737.cnf =====
RESULT:SAT
ASSIGNMENT:1=1 2=1 3=1 4=0 5=0 6=0 7=1 8=0 9=0 10=1 11=1 12=1 13=1 14=1 15=1 16=0 17=0 18=0 19=0 20=1 

===== uf20-0738.cnf =====
RESULT:SAT
ASSIGNMENT:1=1 2=1 3=0 4=0 5=0 6=1 7=1 8=0 9=0 10=1 11=1 12=0 13=0 14=0 15=0 16=0 17=0 18=0 19=0 20=1 

===== uf20-0739.cnf =====
RESULT:UNSAT

===== uf20-074.cnf =====
RESULT:UNSAT

===== uf20-0740.cnf =====
RESULT:SAT
ASSIGNMENT:1=1 2=1 3=1 4=0 5=1 6=0 7=0 8=0 9=0 10=0 11=1 12=0 13=0 14=0 15=1 16=0 17=1 18=1 19=0 20=1 

===== uf20-0741.cnf =====
RESULT:SAT
ASSIGNMENT:1=1 2=1 3=1 4=0 5=0 6=1 7=1 8=1 9=1 10=0 11=0 12=0 13=1 14=0 15=1 16=0 17=1 18=1 19=0 20=1 

===== uf20-0742.cnf =====
RESULT:UNSAT

===== uf20-0743.cnf =====
RESULT:UNSAT

===== uf20-0744.cnf =====
RESULT:UNSAT

===== uf20-0745.cnf =====
RESULT:SAT
ASSIGNMENT:1=1 2=0 3=0 4=1 5=1 6=1 7=1 8=1 9=0 10=1 11=0 12=1 13=1 14=0 15=1 16=1 17=1 18=0 19=0 20=0 

===== uf20-0746.cnf =====
RESULT:SAT
ASSIGNMENT:1=1 2=1 3=1 4=1 5=1 6=1 7=1 8=1 9=1 10=1 11=0 12=0 13=0 14=1 15=0 16=0 17=0 18=0 19=1 20=1 

===== uf20-0747.cnf =====
RESULT:UNSAT

===== uf20-0748.cnf =====
RESULT:UNSAT

===== uf20-0749.cnf =====
RESULT:UNSAT

===== uf20-075.cnf =====
RESULT:SAT
ASSIGNMENT:1=1 2=1 3=1 4=0 5=1 6=0 7=0 8=1 9=0 10=1 11=0 12=0 13=1 14=0 15=1 16=1 17=0 18=0 19=1 20=0 

===== uf20-0750.cnf =====
RESULT:UNSAT

===== uf20-0751.cnf =====
RESULT:UNSAT

===== uf20-0752.cnf =====
RESULT:SAT
ASSIGNMENT:1=1 2=0 3=1 4=0 5=1 6=0 7=1 8=1 9=0 10=1 11=1 12=0 13=0 14=0 15=0 16=1 17=0 18=0 19=0 20=0 

===== uf20-0753.cnf =====
RESULT:SAT
ASSIGNMENT:1=1 2=1 3=0 4=0 5=1 6=1 7=0 8=0 9=1 10=1 11=1 12=0 13=0 14=1 15=1 16=0 17=0 18=0 19=0 20=1 

===== uf20-0754.cnf =====
RESULT:SAT
ASSIGNMENT:1=1 2=1 3=1 4=1 5=1 6=1 7=1 8=0 9=0 10=0 11=0 12=1 13=0 14=1 15=0 16=0 17=1 18=0 19=0 20=1 

===== uf20-0755.cnf =====
RESULT:UNSAT

===== uf20-0756.cnf =====
RESULT:SAT
ASSIGNMENT:1=1 2=0 3=1 4=1 5=0 6=0 7=1 8=1 9=0 10=0 11=0 12=0 13=0 14=0 15=1 16=0 17=0 18=1 19=0 20=1 

===== uf20-0757.cnf =====
RESULT:UNSAT

===== uf20-0758.cnf =====
RESULT:SAT
ASSIGNMENT:1=1 2=1 3=1 4=1 5=0 6=0 7=1 8=1 9=0 10=1 11=0 12=1 13=1 14=0 15=1 16=1 17=1 18=0 19=0 20=1 

===== uf20-0759.cnf =====
RESULT:SAT
ASSIGNMENT:1=1 2=1 3=1 4=0 5=1 6=0 7=0 8=0 9=1 10=1 11=1 12=0 13=0 14=0 15=0 16=1 17=1 18=0 19=0 20=0 

===== uf20-076.cnf =====
RESULT:SAT
ASSIGNMENT:1=0 2=0 3=1 4=0 5=0 6=1 7=1 8=0 9=1 10=0 11=1 12=0 13=0 14=0 15=0 16=1 17=0 18=1 19=1 20=1 

===== uf20-0760.cnf =====
RESULT:SAT
ASSIGNMENT:1=1 2=0 3=1 4=1 5=1 6=0 7=0 8=0 9=0 10=0 11=1 12=1 13=0 14=0 15=1 16=1 17=0 18=1 19=0 20=1 

===== uf20-0761.cnf =====
RESULT:UNSAT

===== uf20-0762.cnf =====
RESULT:UNSAT

===== uf20-0763.cnf =====
RESULT:SAT
ASSIGNMENT:1=1 2=0 3=0 4=0 5=1 6=1 7=0 8=1 9=1 10=0 11=0 12=0 13=0 14=1 15=0 16=0 17=0 18=1 19=0 20=1 

===== uf20-0764.cnf =====
RESULT:UNSAT

===== uf20-0765.cnf =====
RESULT:UNSAT

===== uf20-0766.cnf =====
RESULT:SAT
ASSIGNMENT:1=0 2=1 3=0 4=0 5=0 6=1 7=1 8=1 9=0 10=0 11=0 12=1 13=0 14=1 15=1 16=1 17=0 18=0 19=0 20=1 

===== uf20-0767.cnf =====
RESULT:SAT
ASSIGNMENT:1=1 2=1 3=1 4=1 5=1 6=1 7=1 8=1 9=0 10=1 11=1 12=0 13=0 14=0 15=0 16=1 17=0 18=1 19=0 20=1 

===== uf20-0768.cnf =====
RESULT:UNSAT

===== uf20-0769.cnf =====
RESULT:UNSAT

===== uf20-077.cnf =====
RESULT:SAT
ASSIGNMENT:1=0 2=1 3=1 4=1 5=1 6=0 7=0 8=0 9=0 10=0 11=1 12=0 13=1 14=1 15=0 16=0 17=1 18=0 19=0 20=1 

===== uf20-0770.cnf =====
RESULT:UNSAT

===== uf20-0771.cnf =====
RESULT:UNSAT

===== uf20-0772.cnf =====
RESULT:SAT
ASSIGNMENT:1=1 2=1 3=0 4=1 5=0 6=0 7=0 8=1 9=1 10=1 11=0 12=1 13=1 14=1 15=0 16=0 17=1 18=1 19=0 20=0 

===== uf20-0773.cnf =====
RESULT:SAT
ASSIGNMENT:1=1 2=0 3=1 4=1 5=1 6=0 7=1 8=1 9=1 10=1 11=0 12=0 13=0 14=1 15=0 16=0 17=0 18=0 19=0 20=1 

===== uf20-0774.cnf =====
RESULT:SAT
ASSIGNMENT:1=1 2=0 3=0 4=1 5=0 6=0 7=0 8=1 9=1 10=0 11=0 12=1 13=1 14=0 15=1 16=1 17=0 18=0 19=0 20=1 

===== uf20-0775.cnf =====
RESULT:SAT
ASSIGNMENT:1=1 2=0 3=0 4=1 5=0 6=0 7=0 8=0 9=1 10=1 11=1 12=1 13=0 14=0 15=0 16=1 17=0 18=0 19=0 20=1 

===== uf20-0776.cnf =====
RESULT:SAT
ASSIGNMENT:1=1 2=0 3=1 4=1 5=1 6=0 7=1 8=0 9=0 10=0 11=0 12=1 13=0 14=1 15=0 16=1 17=0 18=1 19=0 20=0 

===== uf20-0777.cnf =====
RESULT:UNSAT

===== uf20-0778.cnf =====
RESULT:SAT
ASSIGNMENT:1=1 2=1 3=0 4=0 5=0 6=0 7=0 8=1 9=1 10=1 11=1 12=0 13=0 14=1 15=1 16=1 17=0 18=1 19=0 20=0 

===== uf20-0779.cnf =====
RESULT:SAT
ASSIGNMENT:1=1 2=1 3=0 4=1 5=0 6=0 7=1 8=1 9=1 10=0 11=1 12=1 13=0 14=0 15=0 16=0 17=1 18=0 19=0 20=1 

===== uf20-078.cnf =====
RESULT:UNSAT

===== uf20-0780.cnf =====
RESULT:UNSAT

===== uf20-0781.cnf =====
RESULT:UNSAT

===== uf20-0782.cnf =====
RESULT:UNSAT

===== uf20-0783.cnf =====
RESULT:UNSAT

===== uf20-0784.cnf =====
RESULT:SAT
ASSIGNMENT:1=1 2=1 3=0 4=0 5=0 6=1 7=1 8=1 9=0 10=0 11=0 12=1 13=1 14=1 15=1 16=1 17=0 18=0 19=1 20=0 

===== uf20-0785.cnf =====
RESULT:UNSAT

===== uf20-0786.cnf =====
RESULT:SAT
ASSIGNMENT:1=1 2=0 3=1 4=1 5=1 6=0 7=1 8=1 9=1 10=1 11=1 12=1 13=1 14=0 15=0 16=0 17=0 18=0 19=1 20=0 

===== uf20-0787.cnf =====
RESULT:SAT
ASSIGNMENT:1=1 2=1 3=1 4=0 5=0 6=0 7=1 8=0 9=0 10=1 11=1 12=0 13=1 14=0 15=1 16=0 17=1 18=1 19=0 20=1 

===== uf20-0788.cnf =====
RESULT:UNSAT

===== uf20-0789.cnf =====
RESULT:SAT
ASSIGNMENT:1=1 2=1 3=1 4=0 5=0 6=1 7=1 8=0 9=1 10=1 11=1 12=1 13=0 14=1 15=0 16=1 17=0 18=1 19=1 20=0 

===== uf20-079.cnf =====
RESULT:SAT
ASSIGNMENT:1=1 2=0 3=1 4=0 5=1 6=1 7=0 8=0 9=1 10=1 11=1 12=1 13=0 14=1 15=0 16=0 17=1 18=0 19=0 20=0 

===== uf20-0790.cnf =====
RESULT:SAT
ASSIGNMENT:1=1 2=1 3=0 4=0 5=1 6=0 7=1 8=1 9=1 10=1 11=0 12=0 13=1 14=1 15=0 16=1 17=0 18=0 19=0 20=1 

===== uf20-0791.cnf =====
RESULT:UNSAT

===== uf20-0792.cnf =====
RESULT:SAT
ASSIGNMENT:1=1 2=1 3=0 4=1 5=0 6=0 7=1 8=1 9=1 10=0 11=0 12=0 13=1 14=0 15=1 16=1 17=1 18=0 19=1 20=0 

===== uf20-0793.cnf =====
RESULT:SAT
ASSIGNMENT:1=0 2=1 3=1 4=0 5=1 6=0 7=0 8=1 9=1 10=1 11=1 12=1 13=1 14=0 15=1 16=0 17=0 18=0 19=0 20=0 

===== uf20-0794.cnf =====
RESULT:SAT
ASSIGNMENT:1=1 2=0 3=1 4=1 5=1 6=0 7=0 8=1 9=1 10=1 11=1 12=0 13=0 14=1 15=0 16=1 17=0 18=1 19=0 20=0 

===== uf20-0795.cnf =====
RESULT:UNSAT

===== uf20-0796.cnf =====
RESULT:SAT
ASSIGNMENT:1=0 2=0 3=1 4=0 5=1 6=1 7=0 8=1 9=0 10=0 11=0 12=1 13=0 14=0 15=0 16=0 17=1 18=1 19=1 20=1 

===== uf20-0797.cnf =====
RESULT:UNSAT

===== uf20-0798.cnf =====
RESULT:SAT
ASSIGNMENT:1=1 2=1 3=1 4=1 5=1 6=0 7=1 8=0 9=0 10=0 11=1 12=0 13=1 14=1 15=1 16=1 17=1 18=1 19=0 20=1 

===== uf20-0799.cnf =====
RESULT:SAT
ASSIGNMENT:1=1 2=1 3=1 4=0 5=1 6=0 7=0 8=0 9=1 10=0 11=0 12=0 13=1 14=1 15=1 16=1 17=1 18=0 19=1 20=0 

===== uf20-08.cnf =====
RESULT:UNSAT

===== uf20-080.cnf =====
RESULT:UNSAT

===== uf20-0800.cnf =====
RESULT:SAT
ASSIGNMENT:1=1 2=1 3=1 4=0 5=1 6=1 7=1 8=0 9=1 10=0 11=1 12=0 13=0 14=0 15=0 16=1 17=1 18=1 19=0 20=0 

===== uf20-0801.cnf =====
RESULT:SAT
ASSIGNMENT:1=1 2=1 3=1 4=0 5=1 6=1 7=1 8=1 9=1 10=0 11=1 12=0 13=0 14=1 15=1 16=0 17=1 18=0 19=1 20=0 

===== uf20-0802.cnf =====
RESULT:UNSAT

===== uf20-0803.cnf =====
RESULT:SAT
ASSIGNMENT:1=1 2=1 3=0 4=1 5=0 6=1 7=1 8=0 9=0 10=1 11=0 12=1 13=1 14=1 15=0 16=0 17=1 18=0 19=1 20=0 

===== uf20-0804.cnf =====
RESULT:SAT
ASSIGNMENT:1=1 2=1 3=1 4=1 5=1 6=0 7=1 8=1 9=0 10=1 11=0 12=1 13=0 14=1 15=0 16=0 17=1 18=0 19=0 20=1 

===== uf20-0805.cnf =====
RESULT:SAT
ASSIGNMENT:1=0 2=0 3=1 4=0 5=0 6=1 7=1 8=0 9=0 10=1 11=1 12=1 13=1 14=0 15=1 16=0 17=0 18=1 19=1 20=1 

===== uf20-0806.cnf =====
RESULT:UNSAT

===== uf20-0807.cnf =====
RESULT:SAT
ASSIGNMENT:1=0 2=1 3=1 4=1 5=1 6=0 7=1 8=0 9=0 10=0 11=1 12=0 13=1 14=1 15=1 16=1 17=0 18=1 19=1 20=1 

===== uf20-0808.cnf =====
RESULT:UNSAT

===== uf20-0809.cnf =====
RESULT:SAT
ASSIGNMENT:1=0 2=0 3=1 4=1 5=1 6=0 7=0 8=0 9=0 10=1 11=0 12=0 13=0 14=0 15=0 16=0 17=1 18=0 19=1 20=1 

===== uf20-081.cnf =====
RESULT:UNSAT

===== uf20-0810.cnf =====
RESULT:UNSAT

===== uf20-0811.cnf =====
RESULT:SAT
ASSIGNMENT:1=1 2=1 3=1 4=1 5=0 6=1 7=0 8=0 9=1 10=0 11=1 12=0 13=0 14=1 15=0 16=1 17=1 18=1 19=0 20=0 

===== uf20-0812.cnf =====
RESULT:UNSAT

===== uf20-0813.cnf =====
RESULT:UNSAT

===== uf20-0814.cnf =====
RESULT:SAT
ASSIGNMENT:1=1 2=1 3=1 4=0 5=1 6=1 7=1 8=0 9=0 10=0 11=0 12=0 13=1 14=1 15=1 16=1 17=0 18=0 19=1 20=0 

===== uf20-0815.cnf =====
RESULT:UNSAT

===== uf20-0816.cnf =====
RESULT:SAT
ASSIGNMENT:1=1 2=1 3=1 4=0 5=1 6=0 7=1 8=0 9=0 10=0 11=1 12=1 13=1 14=1 15=1 16=0 17=0 18=0 19=1 20=0 

===== uf20-0817.cnf =====
RESULT:UNSAT

===== uf20-0818.cnf =====
RESULT:SAT
ASSIGNMENT:1=1 2=0 3=1 4=0 5=0 6=1 7=0 8=0 9=0 10=0 11=1 12=0 13=1 14=0 15=1 16=1 17=0 18=0 19=1 20=0 

===== uf20-0819.cnf =====
RESULT:SAT
ASSIGNMENT:1=1 2=1 3=1 4=1 5=0 6=1 7=1 8=1 9=0 10=0 11=0 12=0 13=0 14=1 15=0 16=1 17=1 18=1 19=1 20=0 

===== uf20-082.cnf =====
RESULT:SAT
ASSIGNMENT:1=1 2=1 3=1 4=1 5=1 6=0 7=0 8=0 9=1 10=1 11=0 12=0 13=1 14=1 15=0 16=0 17=1 18=1 19=0 20=1 

===== uf20-0820.cnf =====
RESULT:SAT
ASSIGNMENT:1=1 2=1 3=1 4=1 5=0 6=0 7=1 8=1 9=1 10=0 11=1 12=1 13=0 14=0 15=1 16=0 17=0 18=0 19=1 20=0 

===== uf20-0821.cnf =====
RESULT:UNSAT

===== uf20-0822.cnf =====
RESULT:UNSAT

===== uf20-0823.cnf =====
RESULT:UNSAT

===== uf20-0824.cnf =====
RESULT:SAT
ASSIGNMENT:1=1 2=0 3=1 4=0 5=1 6=0 7=0 8=0 9=1 10=1 11=1 12=0 13=0 14=1 15=1 16=0 17=1 18=1 19=0 20=1 

===== uf20-0825.cnf =====
RESULT:UNSAT

===== uf20-0826.cnf =====
RESULT:UNSAT

===== uf20-0827.cnf =====
RESULT:UNSAT

===== uf20-0828.cnf =====
RESULT:UNSAT

===== uf20-0829.cnf =====
RESULT:UNSAT

===== uf20-083.cnf =====
RESULT:SAT
ASSIGNMENT:1=1 2=1 3=1 4=1 5=1 6=0 7=0 8=0 9=0 10=1 11=1 12=0 13=0 14=1 15=0 16=0 17=1 18=0 19=0 20=1 

===== uf20-0830.cnf =====
RESULT:UNSAT

===== uf20-0831.cnf =====
RESULT:UNSAT

===== uf20-0832.cnf =====
RESULT:UNSAT

===== uf20-0833.cnf =====
RESULT:UNSAT

===== uf20-0834.cnf =====
RESULT:SAT
ASSIGNMENT:1=0 2=0 3=1 4=0 5=0 6=0 7=1 8=1 9=1 10=0 11=0 12=0 13=0 14=0 15=0 16=1 17=1 18=0 19=0 20=0 

===== uf20-0835.cnf =====
RESULT:SAT
ASSIGNMENT:1=1 2=0 3=1 4=1 5=0 6=0 7=1 8=1 9=0 10=0 11=0 12=1 13=1 14=1 15=0 16=0 17=0 18=1 19=1 20=0 

===== uf20-0836.cnf =====
RESULT:UNSAT

===== uf20-0837.cnf =====
RESULT:UNSAT

===== uf20-0838.cnf =====
RESULT:UNSAT

===== uf20-0839.cnf =====
RESULT:UNSAT

===== uf20-084.cnf =====
RESULT:SAT
ASSIGNMENT:1=0 2=0 3=1 4=0 5=0 6=1 7=0 8=1 9=1 10=1 11=0 12=0 13=0 14=1 15=1 16=0 17=1 18=1 19=1 20=1 

===== uf20-0840.cnf =====
RESULT:UNSAT

===== uf20-0841.cnf =====
RESULT:SAT
ASSIGNMENT:1=1 2=1 3=1 4=1 5=0 6=0 7=0 8=1 9=1 10=1 11=1 12=1 13=1 14=0 15=0 16=1 17=1 18=1 19=1 20=0 

===== uf20-0842.cnf =====
RESULT:UNSAT

===== uf20-0843.cnf =====
RESULT:UNSAT

===== uf20-0844.cnf =====
RESULT:SAT
ASSIGNMENT:1=1 2=1 3=1 4=1 5=1 6=0 7=0 8=1 9=1 10=1 11=0 12=1 13=0 14=1 15=0 16=0 17=0 18=0 19=0 20=0 

===== uf20-0845.cnf =====
RESULT:SAT
ASSIGNMENT:1=1 2=0 3=0 4=0 5=1 6=0 7=0 8=0 9=1 10=0 11=1 12=0 13=0 14=0 15=1 16=1 17=0 18=1 19=0 20=1 

===== uf20-0846.cnf =====
RESULT:SAT
ASSIGNMENT:1=1 2=1 3=1 4=1 5=1 6=1 7=1 8=1 9=1 10=0 11=1 12=1 13=1 14=0 15=0 16=1 17=1 18=0 19=0 20=1 

===== uf20-0847.cnf =====
RESULT:SAT
ASSIGNMENT:1=1 2=1 3=1 4=1 5=1 6=0 7=0 8=1 9=1 10=0 11=0 12=0 13=0 14=0 15=0 16=0 17=0 18=1 19=0 20=0 

===== uf20-0848.cnf =====
RESULT:UNSAT

===== uf20-0849.cnf =====
RESULT:UNSAT

===== uf20-085.cnf =====
RESULT:UNSAT

===== uf20-0850.cnf =====
RESULT:SAT
ASSIGNMENT:1=1 2=0 3=0 4=0 5=0 6=0 7=0 8=1 9=1 10=0 11=1 12=0 13=1 14=0 15=1 16=1 17=0 18=1 19=1 20=1 

===== uf20-0851.cnf =====
RESULT:SAT
ASSIGNMENT:1=0 2=1 3=1 4=0 5=0 6=0 7=0 8=0 9=1 10=1 11=1 12=0 13=0 14=0 15=1 16=0 17=0 18=0 19=1 20=0 

===== uf20-0852.cnf =====
RESULT:SAT
ASSIGNMENT:1=1 2=1 3=1 4=0 5=1 6=0 7=1 8=0 9=0 10=0 11=0 12=1 13=0 14=1 15=0 16=1 17=1 18=0 19=0 20=0 

===== uf20-0853.cnf =====
RESULT:SAT
ASSIGNMENT:1=1 2=1 3=1 4=1 5=1 6=1 7=0 8=0 9=0 10=0 11=0 12=0 13=1 14=1 15=0 16=1 17=1 18=1 19=0 20=1 

===== uf20-0854.cnf =====
RESULT:SAT
ASSIGNMENT:1=1 2=0 3=1 4=0 5=1 6=0 7=1 8=1 9=1 10=0 11=0 12=0 13=0 14=0 15=0 16=0 17=1 18=1 19=1 20=0 

===== uf20-0855.cnf =====
RESULT:SAT
ASSIGNMENT:1=0 2=0 3=1 4=1 5=1 6=1 7=1 8=1 9=0 10=1 11=1 12=1 13=0 14=0 15=0 16=0 17=0 18=0 19=1 20=0 

===== uf20-0856.cnf =====
RESULT:SAT
ASSIGNMENT:1=0 2=0 3=1 4=1 5=1 6=0 7=1 8=0 9=0 10=1 11=1 12=1 13=1 14=0 15=1 16=0 17=0 18=0 19=1 20=0 

===== uf20-0857.cnf =====
RESULT:UNSAT

===== uf20-0858.cnf =====
RESULT:UNSAT

===== uf20-0859.cnf =====
RESULT:SAT
ASSIGNMENT:1=1 2=1 3=0 4=1 5=1 6=1 7=0 8=1 9=0 10=1 11=1 12=0 13=0 14=1 15=0 16=1 17=1 18=0 19=0 20=1 

===== uf20-086.cnf =====
RESULT:SAT
ASSIGNMENT:1=1 2=1 3=0 4=1 5=0 6=0 7=1 8=1 9=0 10=0 11=0 12=0 13=0 14=1 15=1 16=0 17=0 18=0 19=0 20=1 

===== uf20-0860.cnf =====
RESULT:SAT
ASSIGNMENT:1=1 2=0 3=0 4=1 5=0 6=1 7=1 8=0 9=0 10=1 11=0 12=1 13=0 14=1 15=0 16=1 17=0 18=0 19=0 20=1 

===== uf20-0861.cnf =====


===== uf20-0862.cnf =====
RESULT:UNSAT

===== uf20-0863.cnf =====
RESULT:UNSAT

===== uf20-0864.cnf =====
RESULT:UNSAT

===== uf20-0865.cnf =====
RESULT:SAT
ASSIGNMENT:1=1 2=1 3=1 4=1 5=0 6=0 7=0 8=0 9=0 10=0 11=0 12=1 13=0 14=0 15=1 16=1 17=0 18=1 19=0 20=0 

===== uf20-0866.cnf =====
RESULT:UNSAT

===== uf20-0867.cnf =====
RESULT:UNSAT

===== uf20-0868.cnf =====
RESULT:SAT
ASSIGNMENT:1=1 2=1 3=1 4=1 5=1 6=0 7=1 8=1 9=1 10=0 11=1 12=1 13=0 14=0 15=1 16=0 17=0 18=0 19=0 20=0 

===== uf20-0869.cnf =====
RESULT:UNSAT

===== uf20-087.cnf =====
RESULT:SAT
ASSIGNMENT:1=1 2=1 3=1 4=0 5=0 6=1 7=1 8=1 9=0 10=1 11=1 12=1 13=1 14=1 15=1 16=1 17=0 18=0 19=1 20=1 

===== uf20-0870.cnf =====
RESULT:SAT
ASSIGNMENT:1=1 2=0 3=0 4=0 5=0 6=0 7=0 8=0 9=1 10=0 11=1 12=1 13=1 14=0 15=1 16=1 17=1 18=1 19=1 20=1 

===== uf20-0871.cnf =====
RESULT:SAT
ASSIGNMENT:1=1 2=1 3=0 4=1 5=0 6=0 7=1 8=1 9=1 10=1 11=1 12=1 13=0 14=1 15=0 16=0 17=1 18=1 19=0 20=0 

===== uf20-0872.cnf =====
RESULT:UNSAT

===== uf20-0873.cnf =====
RESULT:SAT
ASSIGNMENT:1=1 2=1 3=1 4=1 5=1 6=0 7=1 8=0 9=1 10=1 11=1 12=0 13=1 14=1 15=1 16=1 17=1 18=0 19=1 20=1 

===== uf20-0874.cnf =====
RESULT:SAT
ASSIGNMENT:1=1 2=1 3=0 4=1 5=1 6=0 7=1 8=1 9=0 10=1 11=1 12=0 13=1 14=1 15=1 16=1 17=0 18=0 19=1 20=1 

===== uf20-0875.cnf =====
RESULT:UNSAT

===== uf20-0876.cnf =====
RESULT:SAT
ASSIGNMENT:1=1 2=1 3=0 4=0 5=0 6=0 7=0 8=0 9=1 10=0 11=0 12=0 13=1 14=0 15=0 16=1 17=1 18=1 19=1 20=1 

===== uf20-0877.cnf =====
RESULT:UNSAT

===== uf20-0878.cnf =====
RESULT:SAT
ASSIGNMENT:1=0 2=0 3=0 4=1 5=0 6=1 7=1 8=0 9=1 10=0 11=0 12=1 13=1 14=0 15=1 16=1 17=0 18=0 19=1 20=0 

===== uf20-0879.cnf =====
RESULT:UNSAT

===== uf20-088.cnf =====
RESULT:SAT
ASSIGNMENT:1=1 2=0 3=1 4=0 5=1 6=0 7=0 8=1 9=1 10=1 11=0 12=0 13=0 14=1 15=0 16=0 17=0 18=0 19=0 20=1 

===== uf20-0880.cnf =====
RESULT:UNSAT

===== uf20-0881.cnf =====
RESULT:SAT
ASSIGNMENT:1=1 2=1 3=1 4=1 5=0 6=1 7=1 8=0 9=1 10=0 11=1 12=1 13=1 14=0 15=1 16=1 17=1 18=1 19=1 20=1 

===== uf20-0882.cnf =====
RESULT:UNSAT

===== uf20-0883.cnf =====
RESULT:UNSAT

===== uf20-0884.cnf =====
RESULT:UNSAT

===== uf20-0885.cnf =====
RESULT:UNSAT

===== uf20-0886.cnf =====
RESULT:UNSAT

===== uf20-0887.cnf =====
RESULT:UNSAT

===== uf20-0888.cnf =====
RESULT:UNSAT

===== uf20-0889.cnf =====
RESULT:UNSAT

===== uf20-089.cnf =====
RESULT:UNSAT

===== uf20-0890.cnf =====
RESULT:SAT
ASSIGNMENT:1=1 2=1 3=1 4=0 5=0 6=0 7=0 8=0 9=0 10=0 11=1 12=1 13=1 14=0 15=0 16=0 17=1 18=1 19=1 20=0 

===== uf20-0891.cnf =====
RESULT:UNSAT

===== uf20-0892.cnf =====
RESULT:UNSAT

===== uf20-0893.cnf =====
RESULT:UNSAT

===== uf20-0894.cnf =====
RESULT:SAT
ASSIGNMENT:1=1 2=1 3=1 4=1 5=0 6=1 7=0 8=0 9=0 10=1 11=0 12=0 13=0 14=1 15=0 16=0 17=1 18=1 19=1 20=1 

===== uf20-0895.cnf =====
RESULT:UNSAT

===== uf20-0896.cnf =====
RESULT:UNSAT

===== uf20-0897.cnf =====
RESULT:SAT
ASSIGNMENT:1=1 2=1 3=1 4=1 5=1 6=0 7=1 8=1 9=0 10=0 11=1 12=0 13=1 14=1 15=1 16=0 17=0 18=1 19=1 20=0 

===== uf20-0898.cnf =====
RESULT:UNSAT

===== uf20-0899.cnf =====
RESULT:SAT
ASSIGNMENT:1=1 2=1 3=1 4=0 5=1 6=1 7=0 8=1 9=1 10=1 11=0 12=1 13=0 14=0 15=1 16=0 17=0 18=1 19=1 20=1 

===== uf20-09.cnf =====
RESULT:SAT
ASSIGNMENT:1=0 2=1 3=1 4=0 5=0 6=1 7=0 8=1 9=0 10=1 11=1 12=1 13=1 14=0 15=1 16=1 17=1 18=0 19=0 20=0 

===== uf20-090.cnf =====
RESULT:SAT
ASSIGNMENT:1=0 2=1 3=0 4=0 5=1 6=1 7=0 8=0 9=0 10=0 11=0 12=0 13=1 14=0 15=1 16=1 17=1 18=1 19=0 20=0 

===== uf20-0900.cnf =====
RESULT:UNSAT

===== uf20-0901.cnf =====
RESULT:UNSAT

===== uf20-0902.cnf =====
RESULT:UNSAT

===== uf20-0903.cnf =====
RESULT:UNSAT

===== uf20-0904.cnf =====
RESULT:UNSAT

===== uf20-0905.cnf =====
RESULT:UNSAT

===== uf20-0906.cnf =====
RESULT:SAT
ASSIGNMENT:1=1 2=0 3=1 4=0 5=0 6=1 7=0 8=0 9=0 10=0 11=1 12=1 13=0 14=0 15=0 16=1 17=1 18=0 19=1 20=1 

===== uf20-0907.cnf =====
RESULT:SAT
ASSIGNMENT:1=0 2=1 3=0 4=0 5=0 6=1 7=1 8=0 9=0 10=0 11=1 12=0 13=0 14=0 15=0 16=0 17=0 18=0 19=1 20=1 

===== uf20-0908.cnf =====
RESULT:UNSAT

===== uf20-0909.cnf =====
RESULT:UNSAT

===== uf20-091.cnf =====
RESULT:UNSAT

===== uf20-0910.cnf =====
RESULT:SAT
ASSIGNMENT:1=1 2=1 3=1 4=1 5=1 6=1 7=0 8=1 9=1 10=1 11=1 12=1 13=0 14=0 15=0 16=0 17=0 18=0 19=0 20=0 

===== uf20-0911.cnf =====
RESULT:SAT
ASSIGNMENT:1=1 2=1 3=0 4=0 5=0 6=1 7=1 8=1 9=0 10=0 11=1 12=1 13=0 14=1 15=1 16=1 17=0 18=0 19=0 20=0 

===== uf20-0912.cnf =====
RESULT:UNSAT

===== uf20-0913.cnf =====
RESULT:SAT
ASSIGNMENT:1=1 2=1 3=1 4=1 5=1 6=0 7=1 8=1 9=0 10=1 11=1 12=1 13=0 14=1 15=0 16=0 17=0 18=1 19=0 20=0 

===== uf20-0914.cnf =====
RESULT:UNSAT

===== uf20-0915.cnf =====
RESULT:SAT
ASSIGNMENT:1=0 2=1 3=0 4=0 5=1 6=0 7=0 8=1 9=0 10=1 11=1 12=1 13=0 14=1 15=1 16=1 17=0 18=0 19=0 20=0 

===== uf20-0916.cnf =====
RESULT:UNSAT

===== uf20-0917.cnf =====
RESULT:SAT
ASSIGNMENT:1=1 2=1 3=0 4=0 5=0 6=0 7=1 8=0 9=0 10=1 11=1 12=1 13=1 14=0 15=0 16=0 17=0 18=1 19=1 20=1 

===== uf20-0918.cnf =====
RESULT:SAT
ASSIGNMENT:1=1 2=1 3=0 4=0 5=0 6=1 7=0 8=1 9=1 10=0 11=1 12=0 13=0 14=0 15=0 16=1 17=0 18=1 19=0 20=1 

===== uf20-0919.cnf =====
RESULT:UNSAT

===== uf20-092.cnf =====
RESULT:UNSAT

===== uf20-0920.cnf =====
RESULT:UNSAT

===== uf20-0921.cnf =====
RESULT:UNSAT

===== uf20-0922.cnf =====
RESULT:SAT
ASSIGNMENT:1=1 2=1 3=0 4=1 5=0 6=1 7=0 8=1 9=0 10=0 11=1 12=0 13=1 14=1 15=1 16=1 17=0 18=1 19=1 20=1 

===== uf20-0923.cnf =====
RESULT:SAT
ASSIGNMENT:1=1 2=1 3=1 4=0 5=0 6=1 7=0 8=1 9=0 10=1 11=1 12=1 13=1 14=0 15=0 16=1 17=1 18=0 19=0 20=0 

===== uf20-0924.cnf =====
RESULT:UNSAT

===== uf20-0925.cnf =====
RESULT:UNSAT

===== uf20-0926.cnf =====
RESULT:UNSAT

===== uf20-0927.cnf =====
RESULT:SAT
ASSIGNMENT:1=0 2=1 3=0 4=1 5=0 6=0 7=1 8=0 9=0 10=0 11=1 12=1 13=0 14=1 15=1 16=1 17=0 18=1 19=1 20=1 

===== uf20-0928.cnf =====
RESULT:UNSAT

===== uf20-0929.cnf =====
RESULT:UNSAT

===== uf20-093.cnf =====
RESULT:SAT
ASSIGNMENT:1=0 2=0 3=1 4=0 5=0 6=0 7=1 8=0 9=1 10=0 11=0 12=0 13=1 14=1 15=0 16=0 17=0 18=0 19=1 20=0 

===== uf20-0930.cnf =====
RESULT:UNSAT

===== uf20-0931.cnf =====
RESULT:SAT
ASSIGNMENT:1=0 2=1 3=0 4=0 5=1 6=1 7=1 8=1 9=1 10=1 11=1 12=1 13=1 14=0 15=0 16=1 17=0 18=0 19=1 20=0 

===== uf20-0932.cnf =====
RESULT:SAT
ASSIGNMENT:1=1 2=1 3=0 4=0 5=0 6=1 7=1 8=1 9=0 10=0 11=0 12=1 13=0 14=0 15=0 16=0 17=0 18=0 19=1 20=1 

===== uf20-0933.cnf =====
RESULT:UNSAT

===== uf20-0934.cnf =====
RESULT:UNSAT

===== uf20-0935.cnf =====
RESULT:SAT
ASSIGNMENT:1=1 2=0 3=1 4=1 5=1 6=1 7=1 8=1 9=0 10=0 11=0 12=1 13=1 14=1 15=1 16=1 17=1 18=1 19=1 20=1 

===== uf20-0936.cnf =====
RESULT:UNSAT

===== uf20-0937.cnf =====
RESULT:UNSAT

===== uf20-0938.cnf =====
RESULT:UNSAT

===== uf20-0939.cnf =====
RESULT:UNSAT

===== uf20-094.cnf =====
RESULT:SAT
ASSIGNMENT:1=1 2=1 3=1 4=0 5=1 6=0 7=0 8=1 9=0 10=1 11=1 12=0 13=1 14=0 15=0 16=1 17=0 18=1 19=0 20=0 

===== uf20-0940.cnf =====
RESULT:UNSAT

===== uf20-0941.cnf =====
RESULT:SAT
ASSIGNMENT:1=0 2=1 3=0 4=0 5=0 6=1 7=0 8=0 9=1 10=0 11=0 12=0 13=1 14=1 15=0 16=1 17=1 18=0 19=0 20=1 

===== uf20-0942.cnf =====
RESULT:SAT
ASSIGNMENT:1=1 2=1 3=1 4=1 5=1 6=1 7=1 8=0 9=1 10=0 11=1 12=0 13=0 14=0 15=1 16=0 17=1 18=0 19=1 20=1 

===== uf20-0943.cnf =====
RESULT:UNSAT

===== uf20-0944.cnf =====
RESULT:SAT
ASSIGNMENT:1=0 2=0 3=1 4=1 5=0 6=0 7=0 8=0 9=0 10=0 11=0 12=0 13=1 14=0 15=1 16=1 17=0 18=0 19=1 20=0 

===== uf20-0945.cnf =====
RESULT:UNSAT

===== uf20-0946.cnf =====
RESULT:SAT
ASSIGNMENT:1=1 2=0 3=1 4=0 5=1 6=1 7=1 8=0 9=1 10=0 11=1 12=1 13=1 14=0 15=0 16=0 17=0 18=1 19=1 20=1 

===== uf20-0947.cnf =====
RESULT:SAT
ASSIGNMENT:1=1 2=0 3=1 4=1 5=0 6=0 7=1 8=1 9=1 10=1 11=1 12=1 13=1 14=1 15=0 16=0 17=1 18=1 19=0 20=1 

===== uf20-0948.cnf =====
RESULT:UNSAT

===== uf20-0949.cnf =====
RESULT:SAT
ASSIGNMENT:1=1 2=0 3=0 4=0 5=0 6=1 7=0 8=0 9=1 10=0 11=1 12=1 13=1 14=1 15=0 16=0 17=1 18=0 19=0 20=0 

===== uf20-095.cnf =====
RESULT:UNSAT

===== uf20-0950.cnf =====
RESULT:UNSAT

===== uf20-0951.cnf =====
RESULT:SAT
ASSIGNMENT:1=1 2=1 3=0 4=1 5=0 6=1 7=0 8=1 9=1 10=1 11=0 12=1 13=1 14=0 15=0 16=0 17=1 18=0 19=0 20=0 

===== uf20-0952.cnf =====
RESULT:SAT
ASSIGNMENT:1=1 2=1 3=1 4=1 5=1 6=0 7=0 8=0 9=0 10=1 11=1 12=1 13=0 14=0 15=0 16=0 17=0 18=1 19=0 20=0 

===== uf20-0953.cnf =====
RESULT:UNSAT

===== uf20-0954.cnf =====
RESULT:SAT
ASSIGNMENT:1=0 2=1 3=1 4=0 5=1 6=1 7=0 8=0 9=0 10=1 11=0 12=1 13=1 14=1 15=1 16=0 17=1 18=0 19=0 20=1 

===== uf20-0955.cnf =====
RESULT:SAT
ASSIGNMENT:1=1 2=1 3=1 4=1 5=0 6=0 7=1 8=0 9=0 10=0 11=0 12=0 13=1 14=1 15=1 16=1 17=0 18=0 19=0 20=1 

===== uf20-0956.cnf =====
RESULT:UNSAT

===== uf20-0957.cnf =====
RESULT:SAT
ASSIGNMENT:1=1 2=0 3=1 4=0 5=0 6=0 7=1 8=0 9=1 10=0 11=0 12=0 13=0 14=1 15=1 16=0 17=1 18=1 19=0 20=1 

===== uf20-0958.cnf =====
RESULT:UNSAT

===== uf20-0959.cnf =====
RESULT:SAT
ASSIGNMENT:1=1 2=0 3=0 4=1 5=0 6=0 7=1 8=1 9=0 10=1 11=0 12=0 13=0 14=0 15=1 16=1 17=0 18=1 19=1 20=1 

===== uf20-096.cnf =====
RESULT:UNSAT

===== uf20-0960.cnf =====
RESULT:UNSAT

===== uf20-0961.cnf =====
RESULT:SAT
ASSIGNMENT:1=0 2=1 3=0 4=0 5=0 6=0 7=1 8=1 9=1 10=0 11=0 12=0 13=0 14=0 15=1 16=0 17=1 18=0 19=0 20=0 

===== uf20-0962.cnf =====
RESULT:UNSAT

===== uf20-0963.cnf =====
RESULT:SAT
ASSIGNMENT:1=1 2=0 3=0 4=1 5=1 6=0 7=0 8=1 9=1 10=0 11=1 12=0 13=0 14=0 15=1 16=1 17=0 18=1 19=0 20=1 

===== uf20-0964.cnf =====
RESULT:UNSAT

===== uf20-0965.cnf =====
RESULT:SAT
ASSIGNMENT:1=1 2=1 3=1 4=1 5=0 6=0 7=0 8=1 9=1 10=0 11=1 12=1 13=0 14=1 15=1 16=0 17=0 18=0 19=0 20=1 

===== uf20-0966.cnf =====
RESULT:SAT
ASSIGNMENT:1=0 2=0 3=1 4=1 5=0 6=0 7=0 8=1 9=1 10=0 11=1 12=0 13=1 14=1 15=0 16=1 17=1 18=1 19=0 20=1 

===== uf20-0967.cnf =====
RESULT:UNSAT

===== uf20-0968.cnf =====
RESULT:SAT
ASSIGNMENT:1=1 2=1 3=1 4=0 5=1 6=0 7=0 8=0 9=1 10=1 11=1 12=0 13=0 14=1 15=0 16=1 17=1 18=1 19=0 20=0 

===== uf20-0969.cnf =====
RESULT:UNSAT

===== uf20-097.cnf =====
RESULT:SAT
ASSIGNMENT:1=1 2=1 3=1 4=0 5=0 6=1 7=0 8=0 9=1 10=1 11=0 12=0 13=0 14=0 15=0 16=1 17=0 18=0 19=0 20=0 

===== uf20-0970.cnf =====
RESULT:SAT
ASSIGNMENT:1=1 2=0 3=1 4=0 5=1 6=0 7=1 8=1 9=1 10=0 11=0 12=0 13=1 14=0 15=0 16=1 17=0 18=0 19=1 20=1 

===== uf20-0971.cnf =====
RESULT:UNSAT

===== uf20-0972.cnf =====
RESULT:SAT
ASSIGNMENT:1=1 2=0 3=0 4=0 5=0 6=1 7=0 8=0 9=0 10=0 11=0 12=1 13=0 14=1 15=1 16=1 17=0 18=0 19=1 20=1 

===== uf20-0973.cnf =====
RESULT:UNSAT

===== uf20-0974.cnf =====
RESULT:SAT
ASSIGNMENT:1=1 2=0 3=1 4=0 5=1 6=1 7=0 8=0 9=0 10=0 11=0 12=0 13=0 14=0 15=1 16=0 17=1 18=0 19=1 20=1 

===== uf20-0975.cnf =====
RESULT:SAT
ASSIGNMENT:1=1 2=0 3=1 4=1 5=0 6=1 7=0 8=0 9=1 10=1 11=0 12=1 13=1 14=0 15=0 16=1 17=1 18=0 19=1 20=1 

===== uf20-0976.cnf =====
RESULT:UNSAT

===== uf20-0977.cnf =====
RESULT:UNSAT

===== uf20-0978.cnf =====
RESULT:UNSAT

===== uf20-0979.cnf =====
RESULT:UNSAT

===== uf20-098.cnf =====
RESULT:UNSAT

===== uf20-0980.cnf =====
RESULT:UNSAT

===== uf20-0981.cnf =====
RESULT:UNSAT

===== uf20-0982.cnf =====
RESULT:UNSAT

===== uf20-0983.cnf =====
RESULT:SAT
ASSIGNMENT:1=1 2=1 3=0 4=0 5=0 6=1 7=1 8=0 9=0 10=0 11=0 12=0 13=0 14=1 15=0 16=1 17=0 18=0 19=0 20=0 

===== uf20-0984.cnf =====
RESULT:UNSAT

===== uf20-0985.cnf =====
RESULT:UNSAT

===== uf20-0986.cnf =====
RESULT:SAT
ASSIGNMENT:1=1 2=1 3=0 4=1 5=0 6=1 7=0 8=0 9=0 10=0 11=1 12=1 13=1 14=0 15=1 16=0 17=0 18=1 19=0 20=0 

===== uf20-0987.cnf =====
RESULT:SAT
ASSIGNMENT:1=0 2=0 3=0 4=0 5=0 6=0 7=1 8=1 9=1 10=0 11=1 12=0 13=1 14=0 15=0 16=1 17=0 18=1 19=0 20=0 

===== uf20-0988.cnf =====
RESULT:SAT
ASSIGNMENT:1=1 2=1 3=1 4=1 5=0 6=1 7=1 8=1 9=0 10=1 11=1 12=0 13=0 14=0 15=0 16=1 17=1 18=1 19=1 20=0 

===== uf20-0989.cnf =====
RESULT:SAT
ASSIGNMENT:1=0 2=0 3=0 4=1 5=0 6=1 7=1 8=1 9=1 10=0 11=0 12=0 13=0 14=1 15=1 16=1 17=1 18=0 19=0 20=0 

===== uf20-099.cnf =====
RESULT:SAT
ASSIGNMENT:1=1 2=0 3=1 4=1 5=0 6=0 7=1 8=0 9=0 10=0 11=0 12=0 13=0 14=0 15=0 16=0 17=1 18=0 19=0 20=1 

===== uf20-0990.cnf =====
RESULT:SAT
ASSIGNMENT:1=1 2=0 3=1 4=1 5=1 6=1 7=1 8=1 9=0 10=1 11=0 12=0 13=1 14=0 15=0 16=1 17=1 18=1 19=0 20=1 

===== uf20-0991.cnf =====
RESULT:SAT
ASSIGNMENT:1=1 2=0 3=1 4=1 5=1 6=1 7=0 8=0 9=1 10=0 11=0 12=1 13=0 14=0 15=0 16=1 17=1 18=0 19=1 20=1 

===== uf20-0992.cnf =====
RESULT:UNSAT

===== uf20-0993.cnf =====
RESULT:UNSAT

===== uf20-0994.cnf =====
RESULT:UNSAT

===== uf20-0995.cnf =====
RESULT:SAT
ASSIGNMENT:1=0 2=1 3=1 4=1 5=0 6=1 7=1 8=0 9=1 10=1 11=1 12=0 13=0 14=1 15=1 16=1 17=0 18=1 19=0 20=0 

===== uf20-0996.cnf =====
RESULT:UNSAT

===== uf20-0997.cnf =====
RESULT:UNSAT

===== uf20-0998.cnf =====
RESULT:UNSAT

===== uf20-0999.cnf =====
RESULT:SAT
ASSIGNMENT:1=1 2=1 3=1 4=1 5=1 6=0 7=1 8=0 9=0 10=0 11=0 12=1 13=0 14=0 15=1 16=0 17=0 18=0 19=1 20=1 

