===== uf50-01.cnf =====
RESULT:UNSAT

===== uf50-010.cnf =====
RESULT:UNSAT

===== uf50-0100.cnf =====
RESULT:SAT
ASSIGNMENT:1=1 2=1 3=0 4=1 5=1 6=0 7=0 8=0 9=0 10=0 11=1 12=0 13=0 14=1 15=0 16=1 17=1 18=1 19=1 20=1 21=1 22=0 23=1 24=0 25=0 26=1 27=0 28=1 29=0 30=1 31=0 32=1 33=1 34=1 35=0 36=1 37=0 38=0 39=0 40=1 41=1 42=0 43=0 44=1 45=0 46=1 47=1 48=0 49=1 50=1 

===== uf50-01000.cnf =====
RESULT:SAT
ASSIGNMENT:1=1 2=1 3=1 4=1 5=1 6=0 7=1 8=1 9=1 10=0 11=1 12=0 13=1 14=1 15=0 16=1 17=0 18=0 19=0 20=0 21=0 22=1 23=1 24=0 25=0 26=1 27=1 28=1 29=0 30=1 31=1 32=1 33=1 34=1 35=0 36=0 37=1 38=1 39=0 40=1 41=1 42=1 43=0 44=0 45=1 46=0 47=1 48=0 49=0 50=1 

===== uf50-0101.cnf =====
RESULT:UNSAT

===== uf50-0102.cnf =====
RESULT:UNSAT

===== uf50-0103.cnf =====
RESULT:UNSAT

===== uf50-0104.cnf =====
RESULT:UNSAT

===== uf50-0105.cnf =====
RESULT:UNSAT

===== uf50-0106.cnf =====
RESULT:UNSAT

===== uf50-0107.cnf =====
RESULT:UNSAT

===== uf50-0108.cnf =====
RESULT:UNSAT

===== uf50-0109.cnf =====
RESULT:UNSAT

===== uf50-011.cnf =====
RESULT:UNSAT

===== uf50-0110.cnf =====
RESULT:UNSAT

===== uf50-0111.cnf =====
RESULT:UNSAT

===== uf50-0112.cnf =====
RESULT:UNSAT

===== uf50-0113.cnf =====
RESULT:UNSAT

===== uf50-0114.cnf =====
RESULT:UNSAT

===== uf50-0115.cnf =====
RESULT:UNSAT

===== uf50-0116.cnf =====
RESULT:UNSAT

===== uf50-0117.cnf =====
RESULT:SAT
ASSIGNMENT:1=1 2=1 3=1 4=1 5=1 6=1 7=1 8=1 9=1 10=0 11=1 12=0 13=0 14=1 15=0 16=1 17=0 18=0 19=0 20=0 21=0 22=1 23=0 24=0 25=1 26=1 27=1 28=1 29=1 30=1 31=0 32=1 33=0 34=1 35=0 36=0 37=1 38=0 39=0 40=0 41=1 42=1 43=1 44=1 45=0 46=1 47=0 48=1 49=1 50=1 

===== uf50-0118.cnf =====
RESULT:UNSAT

===== uf50-0119.cnf =====
RESULT:UNSAT

===== uf50-012.cnf =====
RESULT:UNSAT

===== uf50-0120.cnf =====
RESULT:UNSAT

===== uf50-0121.cnf =====
RESULT:UNSAT

===== uf50-0122.cnf =====
RESULT:UNSAT

===== uf50-0123.cnf =====
RESULT:UNSAT

===== uf50-0124.cnf =====
RESULT:UNSAT

===== uf50-0125.cnf =====
RESULT:UNSAT

===== uf50-0126.cnf =====
RESULT:UNSAT

===== uf50-0127.cnf =====
RESULT:UNSAT

===== uf50-0128.cnf =====
RESULT:UNSAT

===== uf50-0129.cnf =====
RESULT:UNSAT

===== uf50-013.cnf =====
RESULT:UNSAT

===== uf50-0130.cnf =====
RESULT:UNSAT

===== uf50-0131.cnf =====
RESULT:UNSAT

===== uf50-0132.cnf =====
RESULT:UNSAT

===== uf50-0133.cnf =====
RESULT:UNSAT

===== uf50-0134.cnf =====
RESULT:UNSAT

===== uf50-0135.cnf =====
RESULT:UNSAT

===== uf50-0136.cnf =====
RESULT:UNSAT

===== uf50-0137.cnf =====
RESULT:UNSAT

===== uf50-0138.cnf =====
RESULT:UNSAT

===== uf50-0139.cnf =====
RESULT:UNSAT

===== uf50-014.cnf =====
RESULT:UNSAT

===== uf50-0140.cnf =====
RESULT:UNSAT

===== uf50-0141.cnf =====
RESULT:UNSAT

===== uf50-0142.cnf =====
RESULT:UNSAT

===== uf50-0143.cnf =====
RESULT:UNSAT

===== uf50-0144.cnf =====
RESULT:UNSAT

===== uf50-0145.cnf =====
RESULT:SAT
ASSIGNMENT:1=1 2=1 3=1 4=1 5=0 6=1 7=1 8=0 9=1 10=1 11=0 12=0 13=1 14=0 15=1 16=1 17=1 18=0 19=0 20=0 21=0 22=0 23=0 24=1 25=1 26=1 27=1 28=0 29=0 30=1 31=1 32=1 33=1 34=0 35=0 36=0 37=0 38=0 39=1 40=1 41=0 42=1 43=1 44=0 45=1 46=1 47=1 48=1 49=0 50=1 

===== uf50-0146.cnf =====
RESULT:UNSAT

===== uf50-0147.cnf =====
RESULT:UNSAT

===== uf50-0148.cnf =====
RESULT:UNSAT

===== uf50-0149.cnf =====
RESULT:UNSAT

===== uf50-015.cnf =====
RESULT:SAT
ASSIGNMENT:1=1 2=1 3=1 4=0 5=1 6=0 7=0 8=0 9=1 10=1 11=0 12=0 13=1 14=0 15=1 16=0 17=1 18=1 19=0 20=0 21=1 22=1 23=1 24=0 25=0 26=0 27=0 28=1 29=1 30=0 31=1 32=1 33=1 34=1 35=0 36=0 37=1 38=0 39=1 40=0 41=1 42=0 43=0 44=1 45=0 46=0 47=0 48=1 49=0 50=0 

===== uf50-0150.cnf =====
RESULT:UNSAT

===== uf50-0151.cnf =====
RESULT:SAT
ASSIGNMENT:1=0 2=1 3=0 4=1 5=0 6=0 7=0 8=0 9=0 10=0 11=0 12=0 13=1 14=0 15=1 16=1 17=1 18=1 19=1 20=1 21=0 22=1 23=0 24=0 25=1 26=1 27=0 28=1 29=1 30=1 31=1 32=1 33=0 34=1 35=0 36=0 37=1 38=0 39=1 40=0 41=1 42=0 43=0 44=0 45=1 46=1 47=1 48=0 49=1 50=1 

===== uf50-0152.cnf =====
RESULT:UNSAT

===== uf50-0153.cnf =====
RESULT:UNSAT

===== uf50-0154.cnf =====
RESULT:UNSAT

===== uf50-0155.cnf =====
RESULT:UNSAT

===== uf50-0156.cnf =====
RESULT:UNSAT

===== uf50-0157.cnf =====
RESULT:UNSAT

===== uf50-0158.cnf =====
RESULT:UNSAT

===== uf50-0159.cnf =====
RESULT:UNSAT

===== uf50-016.cnf =====


===== uf50-0160.cnf =====
RESULT:SAT
ASSIGNMENT:1=1 2=1 3=0 4=1 5=1 6=0 7=1 8=0 9=0 10=0 11=1 12=0 13=0 14=0 15=1 16=0 17=0 18=1 19=1 20=1 21=1 22=0 23=0 24=1 25=1 26=0 27=0 28=1 29=1 30=0 31=1 32=1 33=0 34=0 35=1 36=0 37=0 38=0 39=0 40=0 41=0 42=1 43=0 44=0 45=1 46=0 47=1 48=1 49=1 50=1 

===== uf50-0161.cnf =====
RESULT:UNSAT

===== uf50-0162.cnf =====
RESULT:UNSAT

===== uf50-0163.cnf =====
RESULT:UNSAT

===== uf50-0164.cnf =====
RESULT:UNSAT

===== uf50-0165.cnf =====
RESULT:UNSAT

===== uf50-0166.cnf =====
RESULT:UNSAT

===== uf50-0167.cnf =====
RESULT:UNSAT

===== uf50-0168.cnf =====
RESULT:UNSAT

===== uf50-0169.cnf =====
RESULT:SAT
ASSIGNMENT:1=0 2=1 3=1 4=1 5=1 6=1 7=0 8=0 9=0 10=0 11=0 12=0 13=1 14=0 15=0 16=1 17=0 18=1 19=0 20=0 21=0 22=1 23=1 24=1 25=1 26=1 27=0 28=1 29=1 30=1 31=0 32=1 33=1 34=0 35=1 36=1 37=0 38=0 39=0 40=1 41=0 42=0 43=1 44=0 45=1 46=1 47=0 48=0 49=0 50=1 

===== uf50-017.cnf =====
RESULT:UNSAT

===== uf50-0170.cnf =====
RESULT:UNSAT

===== uf50-0171.cnf =====
RESULT:SAT
ASSIGNMENT:1=0 2=1 3=0 4=0 5=1 6=0 7=0 8=0 9=0 10=0 11=0 12=0 13=0 14=0 15=1 16=1 17=1 18=1 19=1 20=1 21=1 22=1 23=1 24=1 25=1 26=0 27=1 28=0 29=1 30=0 31=1 32=1 33=1 34=0 35=0 36=0 37=1 38=1 39=1 40=0 41=1 42=0 43=0 44=1 45=1 46=0 47=1 48=1 49=1 50=1 

===== uf50-0172.cnf =====
RESULT:UNSAT

===== uf50-0173.cnf =====
RESULT:UNSAT

===== uf50-0174.cnf =====
RESULT:UNSAT

===== uf50-0175.cnf =====
RESULT:UNSAT

===== uf50-0176.cnf =====
RESULT:UNSAT

===== uf50-0177.cnf =====
RESULT:SAT
ASSIGNMENT:1=0 2=0 3=0 4=1 5=0 6=1 7=1 8=0 9=1 10=0 11=0 12=0 13=1 14=1 15=0 16=0 17=0 18=0 19=1 20=0 21=1 22=1 23=1 24=0 25=0 26=1 27=1 28=1 29=1 30=1 31=0 32=0 33=1 34=0 35=0 36=1 37=0 38=0 39=0 40=1 41=1 42=0 43=0 44=1 45=1 46=0 47=1 48=0 49=1 50=0 

===== uf50-0178.cnf =====
RESULT:SAT
ASSIGNMENT:1=1 2=0 3=0 4=0 5=1 6=1 7=0 8=0 9=1 10=0 11=0 12=0 13=0 14=0 15=1 16=0 17=1 18=0 19=0 20=0 21=0 22=1 23=1 24=1 25=0 26=1 27=0 28=0 29=0 30=0 31=0 32=1 33=1 34=1 35=0 36=0 37=0 38=1 39=1 40=0 41=0 42=0 43=0 44=0 45=0 46=0 47=1 48=1 49=0 50=0 

===== uf50-0179.cnf =====
RESULT:UNSAT

===== uf50-018.cnf =====
RESULT:UNSAT

===== uf50-0180.cnf =====
RESULT:UNSAT

===== uf50-0181.cnf =====
RESULT:UNSAT

===== uf50-0182.cnf =====
RESULT:UNSAT

===== uf50-0183.cnf =====
RESULT:SAT
ASSIGNMENT:1=1 2=1 3=1 4=1 5=1 6=1 7=0 8=1 9=1 10=1 11=1 12=0 13=1 14=0 15=0 16=0 17=0 18=1 19=0 20=1 21=1 22=0 23=0 24=1 25=0 26=1 27=0 28=1 29=0 30=0 31=1 32=1 33=0 34=1 35=0 36=0 37=1 38=0 39=0 40=0 41=1 42=1 43=1 44=0 45=1 46=1 47=0 48=1 49=1 50=0 

===== uf50-0184.cnf =====
RESULT:UNSAT

===== uf50-0185.cnf =====
RESULT:UNSAT

===== uf50-0186.cnf =====
RESULT:UNSAT

===== uf50-0187.cnf =====
RESULT:UNSAT

===== uf50-0188.cnf =====
RESULT:UNSAT

===== uf50-0189.cnf =====
RESULT:UNSAT

===== uf50-019.cnf =====
RESULT:UNSAT

===== uf50-0190.cnf =====
RESULT:UNSAT

===== uf50-0191.cnf =====
RESULT:UNSAT

===== uf50-0192.cnf =====
RESULT:UNSAT

===== uf50-0193.cnf =====
RESULT:SAT
ASSIGNMENT:1=1 2=1 3=1 4=0 5=1 6=1 7=1 8=1 9=1 10=0 11=0 12=0 13=1 14=0 15=1 16=0 17=1 18=1 19=0 20=1 21=0 22=0 23=0 24=1 25=1 26=1 27=1 28=0 29=0 30=1 31=1 32=0 33=0 34=0 35=0 36=0 37=1 38=0 39=0 40=0 41=1 42=0 43=1 44=1 45=1 46=1 47=1 48=0 49=0 50=1 

===== uf50-0194.cnf =====
RESULT:UNSAT

===== uf50-0195.cnf =====
RESULT:SAT
ASSIGNMENT:1=0 2=1 3=0 4=1 5=0 6=0 7=0 8=0 9=1 10=1 11=1 12=0 13=1 14=0 15=0 16=1 17=0 18=0 19=1 20=0 21=0 22=0 23=0 24=0 25=1 26=0 27=0 28=1 29=0 30=1 31=1 32=0 33=0 34=0 35=0 36=0 37=1 38=1 39=1 40=0 41=0 42=1 43=0 44=1 45=1 46=0 47=0 48=0 49=0 50=0 

===== uf50-0196.cnf =====
RESULT:UNSAT

===== uf50-0197.cnf =====
RESULT:UNSAT

===== uf50-0198.cnf =====
RESULT:UNSAT

===== uf50-0199.cnf =====
RESULT:UNSAT

===== uf50-02.cnf =====
RESULT:UNSAT

===== uf50-020.cnf =====
RESULT:UNSAT

===== uf50-0200.cnf =====
RESULT:UNSAT

===== uf50-0201.cnf =====
RESULT:UNSAT

===== uf50-0202.cnf =====
RESULT:UNSAT

===== uf50-0203.cnf =====
RESULT:UNSAT

===== uf50-0204.cnf =====
RESULT:UNSAT

===== uf50-0205.cnf =====
RESULT:SAT
ASSIGNMENT:1=1 2=1 3=1 4=1 5=1 6=0 7=1 8=1 9=1 10=1 11=1 12=1 13=1 14=1 15=1 16=0 17=1 18=1 19=1 20=0 21=1 22=1 23=0 24=0 25=1 26=1 27=0 28=0 29=1 30=1 31=1 32=1 33=1 34=1 35=0 36=0 37=0 38=1 39=1 40=0 41=0 42=0 43=1 44=1 45=1 46=0 47=0 48=1 49=0 50=1 

===== uf50-0206.cnf =====
RESULT:UNSAT

===== uf50-0207.cnf =====
RESULT:UNSAT

===== uf50-0208.cnf =====
RESULT:UNSAT

===== uf50-0209.cnf =====
RESULT:UNSAT

===== uf50-021.cnf =====
RESULT:SAT
ASSIGNMENT:1=1 2=1 3=1 4=1 5=1 6=1 7=0 8=1 9=0 10=0 11=1 12=0 13=1 14=1 15=1 16=1 17=1 18=0 19=0 20=1 21=0 22=0 23=1 24=0 25=1 26=1 27=0 28=1 29=1 30=0 31=0 32=0 33=1 34=1 35=0 36=0 37=1 38=0 39=1 40=0 41=0 42=1 43=0 44=0 45=0 46=0 47=0 48=0 49=1 50=0 

===== uf50-0210.cnf =====
RESULT:UNSAT

===== uf50-0211.cnf =====
RESULT:UNSAT

===== uf50-0212.cnf =====
RESULT:UNSAT

===== uf50-0213.cnf =====
RESULT:UNSAT

===== uf50-0214.cnf =====
RESULT:UNSAT

===== uf50-0215.cnf =====
RESULT:UNSAT

===== uf50-0216.cnf =====
RESULT:UNSAT

===== uf50-0217.cnf =====
RESULT:UNSAT

===== uf50-0218.cnf =====
RESULT:UNSAT

===== uf50-0219.cnf =====
RESULT:UNSAT

===== uf50-022.cnf =====
RESULT:UNSAT

===== uf50-0220.cnf =====
RESULT:UNSAT

===== uf50-0221.cnf =====
RESULT:UNSAT

===== uf50-0222.cnf =====
RESULT:SAT
ASSIGNMENT:1=1 2=0 3=0 4=0 5=1 6=1 7=0 8=0 9=0 10=0 11=1 12=1 13=1 14=1 15=1 16=1 17=1 18=0 19=0 20=0 21=1 22=0 23=1 24=0 25=1 26=0 27=1 28=0 29=1 30=0 31=0 32=0 33=0 34=1 35=1 36=0 37=1 38=0 39=0 40=0 41=1 42=0 43=0 44=0 45=1 46=0 47=0 48=0 49=1 50=1 

===== uf50-0223.cnf =====
RESULT:UNSAT

===== uf50-0224.cnf =====
RESULT:SAT
ASSIGNMENT:1=1 2=1 3=1 4=0 5=1 6=1 7=1 8=1 9=1 10=0 11=0 12=1 13=0 14=0 15=0 16=0 17=1 18=0 19=1 20=0 21=1 22=1 23=1 24=1 25=0 26=1 27=0 28=1 29=0 30=0 31=0 32=0 33=1 34=0 35=1 36=0 37=0 38=1 39=0 40=1 41=0 42=0 43=1 44=1 45=1 46=1 47=1 48=0 49=0 50=0 

===== uf50-0225.cnf =====
RESULT:UNSAT

===== uf50-0226.cnf =====
RESULT:UNSAT

===== uf50-0227.cnf =====
RESULT:UNSAT

===== uf50-0228.cnf =====
RESULT:UNSAT

===== uf50-0229.cnf =====
RESULT:UNSAT

===== uf50-023.cnf =====
RESULT:UNSAT

===== uf50-0230.cnf =====
RESULT:UNSAT

===== uf50-0231.cnf =====
RESULT:UNSAT

===== uf50-0232.cnf =====
RESULT:UNSAT

===== uf50-0233.cnf =====
RESULT:SAT
ASSIGNMENT:1=1 2=1 3=0 4=1 5=1 6=1 7=0 8=1 9=0 10=1 11=0 12=0 13=0 14=1 15=0 16=0 17=0 18=0 19=1 20=1 21=1 22=1 23=0 24=1 25=1 26=0 27=0 28=1 29=0 30=0 31=0 32=1 33=0 34=1 35=0 36=1 37=1 38=1 39=1 40=0 41=0 42=0 43=1 44=1 45=0 46=1 47=0 48=1 49=1 50=0 

===== uf50-0234.cnf =====
RESULT:SAT
ASSIGNMENT:1=1 2=1 3=1 4=1 5=1 6=1 7=1 8=1 9=1 10=0 11=1 12=0 13=1 14=1 15=1 16=0 17=0 18=1 19=0 20=0 21=0 22=1 23=1 24=1 25=1 26=0 27=1 28=0 29=1 30=1 31=0 32=0 33=1 34=0 35=0 36=0 37=1 38=0 39=0 40=1 41=0 42=1 43=1 44=0 45=0 46=0 47=1 48=1 49=0 50=1 

===== uf50-0235.cnf =====
RESULT:UNSAT

===== uf50-0236.cnf =====
RESULT:UNSAT

===== uf50-0237.cnf =====
RESULT:UNSAT

===== uf50-0238.cnf =====
RESULT:SAT
ASSIGNMENT:1=1 2=1 3=1 4=1 5=0 6=1 7=1 8=0 9=1 10=0 11=0 12=0 13=1 14=1 15=1 16=0 17=0 18=0 19=0 20=0 21=0 22=0 23=1 24=1 25=0 26=1 27=1 28=1 29=1 30=1 31=1 32=0 33=0 34=0 35=1 36=1 37=0 38=0 39=0 40=0 41=0 42=1 43=0 44=0 45=1 46=1 47=0 48=0 49=0 50=1 

===== uf50-0239.cnf =====
RESULT:UNSAT

===== uf50-024.cnf =====
RESULT:UNSAT

===== uf50-0240.cnf =====
RESULT:UNSAT

===== uf50-0241.cnf =====
RESULT:UNSAT

===== uf50-0242.cnf =====
RESULT:SAT
ASSIGNMENT:1=1 2=1 3=1 4=1 5=0 6=0 7=0 8=0 9=0 10=0 11=0 12=0 13=0 14=1 15=1 16=1 17=1 18=1 19=1 20=1 21=1 22=1 23=1 24=1 25=0 26=1 27=1 28=1 29=0 30=1 31=0 32=0 33=1 34=1 35=1 36=1 37=0 38=1 39=0 40=0 41=0 42=0 43=1 44=1 45=1 46=1 47=0 48=0 49=0 50=1 

===== uf50-0243.cnf =====
RESULT:UNSAT

===== uf50-0244.cnf =====
RESULT:UNSAT

===== uf50-0245.cnf =====
RESULT:UNSAT

===== uf50-0246.cnf =====
RESULT:UNSAT

===== uf50-0247.cnf =====
RESULT:UNSAT

===== uf50-0248.cnf =====
RESULT:UNSAT

===== uf50-0249.cnf =====
RESULT:UNSAT

===== uf50-025.cnf =====
RESULT:UNSAT

===== uf50-0250.cnf =====
RESULT:SAT
ASSIGNMENT:1=1 2=1 3=1 4=0 5=1 6=0 7=0 8=1 9=0 10=1 11=0 12=1 13=1 14=0 15=1 16=0 17=1 18=0 19=0 20=1 21=0 22=1 23=1 24=1 25=0 26=0 27=1 28=1 29=0 30=0 31=0 32=1 33=0 34=1 35=1 36=0 37=1 38=1 39=0 40=0 41=0 42=1 43=1 44=1 45=0 46=0 47=0 48=0 49=0 50=0 

===== uf50-0251.cnf =====
RESULT:UNSAT

===== uf50-0252.cnf =====
RESULT:SAT
ASSIGNMENT:1=1 2=1 3=0 4=0 5=1 6=0 7=1 8=0 9=1 10=0 11=1 12=1 13=1 14=1 15=0 16=0 17=1 18=0 19=0 20=0 21=0 22=1 23=1 24=0 25=1 26=0 27=0 28=0 29=1 30=0 31=0 32=0 33=1 34=0 35=1 36=1 37=0 38=1 39=0 40=0 41=1 42=0 43=0 44=1 45=0 46=0 47=1 48=1 49=0 50=1 

===== uf50-0253.cnf =====
RESULT:UNSAT

===== uf50-0254.cnf =====
RESULT:UNSAT

===== uf50-0255.cnf =====
RESULT:UNSAT

===== uf50-0256.cnf =====
RESULT:UNSAT

===== uf50-0257.cnf =====
RESULT:UNSAT

===== uf50-0258.cnf =====
RESULT:UNSAT

===== uf50-0259.cnf =====
RESULT:UNSAT

===== uf50-026.cnf =====
RESULT:UNSAT

===== uf50-0260.cnf =====
RESULT:UNSAT

===== uf50-0261.cnf =====
RESULT:UNSAT

===== uf50-0262.cnf =====
RESULT:UNSAT

===== uf50-0263.cnf =====
RESULT:UNSAT

===== uf50-0264.cnf =====
RESULT:SAT
ASSIGNMENT:1=1 2=1 3=0 4=0 5=1 6=0 7=1 8=1 9=1 10=1 11=1 12=0 13=0 14=1 15=1 16=0 17=0 18=0 19=0 20=0 21=1 22=1 23=0 24=0 25=0 26=1 27=1 28=0 29=1 30=1 31=1 32=0 33=1 34=1 35=0 36=1 37=1 38=1 39=0 40=0 41=1 42=0 43=0 44=0 45=1 46=0 47=0 48=1 49=1 50=1 

===== uf50-0265.cnf =====
RESULT:UNSAT

===== uf50-0266.cnf =====
RESULT:UNSAT

===== uf50-0267.cnf =====
RESULT:UNSAT

===== uf50-0268.cnf =====
RESULT:SAT
ASSIGNMENT:1=1 2=1 3=1 4=1 5=0 6=0 7=1 8=1 9=1 10=1 11=1 12=0 13=0 14=1 15=1 16=1 17=1 18=0 19=1 20=0 21=0 22=0 23=0 24=0 25=1 26=1 27=0 28=1 29=0 30=0 31=0 32=1 33=1 34=1 35=1 36=1 37=0 38=1 39=0 40=0 41=1 42=0 43=1 44=0 45=1 46=0 47=1 48=1 49=0 50=0 

===== uf50-0269.cnf =====
RESULT:UNSAT

===== uf50-027.cnf =====
RESULT:SAT
ASSIGNMENT:1=1 2=1 3=1 4=0 5=1 6=0 7=1 8=1 9=0 10=1 11=0 12=0 13=1 14=0 15=1 16=1 17=1 18=0 19=0 20=1 21=0 22=0 23=0 24=1 25=1 26=1 27=1 28=0 29=0 30=0 31=0 32=1 33=1 34=0 35=1 36=0 37=1 38=1 39=1 40=0 41=1 42=1 43=1 44=0 45=1 46=0 47=0 48=0 49=0 50=1 

===== uf50-0270.cnf =====
RESULT:UNSAT

===== uf50-0271.cnf =====
RESULT:UNSAT

===== uf50-0272.cnf =====
RESULT:UNSAT

===== uf50-0273.cnf =====
RESULT:UNSAT

===== uf50-0274.cnf =====
RESULT:UNSAT

===== uf50-0275.cnf =====
RESULT:UNSAT

===== uf50-0276.cnf =====
RESULT:UNSAT

===== uf50-0277.cnf =====
RESULT:SAT
ASSIGNMENT:1=1 2=1 3=1 4=1 5=1 6=1 7=1 8=1 9=1 10=1 11=1 12=0 13=1 14=1 15=0 16=1 17=1 18=1 19=1 20=0 21=0 22=0 23=0 24=0 25=0 26=1 27=0 28=0 29=0 30=0 31=1 32=0 33=1 34=1 35=1 36=0 37=0 38=1 39=1 40=1 41=1 42=0 43=0 44=0 45=1 46=1 47=0 48=0 49=0 50=1 

===== uf50-0278.cnf =====
RESULT:SAT
ASSIGNMENT:1=1 2=1 3=1 4=1 5=1 6=1 7=1 8=0 9=0 10=0 11=1 12=1 13=1 14=1 15=0 16=0 17=1 18=1 19=0 20=0 21=1 22=1 23=0 24=1 25=0 26=0 27=0 28=0 29=0 30=1 31=1 32=0 33=1 34=1 35=1 36=0 37=1 38=1 39=0 40=1 41=0 42=0 43=0 44=1 45=0 46=0 47=1 48=0 49=1 50=1 

===== uf50-0279.cnf =====
RESULT:UNSAT

===== uf50-028.cnf =====
RESULT:UNSAT

===== uf50-0280.cnf =====
RESULT:UNSAT

===== uf50-0281.cnf =====
RESULT:UNSAT

===== uf50-0282.cnf =====
RESULT:UNSAT

===== uf50-0283.cnf =====
RESULT:UNSAT

===== uf50-0284.cnf =====
RESULT:UNSAT

===== uf50-0285.cnf =====
RESULT:UNSAT

===== uf50-0286.cnf =====
RESULT:UNSAT

===== uf50-0287.cnf =====
RESULT:UNSAT

===== uf50-0288.cnf =====
RESULT:UNSAT

===== uf50-0289.cnf =====
RESULT:UNSAT

===== uf50-029.cnf =====
RESULT:UNSAT

===== uf50-0290.cnf =====
RESULT:UNSAT

===== uf50-0291.cnf =====
RESULT:UNSAT

===== uf50-0292.cnf =====
RESULT:UNSAT

===== uf50-0293.cnf =====
RESULT:UNSAT

===== uf50-0294.cnf =====
RESULT:SAT
ASSIGNMENT:1=0 2=1 3=1 4=0 5=0 6=1 7=0 8=0 9=0 10=0 11=0 12=0 13=0 14=0 15=1 16=1 17=0 18=0 19=1 20=1 21=1 22=1 23=0 24=1 25=0 26=0 27=1 28=0 29=0 30=0 31=0 32=0 33=0 34=1 35=1 36=0 37=0 38=0 39=0 40=1 41=0 42=0 43=0 44=0 45=0 46=0 47=1 48=0 49=1 50=0 

===== uf50-0295.cnf =====
RESULT:UNSAT

===== uf50-0296.cnf =====
RESULT:SAT
ASSIGNMENT:1=1 2=1 3=0 4=1 5=1 6=1 7=0 8=1 9=0 10=0 11=0 12=1 13=0 14=1 15=0 16=1 17=1 18=0 19=0 20=1 21=1 22=0 23=1 24=1 25=0 26=0 27=0 28=1 29=0 30=1 31=0 32=1 33=1 34=0 35=0 36=1 37=1 38=0 39=1 40=1 41=0 42=1 43=1 44=1 45=0 46=1 47=1 48=1 49=0 50=1 

===== uf50-0297.cnf =====
RESULT:UNSAT

===== uf50-0298.cnf =====
RESULT:UNSAT

===== uf50-0299.cnf =====
RESULT:UNSAT

===== uf50-03.cnf =====
RESULT:SAT
ASSIGNMENT:1=1 2=1 3=0 4=1 5=1 6=1 7=0 8=1 9=0 10=0 11=1 12=1 13=1 14=1 15=0 16=0 17=1 18=1 19=1 20=1 21=0 22=0 23=1 24=1 25=1 26=0 27=0 28=0 29=0 30=0 31=1 32=1 33=1 34=1 35=0 36=0 37=1 38=0 39=1 40=0 41=0 42=1 43=1 44=0 45=0 46=0 47=0 48=1 49=1 50=1 

===== uf50-030.cnf =====
RESULT:UNSAT

===== uf50-0300.cnf =====
RESULT:UNSAT

===== uf50-0301.cnf =====
RESULT:UNSAT

===== uf50-0302.cnf =====
RESULT:UNSAT

===== uf50-0303.cnf =====
RESULT:SAT
ASSIGNMENT:1=1 2=1 3=0 4=1 5=1 6=1 7=0 8=0 9=1 10=1 11=1 12=1 13=0 14=1 15=1 16=1 17=1 18=0 19=0 20=1 21=0 22=0 23=1 24=1 25=0 26=0 27=1 28=1 29=0 30=0 31=0 32=0 33=0 34=1 35=1 36=1 37=1 38=0 39=1 40=0 41=1 42=1 43=0 44=0 45=0 46=0 47=0 48=0 49=0 50=1 

===== uf50-0304.cnf =====


===== uf50-0305.cnf =====
RESULT:UNSAT

===== uf50-0306.cnf =====
RESULT:UNSAT

===== uf50-0307.cnf =====
RESULT:UNSAT

===== uf50-0308.cnf =====
RESULT:SAT
ASSIGNMENT:1=1 2=1 3=1 4=0 5=0 6=0 7=0 8=1 9=1 10=1 11=1 12=1 13=0 14=0 15=1 16=0 17=0 18=1 19=0 20=0 21=0 22=0 23=0 24=0 25=0 26=0 27=1 28=0 29=1 30=0 31=1 32=1 33=0 34=1 35=1 36=1 37=0 38=1 39=1 40=1 41=0 42=1 43=1 44=0 45=0 46=0 47=0 48=1 49=1 50=0 

===== uf50-0309.cnf =====
RESULT:UNSAT

===== uf50-031.cnf =====
RESULT:UNSAT

===== uf50-0310.cnf =====
RESULT:UNSAT

===== uf50-0311.cnf =====
RESULT:SAT
ASSIGNMENT:1=1 2=1 3=1 4=1 5=1 6=1 7=1 8=1 9=1 10=1 11=0 12=1 13=1 14=0 15=1 16=0 17=0 18=1 19=0 20=1 21=0 22=0 23=0 24=1 25=1 26=1 27=1 28=1 29=0 30=1 31=1 32=1 33=0 34=1 35=0 36=1 37=0 38=1 39=0 40=1 41=1 42=0 43=1 44=1 45=1 46=1 47=0 48=1 49=1 50=0 

===== uf50-0312.cnf =====
RESULT:UNSAT

===== uf50-0313.cnf =====
RESULT:UNSAT

===== uf50-0314.cnf =====
RESULT:SAT
ASSIGNMENT:1=1 2=1 3=0 4=1 5=1 6=0 7=1 8=1 9=1 10=0 11=0 12=1 13=1 14=1 15=0 16=0 17=0 18=1 19=1 20=0 21=1 22=1 23=1 24=0 25=0 26=0 27=0 28=0 29=0 30=0 31=0 32=0 33=1 34=1 35=1 36=0 37=0 38=1 39=0 40=0 41=1 42=1 43=1 44=0 45=1 46=1 47=1 48=1 49=1 50=0 

===== uf50-0315.cnf =====
RESULT:UNSAT

===== uf50-0316.cnf =====
RESULT:UNSAT

===== uf50-0317.cnf =====
RESULT:UNSAT

===== uf50-0318.cnf =====
RESULT:UNSAT

===== uf50-0319.cnf =====
RESULT:SAT
ASSIGNMENT:1=0 2=1 3=1 4=1 5=0 6=0 7=1 8=0 9=0 10=1 11=1 12=1 13=1 14=0 15=0 16=0 17=1 18=1 19=0 20=1 21=0 22=0 23=0 24=0 25=0 26=0 27=0 28=1 29=0 30=1 31=1 32=0 33=1 34=1 35=1 36=0 37=0 38=0 39=1 40=0 41=1 42=1 43=1 44=0 45=1 46=0 47=0 48=1 49=1 50=1 

===== uf50-032.cnf =====
RESULT:UNSAT

===== uf50-0320.cnf =====
RESULT:SAT
ASSIGNMENT:1=0 2=1 3=1 4=1 5=1 6=0 7=0 8=1 9=0 10=0 11=0 12=0 13=0 14=0 15=1 16=0 17=0 18=1 19=1 20=0 21=0 22=1 23=1 24=1 25=0 26=0 27=0 28=0 29=1 30=0 31=0 32=0 33=0 34=0 35=0 36=0 37=1 38=1 39=0 40=1 41=0 42=1 43=1 44=1 45=1 46=0 47=1 48=0 49=0 50=0 

===== uf50-0321.cnf =====
RESULT:UNSAT

===== uf50-0322.cnf =====
RESULT:UNSAT

===== uf50-0323.cnf =====
RESULT:UNSAT

===== uf50-0324.cnf =====
RESULT:SAT
ASSIGNMENT:1=0 2=0 3=1 4=0 5=1 6=0 7=1 8=0 9=0 10=0 11=0 12=0 13=0 14=1 15=0 16=0 17=0 18=0 19=0 20=0 21=1 22=1 23=0 24=0 25=1 26=0 27=1 28=1 29=0 30=1 31=1 32=1 33=0 34=0 35=0 36=1 37=1 38=1 39=1 40=1 41=1 42=0 43=0 44=1 45=1 46=0 47=1 48=1 49=1 50=0 

===== uf50-0325.cnf =====
RESULT:UNSAT

===== uf50-0326.cnf =====
RESULT:UNSAT

===== uf50-0327.cnf =====
RESULT:UNSAT

===== uf50-0328.cnf =====
RESULT:SAT
ASSIGNMENT:1=1 2=1 3=1 4=1 5=1 6=1 7=0 8=0 9=0 10=0 11=1 12=1 13=0 14=0 15=1 16=1 17=1 18=1 19=1 20=1 21=1 22=0 23=1 24=0 25=1 26=1 27=0 28=0 29=1 30=1 31=1 32=1 33=1 34=1 35=1 36=0 37=1 38=0 39=0 40=0 41=1 42=0 43=0 44=0 45=0 46=0 47=0 48=1 49=0 50=0 

===== uf50-0329.cnf =====
RESULT:UNSAT

===== uf50-033.cnf =====
RESULT:UNSAT

===== uf50-0330.cnf =====
RESULT:UNSAT

===== uf50-0331.cnf =====
RESULT:UNSAT

===== uf50-0332.cnf =====
RESULT:UNSAT

===== uf50-0333.cnf =====
RESULT:UNSAT

===== uf50-0334.cnf =====
RESULT:UNSAT

===== uf50-0335.cnf =====
RESULT:SAT
ASSIGNMENT:1=1 2=0 3=0 4=1 5=0 6=0 7=0 8=0 9=1 10=0 11=0 12=1 13=1 14=0 15=0 16=1 17=0 18=1 19=1 20=1 21=0 22=1 23=1 24=1 25=1 26=0 27=1 28=0 29=1 30=1 31=0 32=0 33=0 34=1 35=1 36=0 37=0 38=0 39=0 40=1 41=0 42=1 43=0 44=0 45=1 46=1 47=0 48=0 49=0 50=0 

===== uf50-0336.cnf =====
RESULT:UNSAT

===== uf50-0337.cnf =====
RESULT:UNSAT

===== uf50-0338.cnf =====
RESULT:UNSAT

===== uf50-0339.cnf =====
RESULT:UNSAT

===== uf50-034.cnf =====
RESULT:SAT
ASSIGNMENT:1=1 2=1 3=0 4=1 5=0 6=1 7=1 8=0 9=0 10=1 11=1 12=1 13=1 14=0 15=1 16=1 17=1 18=1 19=0 20=1 21=1 22=0 23=1 24=0 25=0 26=0 27=0 28=1 29=1 30=0 31=0 32=0 33=1 34=0 35=0 36=1 37=0 38=1 39=0 40=0 41=0 42=0 43=1 44=1 45=1 46=0 47=0 48=0 49=0 50=0 

===== uf50-0340.cnf =====
RESULT:SAT
ASSIGNMENT:1=1 2=1 3=1 4=1 5=1 6=0 7=1 8=0 9=1 10=1 11=0 12=1 13=1 14=0 15=0 16=0 17=1 18=0 19=1 20=1 21=1 22=1 23=1 24=1 25=0 26=0 27=0 28=1 29=1 30=1 31=1 32=0 33=0 34=0 35=1 36=1 37=1 38=1 39=0 40=1 41=0 42=1 43=0 44=0 45=1 46=0 47=0 48=0 49=1 50=1 

===== uf50-0341.cnf =====
RESULT:UNSAT

===== uf50-0342.cnf =====
RESULT:UNSAT

===== uf50-0343.cnf =====
RESULT:SAT
ASSIGNMENT:1=1 2=1 3=1 4=1 5=1 6=0 7=1 8=0 9=0 10=0 11=0 12=1 13=1 14=1 15=0 16=0 17=0 18=1 19=1 20=1 21=0 22=1 23=0 24=0 25=1 26=0 27=0 28=0 29=0 30=0 31=1 32=1 33=1 34=0 35=0 36=0 37=1 38=1 39=0 40=0 41=0 42=0 43=1 44=0 45=1 46=1 47=0 48=0 49=0 50=1 

===== uf50-0344.cnf =====
RESULT:UNSAT

===== uf50-0345.cnf =====
RESULT:UNSAT

===== uf50-0346.cnf =====
RESULT:UNSAT

===== uf50-0347.cnf =====
RESULT:UNSAT

===== uf50-0348.cnf =====
RESULT:UNSAT

===== uf50-0349.cnf =====
RESULT:UNSAT

===== uf50-035.cnf =====
RESULT:UNSAT

===== uf50-0350.cnf =====
RESULT:UNSAT

===== uf50-0351.cnf =====
RESULT:UNSAT

===== uf50-0352.cnf =====
RESULT:UNSAT

===== uf50-0353.cnf =====
RESULT:UNSAT

===== uf50-0354.cnf =====
RESULT:UNSAT

===== uf50-0355.cnf =====
RESULT:UNSAT

===== uf50-0356.cnf =====
RESULT:UNSAT

===== uf50-0357.cnf =====
RESULT:UNSAT

===== uf50-0358.cnf =====
RESULT:UNSAT

===== uf50-0359.cnf =====
RESULT:UNSAT

===== uf50-036.cnf =====
RESULT:UNSAT

===== uf50-0360.cnf =====
RESULT:UNSAT

===== uf50-0361.cnf =====
RESULT:SAT
ASSIGNMENT:1=1 2=1 3=1 4=0 5=0 6=1 7=1 8=1 9=0 10=0 11=1 12=1 13=0 14=0 15=1 16=0 17=1 18=1 19=1 20=0 21=1 22=0 23=0 24=0 25=0 26=0 27=1 28=1 29=1 30=0 31=0 32=1 33=1 34=1 35=1 36=1 37=1 38=0 39=1 40=1 41=1 42=1 43=0 44=0 45=0 46=1 47=1 48=1 49=0 50=0 

===== uf50-0362.cnf =====
RESULT:UNSAT

===== uf50-0363.cnf =====
RESULT:UNSAT

===== uf50-0364.cnf =====
RESULT:UNSAT

===== uf50-0365.cnf =====
RESULT:UNSAT

===== uf50-0366.cnf =====
RESULT:UNSAT

===== uf50-0367.cnf =====
RESULT:UNSAT

===== uf50-0368.cnf =====
RESULT:UNSAT

===== uf50-0369.cnf =====
RESULT:UNSAT

===== uf50-037.cnf =====
RESULT:UNSAT

===== uf50-0370.cnf =====
RESULT:UNSAT

===== uf50-0371.cnf =====
RESULT:UNSAT

===== uf50-0372.cnf =====
RESULT:UNSAT

===== uf50-0373.cnf =====
RESULT:UNSAT

===== uf50-0374.cnf =====
RESULT:UNSAT

===== uf50-0375.cnf =====
RESULT:SAT
ASSIGNMENT:1=1 2=1 3=0 4=1 5=1 6=0 7=0 8=1 9=1 10=0 11=0 12=1 13=0 14=0 15=0 16=0 17=0 18=1 19=0 20=0 21=1 22=1 23=1 24=1 25=1 26=1 27=1 28=1 29=1 30=1 31=1 32=0 33=0 34=0 35=0 36=1 37=0 38=1 39=0 40=0 41=0 42=0 43=1 44=0 45=1 46=0 47=0 48=0 49=1 50=1 

===== uf50-0376.cnf =====
RESULT:UNSAT

===== uf50-0377.cnf =====
RESULT:UNSAT

===== uf50-0378.cnf =====
RESULT:UNSAT

===== uf50-0379.cnf =====
RESULT:UNSAT

===== uf50-038.cnf =====
RESULT:UNSAT

===== uf50-0380.cnf =====
RESULT:UNSAT

===== uf50-0381.cnf =====
RESULT:UNSAT

===== uf50-0382.cnf =====
RESULT:UNSAT

===== uf50-0383.cnf =====
RESULT:UNSAT

===== uf50-0384.cnf =====
RESULT:UNSAT

===== uf50-0385.cnf =====
RESULT:SAT
ASSIGNMENT:1=1 2=1 3=1 4=1 5=1 6=1 7=1 8=1 9=0 10=1 11=1 12=1 13=1 14=0 15=1 16=0 17=1 18=1 19=0 20=0 21=0 22=1 23=1 24=1 25=0 26=1 27=1 28=1 29=1 30=1 31=1 32=1 33=0 34=1 35=0 36=1 37=1 38=0 39=1 40=0 41=1 42=1 43=1 44=1 45=0 46=1 47=0 48=0 49=0 50=0 

===== uf50-0386.cnf =====
RESULT:UNSAT

===== uf50-0387.cnf =====
RESULT:UNSAT

===== uf50-0388.cnf =====
RESULT:SAT
ASSIGNMENT:1=1 2=0 3=0 4=1 5=0 6=0 7=0 8=0 9=0 10=0 11=1 12=1 13=0 14=1 15=1 16=0 17=1 18=1 19=1 20=1 21=0 22=1 23=1 24=1 25=0 26=0 27=1 28=0 29=1 30=1 31=1 32=1 33=1 34=0 35=1 36=0 37=0 38=1 39=1 40=0 41=0 42=1 43=1 44=1 45=1 46=0 47=1 48=0 49=1 50=1 

===== uf50-0389.cnf =====
RESULT:UNSAT

===== uf50-039.cnf =====
RESULT:UNSAT

===== uf50-0390.cnf =====
RESULT:UNSAT

===== uf50-0391.cnf =====
RESULT:UNSAT

===== uf50-0392.cnf =====
RESULT:UNSAT

===== uf50-0393.cnf =====
RESULT:UNSAT

===== uf50-0394.cnf =====
RESULT:UNSAT

===== uf50-0395.cnf =====
RESULT:UNSAT

===== uf50-0396.cnf =====
RESULT:UNSAT

===== uf50-0397.cnf =====
RESULT:UNSAT

===== uf50-0398.cnf =====
RESULT:UNSAT

===== uf50-0399.cnf =====
RESULT:UNSAT

===== uf50-04.cnf =====
RESULT:UNSAT

===== uf50-040.cnf =====
RESULT:SAT
ASSIGNMENT:1=1 2=1 3=0 4=0 5=1 6=0 7=1 8=1 9=0 10=1 11=1 12=1 13=1 14=1 15=0 16=0 17=1 18=0 19=0 20=0 21=0 22=1 23=1 24=0 25=1 26=1 27=0 28=0 29=0 30=1 31=1 32=0 33=0 34=1 35=0 36=1 37=1 38=0 39=1 40=1 41=0 42=1 43=0 44=1 45=1 46=0 47=1 48=0 49=1 50=0 

===== uf50-0400.cnf =====


===== uf50-0401.cnf =====
RESULT:UNSAT

===== uf50-0402.cnf =====
RESULT:UNSAT

===== uf50-0403.cnf =====
RESULT:UNSAT

===== uf50-0404.cnf =====
RESULT:SAT
ASSIGNMENT:1=1 2=1 3=0 4=1 5=1 6=0 7=0 8=1 9=0 10=0 11=1 12=0 13=1 14=1 15=1 16=0 17=1 18=1 19=1 20=1 21=0 22=1 23=0 24=0 25=1 26=1 27=1 28=0 29=1 30=1 31=0 32=0 33=0 34=1 35=0 36=0 37=0 38=0 39=1 40=1 41=1 42=0 43=1 44=0 45=0 46=0 47=0 48=0 49=1 50=0 

===== uf50-0405.cnf =====
RESULT:SAT
ASSIGNMENT:1=1 2=1 3=1 4=0 5=1 6=0 7=1 8=0 9=1 10=1 11=0 12=0 13=0 14=1 15=1 16=1 17=0 18=1 19=1 20=0 21=0 22=0 23=1 24=1 25=0 26=0 27=1 28=1 29=0 30=0 31=1 32=1 33=1 34=0 35=1 36=0 37=1 38=0 39=1 40=0 41=0 42=0 43=0 44=1 45=0 46=1 47=1 48=0 49=1 50=0 

===== uf50-0406.cnf =====
RESULT:UNSAT

===== uf50-0407.cnf =====
RESULT:UNSAT

===== uf50-0408.cnf =====
RESULT:UNSAT

===== uf50-0409.cnf =====


===== uf50-041.cnf =====
RESULT:UNSAT

===== uf50-0410.cnf =====
RESULT:UNSAT

===== uf50-0411.cnf =====
RESULT:UNSAT

===== uf50-0412.cnf =====
RESULT:UNSAT

===== uf50-0413.cnf =====
RESULT:UNSAT

===== uf50-0414.cnf =====
RESULT:UNSAT

===== uf50-0415.cnf =====
RESULT:UNSAT

===== uf50-0416.cnf =====
RESULT:UNSAT

===== uf50-0417.cnf =====
RESULT:UNSAT

===== uf50-0418.cnf =====
RESULT:UNSAT

===== uf50-0419.cnf =====
RESULT:UNSAT

===== uf50-042.cnf =====
RESULT:UNSAT

===== uf50-0420.cnf =====
RESULT:UNSAT

===== uf50-0421.cnf =====
RESULT:UNSAT

===== uf50-0422.cnf =====
RESULT:UNSAT

===== uf50-0423.cnf =====
RESULT:UNSAT

===== uf50-0424.cnf =====
RESULT:UNSAT

===== uf50-0425.cnf =====
RESULT:UNSAT

===== uf50-0426.cnf =====
RESULT:UNSAT

===== uf50-0427.cnf =====
RESULT:SAT
ASSIGNMENT:1=1 2=1 3=1 4=1 5=1 6=1 7=0 8=1 9=0 10=0 11=0 12=1 13=1 14=0 15=0 16=0 17=1 18=0 19=1 20=0 21=0 22=0 23=1 24=0 25=1 26=1 27=1 28=1 29=0 30=1 31=1 32=0 33=1 34=1 35=1 36=1 37=0 38=0 39=0 40=1 41=1 42=0 43=0 44=0 45=0 46=1 47=0 48=1 49=1 50=0 

===== uf50-0428.cnf =====
RESULT:UNSAT

===== uf50-0429.cnf =====
RESULT:UNSAT

===== uf50-043.cnf =====
RESULT:UNSAT

===== uf50-0430.cnf =====
RESULT:UNSAT

===== uf50-0431.cnf =====
RESULT:SAT
ASSIGNMENT:1=0 2=0 3=1 4=0 5=0 6=0 7=0 8=1 9=1 10=1 11=0 12=1 13=0 14=1 15=0 16=1 17=0 18=1 19=1 20=1 21=1 22=1 23=0 24=0 25=1 26=1 27=1 28=1 29=0 30=1 31=0 32=0 33=1 34=1 35=1 36=0 37=0 38=1 39=1 40=1 41=1 42=0 43=0 44=1 45=1 46=1 47=1 48=0 49=0 50=0 

===== uf50-0432.cnf =====
RESULT:UNSAT

===== uf50-0433.cnf =====
RESULT:UNSAT

===== uf50-0434.cnf =====
RESULT:UNSAT

===== uf50-0435.cnf =====
RESULT:UNSAT

===== uf50-0436.cnf =====
RESULT:UNSAT

===== uf50-0437.cnf =====
RESULT:UNSAT

===== uf50-0438.cnf =====
RESULT:UNSAT

===== uf50-0439.cnf =====
RESULT:SAT
ASSIGNMENT:1=0 2=1 3=1 4=1 5=0 6=0 7=0 8=0 9=1 10=0 11=0 12=0 13=0 14=0 15=0 16=1 17=1 18=1 19=0 20=1 21=0 22=1 23=0 24=1 25=0 26=0 27=1 28=0 29=1 30=1 31=1 32=1 33=1 34=1 35=0 36=0 37=0 38=1 39=0 40=0 41=1 42=0 43=0 44=0 45=0 46=0 47=0 48=0 49=1 50=1 

===== uf50-044.cnf =====
RESULT:UNSAT

===== uf50-0440.cnf =====
RESULT:UNSAT

===== uf50-0441.cnf =====
RESULT:UNSAT

===== uf50-0442.cnf =====
RESULT:UNSAT

===== uf50-0443.cnf =====
RESULT:UNSAT

===== uf50-0444.cnf =====
RESULT:UNSAT

===== uf50-0445.cnf =====
RESULT:SAT
ASSIGNMENT:1=1 2=1 3=1 4=1 5=1 6=1 7=0 8=0 9=1 10=1 11=0 12=1 13=0 14=0 15=0 16=1 17=1 18=0 19=1 20=1 21=1 22=0 23=1 24=1 25=0 26=0 27=0 28=1 29=0 30=1 31=0 32=1 33=1 34=0 35=1 36=0 37=0 38=1 39=1 40=1 41=1 42=1 43=0 44=0 45=1 46=1 47=1 48=0 49=0 50=0 

===== uf50-0446.cnf =====
RESULT:UNSAT

===== uf50-0447.cnf =====
RESULT:UNSAT

===== uf50-0448.cnf =====
RESULT:UNSAT

===== uf50-0449.cnf =====
RESULT:UNSAT

===== uf50-045.cnf =====
RESULT:UNSAT

===== uf50-0450.cnf =====
RESULT:UNSAT

===== uf50-0451.cnf =====
RESULT:UNSAT

===== uf50-0452.cnf =====
RESULT:UNSAT

===== uf50-0453.cnf =====
RESULT:UNSAT

===== uf50-0454.cnf =====
RESULT:UNSAT

===== uf50-0455.cnf =====
RESULT:UNSAT

===== uf50-0456.cnf =====
RESULT:UNSAT

===== uf50-0457.cnf =====
RESULT:SAT
ASSIGNMENT:1=0 2=1 3=0 4=0 5=1 6=0 7=1 8=0 9=0 10=0 11=0 12=1 13=0 14=1 15=1 16=0 17=1 18=1 19=0 20=0 21=0 22=1 23=1 24=0 25=0 26=1 27=0 28=0 29=0 30=1 31=1 32=1 33=1 34=1 35=0 36=0 37=1 38=1 39=1 40=0 41=1 42=0 43=1 44=1 45=0 46=0 47=0 48=0 49=0 50=0 

===== uf50-0458.cnf =====
RESULT:UNSAT

===== uf50-0459.cnf =====
RESULT:UNSAT

===== uf50-046.cnf =====
RESULT:UNSAT

===== uf50-0460.cnf =====
RESULT:UNSAT

===== uf50-0461.cnf =====
RESULT:UNSAT

===== uf50-0462.cnf =====
RESULT:UNSAT

===== uf50-0463.cnf =====
RESULT:UNSAT

===== uf50-0464.cnf =====
RESULT:UNSAT

===== uf50-0465.cnf =====
RESULT:UNSAT

===== uf50-0466.cnf =====
RESULT:UNSAT

===== uf50-0467.cnf =====
RESULT:UNSAT

===== uf50-0468.cnf =====
RESULT:UNSAT

===== uf50-0469.cnf =====
RESULT:UNSAT

===== uf50-047.cnf =====
RESULT:UNSAT

===== uf50-0470.cnf =====
RESULT:UNSAT

===== uf50-0471.cnf =====
RESULT:UNSAT

===== uf50-0472.cnf =====
RESULT:UNSAT

===== uf50-0473.cnf =====
RESULT:UNSAT

===== uf50-0474.cnf =====
RESULT:UNSAT

===== uf50-0475.cnf =====
RESULT:UNSAT

===== uf50-0476.cnf =====
RESULT:UNSAT

===== uf50-0477.cnf =====
RESULT:UNSAT

===== uf50-0478.cnf =====
RESULT:UNSAT

===== uf50-0479.cnf =====
RESULT:UNSAT

===== uf50-048.cnf =====
RESULT:SAT
ASSIGNMENT:1=1 2=0 3=1 4=1 5=0 6=0 7=0 8=0 9=1 10=1 11=0 12=0 13=1 14=1 15=0 16=1 17=0 18=0 19=0 20=1 21=0 22=1 23=1 24=0 25=1 26=0 27=1 28=1 29=1 30=1 31=1 32=0 33=1 34=1 35=1 36=1 37=0 38=1 39=0 40=0 41=1 42=0 43=1 44=0 45=0 46=1 47=0 48=0 49=1 50=0 

===== uf50-0480.cnf =====
RESULT:UNSAT

===== uf50-0481.cnf =====
RESULT:UNSAT

===== uf50-0482.cnf =====
RESULT:SAT
ASSIGNMENT:1=1 2=1 3=1 4=0 5=0 6=0 7=1 8=1 9=1 10=1 11=0 12=1 13=1 14=0 15=0 16=1 17=1 18=0 19=1 20=0 21=0 22=0 23=0 24=0 25=1 26=1 27=1 28=1 29=1 30=1 31=1 32=0 33=0 34=0 35=0 36=0 37=1 38=1 39=1 40=1 41=1 42=0 43=1 44=0 45=1 46=1 47=0 48=0 49=0 50=1 

===== uf50-0483.cnf =====
RESULT:UNSAT

===== uf50-0484.cnf =====
RESULT:UNSAT

===== uf50-0485.cnf =====
RESULT:UNSAT

===== uf50-0486.cnf =====
RESULT:UNSAT

===== uf50-0487.cnf =====
RESULT:SAT
ASSIGNMENT:1=1 2=1 3=0 4=0 5=1 6=1 7=0 8=1 9=0 10=0 11=0 12=1 13=0 14=1 15=1 16=1 17=1 18=1 19=0 20=1 21=1 22=1 23=0 24=0 25=1 26=1 27=1 28=1 29=0 30=1 31=1 32=1 33=0 34=1 35=0 36=1 37=1 38=1 39=1 40=1 41=0 42=0 43=0 44=0 45=0 46=1 47=0 48=1 49=0 50=1 

===== uf50-0488.cnf =====
RESULT:UNSAT

===== uf50-0489.cnf =====
RESULT:UNSAT

===== uf50-049.cnf =====
RESULT:UNSAT

===== uf50-0490.cnf =====
RESULT:UNSAT

===== uf50-0491.cnf =====
RESULT:SAT
ASSIGNMENT:1=1 2=1 3=1 4=0 5=1 6=0 7=0 8=0 9=1 10=1 11=1 12=1 13=0 14=0 15=0 16=0 17=1 18=1 19=0 20=0 21=1 22=1 23=0 24=0 25=0 26=1 27=1 28=1 29=1 30=0 31=0 32=1 33=1 34=0 35=0 36=1 37=1 38=1 39=1 40=0 41=0 42=1 43=1 44=0 45=0 46=0 47=1 48=0 49=0 50=0 

===== uf50-0492.cnf =====
RESULT:UNSAT

===== uf50-0493.cnf =====
RESULT:UNSAT

===== uf50-0494.cnf =====
RESULT:UNSAT

===== uf50-0495.cnf =====
RESULT:UNSAT

===== uf50-0496.cnf =====
RESULT:UNSAT

===== uf50-0497.cnf =====
RESULT:UNSAT

===== uf50-0498.cnf =====
RESULT:UNSAT

===== uf50-0499.cnf =====
RESULT:UNSAT

===== uf50-05.cnf =====
RESULT:SAT
ASSIGNMENT:1=1 2=1 3=1 4=0 5=1 6=1 7=0 8=1 9=0 10=1 11=0 12=1 13=0 14=0 15=1 16=1 17=1 18=1 19=1 20=1 21=1 22=1 23=1 24=0 25=1 26=0 27=0 28=1 29=0 30=1 31=1 32=1 33=0 34=0 35=1 36=0 37=1 38=0 39=0 40=1 41=0 42=0 43=0 44=1 45=1 46=1 47=0 48=0 49=1 50=0 

===== uf50-050.cnf =====
RESULT:UNSAT

===== uf50-0500.cnf =====
RESULT:UNSAT

===== uf50-0501.cnf =====
RESULT:SAT
ASSIGNMENT:1=1 2=1 3=1 4=1 5=1 6=1 7=1 8=0 9=0 10=1 11=1 12=1 13=1 14=1 15=0 16=0 17=0 18=0 19=1 20=0 21=1 22=1 23=1 24=0 25=1 26=1 27=1 28=1 29=1 30=1 31=0 32=0 33=1 34=1 35=1 36=0 37=1 38=0 39=1 40=0 41=0 42=0 43=0 44=0 45=0 46=0 47=1 48=0 49=0 50=1 

===== uf50-0502.cnf =====
RESULT:UNSAT

===== uf50-0503.cnf =====
RESULT:UNSAT

===== uf50-0504.cnf =====
RESULT:UNSAT

===== uf50-0505.cnf =====
RESULT:UNSAT

===== uf50-0506.cnf =====
RESULT:SAT
ASSIGNMENT:1=1 2=1 3=1 4=0 5=0 6=0 7=0 8=0 9=0 10=1 11=0 12=1 13=0 14=1 15=1 16=1 17=0 18=1 19=0 20=1 21=1 22=0 23=0 24=0 25=1 26=0 27=1 28=1 29=0 30=1 31=1 32=1 33=0 34=1 35=0 36=1 37=0 38=0 39=1 40=0 41=1 42=0 43=1 44=0 45=0 46=0 47=0 48=0 49=1 50=0 

===== uf50-0507.cnf =====
RESULT:UNSAT

===== uf50-0508.cnf =====
RESULT:UNSAT

===== uf50-0509.cnf =====
RESULT:UNSAT

===== uf50-051.cnf =====
RESULT:SAT
ASSIGNMENT:1=0 2=1 3=0 4=0 5=0 6=1 7=0 8=0 9=0 10=0 11=0 12=0 13=0 14=0 15=1 16=1 17=0 18=1 19=1 20=1 21=1 22=0 23=1 24=0 25=1 26=1 27=0 28=1 29=1 30=1 31=1 32=1 33=1 34=0 35=0 36=1 37=1 38=1 39=1 40=1 41=0 42=1 43=0 44=0 45=1 46=0 47=1 48=1 49=0 50=0 

===== uf50-0510.cnf =====
RESULT:UNSAT

===== uf50-0511.cnf =====
RESULT:UNSAT

===== uf50-0512.cnf =====
RESULT:SAT
ASSIGNMENT:1=0 2=1 3=0 4=0 5=1 6=0 7=0 8=0 9=1 10=1 11=1 12=1 13=1 14=0 15=0 16=1 17=0 18=0 19=0 20=1 21=0 22=1 23=0 24=0 25=1 26=1 27=0 28=1 29=0 30=0 31=0 32=1 33=1 34=1 35=1 36=0 37=1 38=1 39=1 40=0 41=1 42=1 43=0 44=1 45=1 46=0 47=0 48=1 49=0 50=0 

===== uf50-0513.cnf =====
RESULT:UNSAT

===== uf50-0514.cnf =====
RESULT:UNSAT

===== uf50-0515.cnf =====
RESULT:UNSAT

===== uf50-0516.cnf =====
RESULT:UNSAT

===== uf50-0517.cnf =====
RESULT:UNSAT

===== uf50-0518.cnf =====
RESULT:UNSAT

===== uf50-0519.cnf =====
RESULT:UNSAT

===== uf50-052.cnf =====
RESULT:UNSAT

===== uf50-0520.cnf =====
RESULT:UNSAT

===== uf50-0521.cnf =====
RESULT:SAT
ASSIGNMENT:1=0 2=0 3=0 4=1 5=0 6=1 7=0 8=1 9=0 10=1 11=0 12=1 13=1 14=1 15=0 16=1 17=1 18=0 19=0 20=0 21=0 22=0 23=0 24=0 25=1 26=1 27=1 28=1 29=1 30=1 31=1 32=1 33=1 34=0 35=0 36=1 37=0 38=0 39=1 40=1 41=1 42=1 43=0 44=0 45=1 46=1 47=1 48=1 49=1 50=1 

===== uf50-0522.cnf =====
RESULT:UNSAT

===== uf50-0523.cnf =====
RESULT:UNSAT

===== uf50-0524.cnf =====
RESULT:SAT
ASSIGNMENT:1=0 2=0 3=1 4=0 5=1 6=1 7=0 8=1 9=0 10=0 11=0 12=0 13=1 14=1 15=1 16=0 17=1 18=0 19=1 20=1 21=0 22=0 23=1 24=1 25=0 26=0 27=0 28=0 29=1 30=1 31=1 32=0 33=1 34=0 35=0 36=0 37=0 38=1 39=0 40=1 41=0 42=0 43=1 44=1 45=1 46=1 47=0 48=1 49=1 50=1 

===== uf50-0525.cnf =====
RESULT:SAT
ASSIGNMENT:1=1 2=1 3=1 4=0 5=0 6=1 7=1 8=1 9=0 10=1 11=1 12=1 13=0 14=1 15=1 16=0 17=1 18=1 19=0 20=1 21=0 22=1 23=0 24=0 25=1 26=0 27=0 28=0 29=1 30=0 31=1 32=1 33=0 34=0 35=1 36=1 37=1 38=0 39=1 40=1 41=1 42=0 43=0 44=1 45=0 46=1 47=0 48=1 49=1 50=1 

===== uf50-0526.cnf =====
RESULT:UNSAT

===== uf50-0527.cnf =====
RESULT:UNSAT

===== uf50-0528.cnf =====
RESULT:UNSAT

===== uf50-0529.cnf =====
RESULT:UNSAT

===== uf50-053.cnf =====
RESULT:UNSAT

===== uf50-0530.cnf =====
RESULT:UNSAT

===== uf50-0531.cnf =====
RESULT:UNSAT

===== uf50-0532.cnf =====
RESULT:SAT
ASSIGNMENT:1=1 2=0 3=0 4=1 5=1 6=1 7=0 8=1 9=1 10=1 11=0 12=1 13=1 14=0 15=0 16=0 17=1 18=1 19=0 20=0 21=0 22=0 23=1 24=0 25=0 26=0 27=1 28=0 29=0 30=0 31=1 32=1 33=1 34=0 35=0 36=1 37=1 38=0 39=1 40=1 41=0 42=0 43=1 44=1 45=0 46=1 47=0 48=1 49=1 50=0 

===== uf50-0533.cnf =====
RESULT:UNSAT

===== uf50-0534.cnf =====
RESULT:SAT
ASSIGNMENT:1=1 2=1 3=1 4=0 5=0 6=0 7=0 8=0 9=0 10=0 11=1 12=0 13=0 14=0 15=0 16=1 17=1 18=1 19=0 20=1 21=1 22=0 23=0 24=1 25=1 26=0 27=0 28=0 29=1 30=0 31=0 32=1 33=0 34=1 35=1 36=0 37=0 38=1 39=0 40=1 41=1 42=0 43=0 44=1 45=0 46=1 47=0 48=1 49=1 50=1 

===== uf50-0535.cnf =====
RESULT:UNSAT

===== uf50-0536.cnf =====
RESULT:UNSAT

===== uf50-0537.cnf =====
RESULT:UNSAT

===== uf50-0538.cnf =====
RESULT:SAT
ASSIGNMENT:1=1 2=1 3=1 4=1 5=0 6=1 7=0 8=1 9=1 10=1 11=0 12=1 13=0 14=1 15=0 16=1 17=1 18=1 19=0 20=0 21=0 22=0 23=1 24=0 25=0 26=1 27=0 28=0 29=0 30=1 31=1 32=1 33=0 34=0 35=0 36=0 37=1 38=0 39=1 40=0 41=1 42=1 43=0 44=1 45=0 46=1 47=1 48=1 49=1 50=0 

===== uf50-0539.cnf =====
RESULT:UNSAT

===== uf50-054.cnf =====


===== uf50-0540.cnf =====
RESULT:UNSAT

===== uf50-0541.cnf =====
RESULT:UNSAT

===== uf50-0542.cnf =====
RESULT:UNSAT

===== uf50-0543.cnf =====
RESULT:UNSAT

===== uf50-0544.cnf =====
RESULT:SAT
ASSIGNMENT:1=1 2=0 3=1 4=1 5=1 6=0 7=1 8=1 9=0 10=0 11=1 12=0 13=1 14=0 15=1 16=1 17=0 18=1 19=1 20=1 21=1 22=1 23=0 24=0 25=1 26=0 27=0 28=1 29=1 30=0 31=0 32=0 33=1 34=0 35=0 36=1 37=0 38=1 39=0 40=0 41=0 42=0 43=1 44=0 45=0 46=0 47=1 48=1 49=1 50=1 

===== uf50-0545.cnf =====
RESULT:UNSAT

===== uf50-0546.cnf =====
RESULT:UNSAT

===== uf50-0547.cnf =====
RESULT:UNSAT

===== uf50-0548.cnf =====
RESULT:UNSAT

===== uf50-0549.cnf =====
RESULT:SAT
ASSIGNMENT:1=1 2=1 3=1 4=1 5=1 6=1 7=1 8=1 9=1 10=0 11=0 12=1 13=1 14=0 15=1 16=0 17=0 18=1 19=0 20=1 21=1 22=0 23=1 24=0 25=1 26=0 27=0 28=1 29=0 30=0 31=0 32=1 33=1 34=1 35=1 36=1 37=0 38=0 39=0 40=0 41=1 42=1 43=1 44=0 45=1 46=1 47=0 48=0 49=1 50=0 

===== uf50-055.cnf =====
RESULT:SAT
ASSIGNMENT:1=1 2=1 3=0 4=0 5=1 6=1 7=0 8=1 9=0 10=0 11=1 12=0 13=0 14=1 15=0 16=0 17=1 18=0 19=1 20=0 21=1 22=0 23=0 24=1 25=1 26=0 27=1 28=1 29=0 30=1 31=0 32=0 33=0 34=0 35=1 36=0 37=1 38=0 39=1 40=0 41=0 42=0 43=1 44=1 45=1 46=1 47=1 48=0 49=0 50=1 

===== uf50-0550.cnf =====


===== uf50-0551.cnf =====
RESULT:UNSAT

===== uf50-0552.cnf =====
RESULT:UNSAT

===== uf50-0553.cnf =====
RESULT:UNSAT

===== uf50-0554.cnf =====
RESULT:UNSAT

===== uf50-0555.cnf =====
RESULT:SAT
ASSIGNMENT:1=1 2=1 3=1 4=1 5=1 6=1 7=1 8=1 9=1 10=0 11=1 12=0 13=0 14=1 15=1 16=1 17=1 18=0 19=1 20=0 21=0 22=0 23=0 24=0 25=0 26=0 27=1 28=0 29=1 30=0 31=0 32=1 33=0 34=1 35=0 36=1 37=0 38=0 39=0 40=0 41=0 42=0 43=0 44=0 45=1 46=1 47=0 48=0 49=0 50=1 

===== uf50-0556.cnf =====
RESULT:SAT
ASSIGNMENT:1=1 2=1 3=0 4=0 5=1 6=0 7=1 8=0 9=0 10=0 11=1 12=0 13=0 14=0 15=0 16=0 17=0 18=0 19=1 20=1 21=1 22=0 23=1 24=1 25=1 26=1 27=1 28=1 29=1 30=1 31=1 32=0 33=0 34=1 35=0 36=0 37=1 38=1 39=1 40=1 41=1 42=0 43=1 44=1 45=0 46=0 47=1 48=0 49=1 50=1 

===== uf50-0557.cnf =====
RESULT:UNSAT

===== uf50-0558.cnf =====
RESULT:UNSAT

===== uf50-0559.cnf =====
RESULT:UNSAT

===== uf50-056.cnf =====
RESULT:UNSAT

===== uf50-0560.cnf =====
RESULT:UNSAT

===== uf50-0561.cnf =====
RESULT:UNSAT

===== uf50-0562.cnf =====
RESULT:UNSAT

===== uf50-0563.cnf =====
RESULT:UNSAT

===== uf50-0564.cnf =====
RESULT:UNSAT

===== uf50-0565.cnf =====
RESULT:UNSAT

===== uf50-0566.cnf =====
RESULT:UNSAT

===== uf50-0567.cnf =====
RESULT:UNSAT

===== uf50-0568.cnf =====
RESULT:SAT
ASSIGNMENT:1=1 2=1 3=1 4=0 5=1 6=0 7=0 8=0 9=0 10=1 11=0 12=0 13=0 14=0 15=1 16=0 17=1 18=0 19=0 20=0 21=0 22=1 23=0 24=0 25=1 26=1 27=1 28=0 29=1 30=0 31=1 32=0 33=1 34=1 35=0 36=0 37=1 38=1 39=1 40=1 41=0 42=0 43=0 44=0 45=0 46=1 47=1 48=1 49=1 50=0 

===== uf50-0569.cnf =====
RESULT:UNSAT

===== uf50-057.cnf =====
RESULT:UNSAT

===== uf50-0570.cnf =====
RESULT:UNSAT

===== uf50-0571.cnf =====
RESULT:UNSAT

===== uf50-0572.cnf =====
RESULT:UNSAT

===== uf50-0573.cnf =====
RESULT:UNSAT

===== uf50-0574.cnf =====
RESULT:UNSAT

===== uf50-0575.cnf =====
RESULT:UNSAT

===== uf50-0576.cnf =====
RESULT:UNSAT

===== uf50-0577.cnf =====
RESULT:UNSAT

===== uf50-0578.cnf =====
RESULT:UNSAT

===== uf50-0579.cnf =====
RESULT:UNSAT

===== uf50-058.cnf =====
RESULT:UNSAT

===== uf50-0580.cnf =====
RESULT:UNSAT

===== uf50-0581.cnf =====
RESULT:UNSAT

===== uf50-0582.cnf =====
RESULT:UNSAT

===== uf50-0583.cnf =====
RESULT:UNSAT

===== uf50-0584.cnf =====
RESULT:SAT
ASSIGNMENT:1=1 2=1 3=1 4=1 5=1 6=0 7=1 8=1 9=1 10=1 11=1 12=1 13=0 14=0 15=0 16=1 17=1 18=1 19=1 20=0 21=1 22=0 23=0 24=0 25=0 26=0 27=1 28=1 29=1 30=0 31=0 32=0 33=0 34=1 35=1 36=1 37=1 38=1 39=0 40=0 41=1 42=0 43=0 44=1 45=0 46=0 47=0 48=1 49=0 50=0 

===== uf50-0585.cnf =====
RESULT:UNSAT

===== uf50-0586.cnf =====
RESULT:UNSAT

===== uf50-0587.cnf =====
RESULT:UNSAT

===== uf50-0588.cnf =====
RESULT:UNSAT

===== uf50-0589.cnf =====
RESULT:SAT
ASSIGNMENT:1=1 2=1 3=0 4=0 5=1 6=0 7=1 8=0 9=1 10=0 11=0 12=1 13=0 14=0 15=1 16=0 17=0 18=1 19=1 20=1 21=1 22=0 23=1 24=1 25=1 26=1 27=0 28=1 29=0 30=0 31=1 32=1 33=0 34=1 35=0 36=0 37=0 38=1 39=0 40=0 41=1 42=0 43=1 44=1 45=1 46=0 47=0 48=1 49=1 50=0 

===== uf50-059.cnf =====
RESULT:UNSAT

===== uf50-0590.cnf =====
RESULT:UNSAT

===== uf50-0591.cnf =====
RESULT:SAT
ASSIGNMENT:1=1 2=1 3=1 4=1 5=0 6=1 7=1 8=1 9=1 10=1 11=1 12=0 13=0 14=1 15=1 16=1 17=1 18=1 19=1 20=0 21=1 22=1 23=1 24=1 25=1 26=1 27=0 28=0 29=0 30=1 31=0 32=1 33=1 34=1 35=1 36=1 37=1 38=0 39=1 40=0 41=0 42=1 43=1 44=0 45=0 46=0 47=0 48=0 49=1 50=1 

===== uf50-0592.cnf =====
RESULT:UNSAT

===== uf50-0593.cnf =====
RESULT:UNSAT

===== uf50-0594.cnf =====
RESULT:UNSAT

===== uf50-0595.cnf =====
RESULT:UNSAT

===== uf50-0596.cnf =====
RESULT:SAT
ASSIGNMENT:1=1 2=1 3=1 4=1 5=1 6=1 7=1 8=0 9=1 10=0 11=1 12=0 13=1 14=1 15=1 16=1 17=1 18=0 19=1 20=1 21=1 22=1 23=0 24=1 25=0 26=0 27=1 28=0 29=1 30=0 31=1 32=1 33=0 34=1 35=1 36=1 37=0 38=0 39=1 40=1 41=1 42=0 43=0 44=0 45=0 46=0 47=1 48=1 49=1 50=1 

===== uf50-0597.cnf =====
RESULT:UNSAT

===== uf50-0598.cnf =====
RESULT:SAT
ASSIGNMENT:1=0 2=1 3=0 4=0 5=0 6=0 7=1 8=1 9=0 10=1 11=1 12=0 13=1 14=0 15=0 16=0 17=0 18=1 19=1 20=1 21=1 22=0 23=0 24=1 25=1 26=1 27=0 28=1 29=1 30=0 31=1 32=0 33=1 34=1 35=1 36=1 37=1 38=1 39=0 40=0 41=1 42=1 43=1 44=0 45=1 46=0 47=0 48=0 49=1 50=0 

===== uf50-0599.cnf =====
RESULT:UNSAT

===== uf50-06.cnf =====
RESULT:UNSAT

===== uf50-060.cnf =====
RESULT:UNSAT

===== uf50-0600.cnf =====
RESULT:UNSAT

===== uf50-0601.cnf =====


===== uf50-0602.cnf =====
RESULT:UNSAT

===== uf50-0603.cnf =====
RESULT:SAT
ASSIGNMENT:1=1 2=1 3=1 4=0 5=1 6=0 7=1 8=0 9=0 10=1 11=1 12=0 13=0 14=0 15=1 16=1 17=1 18=0 19=1 20=0 21=0 22=1 23=1 24=0 25=1 26=0 27=0 28=1 29=0 30=1 31=1 32=1 33=1 34=1 35=0 36=1 37=1 38=0 39=0 40=1 41=0 42=1 43=1 44=0 45=1 46=0 47=1 48=0 49=0 50=0 

===== uf50-0604.cnf =====
RESULT:SAT
ASSIGNMENT:1=1 2=1 3=0 4=1 5=0 6=1 7=1 8=1 9=0 10=1 11=1 12=0 13=1 14=0 15=1 16=1 17=1 18=1 19=1 20=1 21=0 22=1 23=1 24=1 25=1 26=1 27=1 28=0 29=0 30=1 31=0 32=0 33=0 34=1 35=1 36=0 37=0 38=1 39=0 40=0 41=0 42=0 43=0 44=0 45=1 46=0 47=1 48=0 49=1 50=0 

===== uf50-0605.cnf =====
RESULT:UNSAT

===== uf50-0606.cnf =====
RESULT:UNSAT

===== uf50-0607.cnf =====
RESULT:UNSAT

===== uf50-0608.cnf =====
RESULT:UNSAT

===== uf50-0609.cnf =====
RESULT:UNSAT

===== uf50-061.cnf =====
RESULT:UNSAT

===== uf50-0610.cnf =====
RESULT:UNSAT

===== uf50-0611.cnf =====
RESULT:SAT
ASSIGNMENT:1=1 2=1 3=1 4=1 5=0 6=0 7=0 8=0 9=0 10=0 11=0 12=1 13=1 14=0 15=1 16=1 17=1 18=0 19=1 20=0 21=0 22=0 23=0 24=0 25=1 26=0 27=0 28=1 29=1 30=1 31=1 32=1 33=1 34=1 35=1 36=0 37=0 38=1 39=0 40=0 41=1 42=0 43=1 44=1 45=1 46=1 47=0 48=0 49=1 50=0 

===== uf50-0612.cnf =====
RESULT:UNSAT

===== uf50-0613.cnf =====
RESULT:UNSAT

===== uf50-0614.cnf =====
RESULT:SAT
ASSIGNMENT:1=0 2=0 3=0 4=1 5=0 6=1 7=0 8=0 9=0 10=0 11=1 12=1 13=1 14=1 15=0 16=0 17=1 18=1 19=1 20=0 21=1 22=1 23=0 24=0 25=0 26=1 27=1 28=0 29=0 30=1 31=0 32=1 33=1 34=0 35=0 36=0 37=1 38=1 39=1 40=0 41=1 42=0 43=0 44=1 45=0 46=1 47=1 48=1 49=1 50=0 

===== uf50-0615.cnf =====
RESULT:UNSAT

===== uf50-0616.cnf =====
RESULT:UNSAT

===== uf50-0617.cnf =====
RESULT:UNSAT

===== uf50-0618.cnf =====
RESULT:UNSAT

===== uf50-0619.cnf =====
RESULT:UNSAT

===== uf50-062.cnf =====
RESULT:UNSAT

===== uf50-0620.cnf =====
RESULT:UNSAT

===== uf50-0621.cnf =====
RESULT:UNSAT

===== uf50-0622.cnf =====
RESULT:UNSAT

===== uf50-0623.cnf =====
RESULT:UNSAT

===== uf50-0624.cnf =====
RESULT:SAT
ASSIGNMENT:1=1 2=1 3=0 4=0 5=0 6=1 7=0 8=0 9=0 10=0 11=0 12=0 13=1 14=1 15=1 16=0 17=0 18=0 19=1 20=0 21=0 22=0 23=0 24=1 25=0 26=1 27=0 28=0 29=0 30=0 31=1 32=1 33=1 34=0 35=1 36=1 37=0 38=0 39=0 40=0 41=1 42=1 43=1 44=1 45=1 46=1 47=0 48=0 49=1 50=1 

===== uf50-0625.cnf =====
RESULT:SAT
ASSIGNMENT:1=1 2=1 3=0 4=1 5=1 6=1 7=1 8=0 9=0 10=0 11=0 12=0 13=0 14=0 15=0 16=1 17=0 18=0 19=0 20=1 21=1 22=0 23=1 24=1 25=1 26=1 27=0 28=1 29=0 30=0 31=1 32=0 33=0 34=1 35=1 36=0 37=1 38=0 39=0 40=1 41=0 42=1 43=1 44=1 45=0 46=0 47=0 48=0 49=1 50=1 

===== uf50-0626.cnf =====
RESULT:UNSAT

===== uf50-0627.cnf =====
RESULT:UNSAT

===== uf50-0628.cnf =====
RESULT:UNSAT

===== uf50-0629.cnf =====
RESULT:UNSAT

===== uf50-063.cnf =====
RESULT:UNSAT

===== uf50-0630.cnf =====
RESULT:UNSAT

===== uf50-0631.cnf =====
RESULT:UNSAT

===== uf50-0632.cnf =====
RESULT:UNSAT

===== uf50-0633.cnf =====
RESULT:UNSAT

===== uf50-0634.cnf =====
RESULT:UNSAT

===== uf50-0635.cnf =====
RESULT:UNSAT

===== uf50-0636.cnf =====
RESULT:SAT
ASSIGNMENT:1=1 2=1 3=1 4=1 5=0 6=1 7=0 8=0 9=1 10=0 11=0 12=1 13=0 14=1 15=1 16=1 17=1 18=1 19=0 20=1 21=1 22=1 23=0 24=0 25=0 26=0 27=0 28=1 29=0 30=0 31=1 32=1 33=0 34=0 35=1 36=1 37=0 38=0 39=0 40=1 41=0 42=0 43=1 44=0 45=0 46=0 47=0 48=0 49=0 50=1 

===== uf50-0637.cnf =====
RESULT:UNSAT

===== uf50-0638.cnf =====
RESULT:UNSAT

===== uf50-0639.cnf =====
RESULT:UNSAT

===== uf50-064.cnf =====
RESULT:UNSAT

===== uf50-0640.cnf =====
RESULT:UNSAT

===== uf50-0641.cnf =====
RESULT:UNSAT

===== uf50-0642.cnf =====
RESULT:UNSAT

===== uf50-0643.cnf =====
RESULT:UNSAT

===== uf50-0644.cnf =====
RESULT:UNSAT

===== uf50-0645.cnf =====
RESULT:UNSAT

===== uf50-0646.cnf =====
RESULT:UNSAT

===== uf50-0647.cnf =====
RESULT:UNSAT

===== uf50-0648.cnf =====
RESULT:UNSAT

===== uf50-0649.cnf =====
RESULT:UNSAT

===== uf50-065.cnf =====
RESULT:UNSAT

===== uf50-0650.cnf =====
RESULT:UNSAT

===== uf50-0651.cnf =====
RESULT:SAT
ASSIGNMENT:1=1 2=1 3=0 4=1 5=1 6=0 7=1 8=0 9=1 10=0 11=1 12=1 13=1 14=0 15=1 16=0 17=1 18=1 19=1 20=0 21=0 22=0 23=0 24=1 25=1 26=1 27=0 28=1 29=1 30=1 31=1 32=1 33=1 34=1 35=0 36=0 37=0 38=0 39=1 40=1 41=0 42=0 43=1 44=0 45=0 46=1 47=1 48=0 49=1 50=1 

===== uf50-0652.cnf =====
RESULT:UNSAT

===== uf50-0653.cnf =====
RESULT:UNSAT

===== uf50-0654.cnf =====
RESULT:UNSAT

===== uf50-0655.cnf =====
RESULT:UNSAT

===== uf50-0656.cnf =====
RESULT:SAT
ASSIGNMENT:1=1 2=0 3=0 4=1 5=0 6=1 7=1 8=1 9=1 10=1 11=0 12=0 13=0 14=0 15=1 16=0 17=1 18=1 19=1 20=1 21=0 22=0 23=1 24=0 25=0 26=0 27=1 28=1 29=1 30=1 31=0 32=0 33=0 34=1 35=0 36=1 37=1 38=0 39=1 40=0 41=0 42=1 43=1 44=0 45=0 46=0 47=0 48=0 49=1 50=1 

===== uf50-0657.cnf =====
RESULT:UNSAT

===== uf50-0658.cnf =====
RESULT:UNSAT

===== uf50-0659.cnf =====
RESULT:UNSAT

===== uf50-066.cnf =====
RESULT:UNSAT

===== uf50-0660.cnf =====
RESULT:UNSAT

===== uf50-0661.cnf =====
RESULT:UNSAT

===== uf50-0662.cnf =====
RESULT:SAT
ASSIGNMENT:1=0 2=1 3=1 4=1 5=1 6=1 7=0 8=0 9=1 10=0 11=0 12=1 13=0 14=0 15=0 16=0 17=0 18=0 19=1 20=1 21=1 22=1 23=1 24=1 25=0 26=0 27=1 28=1 29=1 30=0 31=0 32=0 33=0 34=0 35=1 36=1 37=0 38=1 39=1 40=0 41=1 42=1 43=1 44=0 45=1 46=0 47=0 48=1 49=1 50=0 

===== uf50-0663.cnf =====
RESULT:UNSAT

===== uf50-0664.cnf =====
RESULT:UNSAT

===== uf50-0665.cnf =====
RESULT:UNSAT

===== uf50-0666.cnf =====
RESULT:UNSAT

===== uf50-0667.cnf =====
RESULT:UNSAT

===== uf50-0668.cnf =====
RESULT:SAT
ASSIGNMENT:1=1 2=1 3=1 4=1 5=1 6=1 7=1 8=0 9=1 10=1 11=1 12=0 13=1 14=0 15=1 16=0 17=0 18=0 19=0 20=1 21=1 22=1 23=1 24=1 25=1 26=0 27=1 28=1 29=1 30=0 31=0 32=1 33=0 34=1 35=1 36=1 37=0 38=0 39=1 40=1 41=1 42=1 43=1 44=1 45=1 46=1 47=0 48=1 49=0 50=1 

===== uf50-0669.cnf =====
RESULT:UNSAT

===== uf50-067.cnf =====
RESULT:UNSAT

===== uf50-0670.cnf =====
RESULT:UNSAT

===== uf50-0671.cnf =====
RESULT:UNSAT

===== uf50-0672.cnf =====
RESULT:SAT
ASSIGNMENT:1=1 2=1 3=1 4=1 5=1 6=1 7=1 8=1 9=1 10=0 11=0 12=1 13=1 14=0 15=0 16=0 17=1 18=1 19=0 20=0 21=0 22=1 23=0 24=1 25=0 26=1 27=1 28=0 29=1 30=1 31=0 32=1 33=1 34=0 35=1 36=0 37=0 38=0 39=0 40=0 41=0 42=1 43=0 44=1 45=1 46=1 47=0 48=1 49=1 50=1 

===== uf50-0673.cnf =====
RESULT:UNSAT

===== uf50-0674.cnf =====
RESULT:UNSAT

===== uf50-0675.cnf =====
RESULT:UNSAT

===== uf50-0676.cnf =====
RESULT:UNSAT

===== uf50-0677.cnf =====
RESULT:UNSAT

===== uf50-0678.cnf =====
RESULT:SAT
ASSIGNMENT:1=1 2=1 3=1 4=0 5=1 6=0 7=1 8=1 9=1 10=1 11=1 12=1 13=0 14=1 15=0 16=1 17=0 18=1 19=1 20=1 21=0 22=0 23=0 24=1 25=1 26=1 27=0 28=0 29=0 30=1 31=0 32=0 33=0 34=1 35=0 36=1 37=0 38=1 39=0 40=0 41=1 42=1 43=1 44=1 45=0 46=1 47=1 48=0 49=0 50=0 

===== uf50-0679.cnf =====
RESULT:UNSAT

===== uf50-068.cnf =====
RESULT:UNSAT

===== uf50-0680.cnf =====
RESULT:UNSAT

===== uf50-0681.cnf =====
RESULT:UNSAT

===== uf50-0682.cnf =====
RESULT:UNSAT

===== uf50-0683.cnf =====
RESULT:UNSAT

===== uf50-0684.cnf =====
RESULT:UNSAT

===== uf50-0685.cnf =====
RESULT:UNSAT

===== uf50-0686.cnf =====


===== uf50-0687.cnf =====
RESULT:UNSAT

===== uf50-0688.cnf =====
RESULT:UNSAT

===== uf50-0689.cnf =====
RESULT:UNSAT

===== uf50-069.cnf =====
RESULT:UNSAT

===== uf50-0690.cnf =====
RESULT:UNSAT

===== uf50-0691.cnf =====
RESULT:UNSAT

===== uf50-0692.cnf =====
RESULT:UNSAT

===== uf50-0693.cnf =====
RESULT:UNSAT

===== uf50-0694.cnf =====
RESULT:UNSAT

===== uf50-0695.cnf =====
RESULT:UNSAT

===== uf50-0696.cnf =====
RESULT:UNSAT

===== uf50-0697.cnf =====
RESULT:UNSAT

===== uf50-0698.cnf =====
RESULT:UNSAT

===== uf50-0699.cnf =====
RESULT:UNSAT

===== uf50-07.cnf =====
RESULT:UNSAT

===== uf50-070.cnf =====
RESULT:UNSAT

===== uf50-0700.cnf =====
RESULT:UNSAT

===== uf50-0701.cnf =====
RESULT:UNSAT

===== uf50-0702.cnf =====
RESULT:SAT
ASSIGNMENT:1=0 2=1 3=0 4=1 5=1 6=1 7=0 8=0 9=1 10=1 11=1 12=0 13=1 14=1 15=1 16=1 17=1 18=0 19=0 20=0 21=1 22=0 23=0 24=0 25=0 26=1 27=0 28=1 29=1 30=0 31=1 32=1 33=0 34=1 35=1 36=1 37=0 38=1 39=0 40=1 41=0 42=1 43=0 44=0 45=0 46=1 47=0 48=1 49=0 50=1 

===== uf50-0703.cnf =====
RESULT:UNSAT

===== uf50-0704.cnf =====
RESULT:SAT
ASSIGNMENT:1=0 2=1 3=0 4=1 5=1 6=0 7=0 8=0 9=1 10=0 11=0 12=0 13=1 14=1 15=0 16=1 17=1 18=0 19=1 20=0 21=0 22=1 23=1 24=0 25=0 26=1 27=0 28=1 29=0 30=1 31=1 32=0 33=1 34=1 35=0 36=0 37=1 38=1 39=0 40=1 41=1 42=1 43=0 44=0 45=0 46=0 47=1 48=1 49=1 50=1 

===== uf50-0705.cnf =====
RESULT:UNSAT

===== uf50-0706.cnf =====
RESULT:UNSAT

===== uf50-0707.cnf =====
RESULT:UNSAT

===== uf50-0708.cnf =====
RESULT:UNSAT

===== uf50-0709.cnf =====
RESULT:SAT
ASSIGNMENT:1=1 2=0 3=1 4=0 5=0 6=0 7=0 8=1 9=0 10=1 11=0 12=1 13=0 14=1 15=1 16=1 17=1 18=0 19=0 20=0 21=1 22=1 23=1 24=0 25=0 26=0 27=1 28=1 29=0 30=0 31=0 32=1 33=0 34=1 35=0 36=0 37=1 38=0 39=0 40=1 41=0 42=0 43=0 44=1 45=0 46=1 47=1 48=0 49=0 50=1 

===== uf50-071.cnf =====
RESULT:UNSAT

===== uf50-0710.cnf =====
RESULT:UNSAT

===== uf50-0711.cnf =====
RESULT:SAT
ASSIGNMENT:1=1 2=1 3=1 4=1 5=1 6=1 7=1 8=0 9=0 10=1 11=0 12=1 13=1 14=1 15=0 16=0 17=0 18=1 19=1 20=0 21=1 22=1 23=0 24=0 25=0 26=1 27=1 28=0 29=0 30=1 31=0 32=0 33=1 34=0 35=1 36=1 37=1 38=0 39=1 40=1 41=0 42=1 43=0 44=1 45=0 46=0 47=0 48=0 49=1 50=0 

===== uf50-0712.cnf =====
RESULT:SAT
ASSIGNMENT:1=1 2=1 3=0 4=0 5=0 6=0 7=0 8=0 9=0 10=0 11=0 12=1 13=1 14=0 15=0 16=1 17=1 18=1 19=0 20=0 21=0 22=1 23=1 24=1 25=1 26=1 27=1 28=0 29=0 30=1 31=1 32=0 33=1 34=1 35=1 36=1 37=0 38=0 39=1 40=0 41=1 42=1 43=0 44=1 45=0 46=1 47=1 48=1 49=1 50=0 

===== uf50-0713.cnf =====
RESULT:SAT
ASSIGNMENT:1=1 2=1 3=1 4=0 5=1 6=1 7=0 8=0 9=0 10=1 11=1 12=0 13=1 14=0 15=1 16=1 17=0 18=1 19=1 20=0 21=1 22=0 23=0 24=1 25=1 26=1 27=0 28=0 29=0 30=0 31=0 32=1 33=0 34=0 35=1 36=0 37=0 38=0 39=0 40=0 41=1 42=0 43=0 44=0 45=0 46=1 47=1 48=0 49=1 50=1 

===== uf50-0714.cnf =====
RESULT:UNSAT

===== uf50-0715.cnf =====
RESULT:UNSAT

===== uf50-0716.cnf =====
RESULT:UNSAT

===== uf50-0717.cnf =====
RESULT:UNSAT

===== uf50-0718.cnf =====
RESULT:UNSAT

===== uf50-0719.cnf =====
RESULT:UNSAT

===== uf50-072.cnf =====
RESULT:UNSAT

===== uf50-0720.cnf =====
RESULT:UNSAT

===== uf50-0721.cnf =====
RESULT:UNSAT

===== uf50-0722.cnf =====
RESULT:SAT
ASSIGNMENT:1=1 2=1 3=0 4=1 5=1 6=0 7=1 8=1 9=0 10=1 11=0 12=1 13=1 14=1 15=0 16=1 17=0 18=0 19=0 20=1 21=1 22=1 23=1 24=1 25=0 26=1 27=0 28=0 29=0 30=1 31=1 32=1 33=1 34=1 35=0 36=1 37=0 38=0 39=1 40=1 41=1 42=0 43=1 44=1 45=1 46=0 47=0 48=1 49=0 50=0 

===== uf50-0723.cnf =====
RESULT:UNSAT

===== uf50-0724.cnf =====
RESULT:UNSAT

===== uf50-0725.cnf =====
RESULT:UNSAT

===== uf50-0726.cnf =====
RESULT:UNSAT

===== uf50-0727.cnf =====
RESULT:UNSAT

===== uf50-0728.cnf =====
RESULT:UNSAT

===== uf50-0729.cnf =====
RESULT:UNSAT

===== uf50-073.cnf =====
RESULT:UNSAT

===== uf50-0730.cnf =====
RESULT:UNSAT

===== uf50-0731.cnf =====
RESULT:UNSAT

===== uf50-0732.cnf =====
RESULT:UNSAT

===== uf50-0733.cnf =====
RESULT:UNSAT

===== uf50-0734.cnf =====
RESULT:UNSAT

===== uf50-0735.cnf =====
RESULT:UNSAT

===== uf50-0736.cnf =====
RESULT:UNSAT

===== uf50-0737.cnf =====
RESULT:UNSAT

===== uf50-0738.cnf =====
RESULT:UNSAT

===== uf50-0739.cnf =====
RESULT:UNSAT

===== uf50-074.cnf =====
RESULT:UNSAT

===== uf50-0740.cnf =====
RESULT:UNSAT

===== uf50-0741.cnf =====
RESULT:UNSAT

===== uf50-0742.cnf =====
RESULT:UNSAT

===== uf50-0743.cnf =====
RESULT:UNSAT

===== uf50-0744.cnf =====
RESULT:UNSAT

===== uf50-0745.cnf =====
RESULT:UNSAT

===== uf50-0746.cnf =====
RESULT:UNSAT

===== uf50-0747.cnf =====
RESULT:UNSAT

===== uf50-0748.cnf =====
RESULT:SAT
ASSIGNMENT:1=1 2=1 3=1 4=0 5=0 6=0 7=1 8=0 9=0 10=1 11=0 12=1 13=0 14=1 15=0 16=0 17=0 18=0 19=0 20=0 21=0 22=1 23=0 24=1 25=0 26=1 27=1 28=0 29=0 30=0 31=1 32=1 33=1 34=0 35=0 36=1 37=0 38=1 39=0 40=0 41=0 42=0 43=0 44=0 45=1 46=1 47=1 48=1 49=0 50=0 

===== uf50-0749.cnf =====
RESULT:UNSAT

===== uf50-075.cnf =====
RESULT:UNSAT

===== uf50-0750.cnf =====
RESULT:UNSAT

===== uf50-0751.cnf =====
RESULT:UNSAT

===== uf50-0752.cnf =====
RESULT:SAT
ASSIGNMENT:1=1 2=0 3=1 4=1 5=0 6=0 7=0 8=0 9=0 10=1 11=1 12=0 13=0 14=1 15=1 16=0 17=1 18=1 19=1 20=1 21=0 22=1 23=1 24=1 25=0 26=1 27=0 28=1 29=1 30=1 31=1 32=0 33=0 34=1 35=0 36=1 37=0 38=1 39=1 40=0 41=1 42=0 43=1 44=1 45=1 46=0 47=0 48=0 49=0 50=0 

===== uf50-0753.cnf =====
RESULT:UNSAT

===== uf50-0754.cnf =====
RESULT:SAT
ASSIGNMENT:1=1 2=1 3=1 4=1 5=1 6=1 7=0 8=1 9=1 10=1 11=0 12=0 13=0 14=1 15=0 16=0 17=1 18=0 19=1 20=0 21=0 22=0 23=0 24=0 25=0 26=1 27=0 28=0 29=1 30=1 31=0 32=0 33=1 34=0 35=0 36=1 37=1 38=0 39=1 40=0 41=0 42=0 43=0 44=0 45=1 46=0 47=1 48=0 49=1 50=0 

===== uf50-0755.cnf =====
RESULT:SAT
ASSIGNMENT:1=1 2=1 3=0 4=0 5=1 6=0 7=1 8=0 9=1 10=1 11=1 12=1 13=0 14=1 15=1 16=1 17=0 18=0 19=0 20=1 21=0 22=1 23=0 24=0 25=0 26=0 27=1 28=0 29=0 30=0 31=0 32=1 33=0 34=1 35=1 36=0 37=0 38=0 39=1 40=0 41=1 42=1 43=0 44=1 45=1 46=1 47=0 48=0 49=0 50=0 

===== uf50-0756.cnf =====
RESULT:UNSAT

===== uf50-0757.cnf =====
RESULT:UNSAT

===== uf50-0758.cnf =====
RESULT:UNSAT

===== uf50-0759.cnf =====
RESULT:UNSAT

===== uf50-076.cnf =====
RESULT:SAT
ASSIGNMENT:1=1 2=1 3=1 4=1 5=1 6=0 7=0 8=1 9=1 10=1 11=1 12=1 13=1 14=1 15=0 16=1 17=0 18=1 19=0 20=0 21=0 22=1 23=1 24=0 25=1 26=0 27=1 28=0 29=0 30=1 31=1 32=1 33=0 34=0 35=0 36=0 37=0 38=0 39=1 40=1 41=0 42=0 43=0 44=0 45=1 46=1 47=0 48=0 49=0 50=0 

===== uf50-0760.cnf =====
RESULT:UNSAT

===== uf50-0761.cnf =====
RESULT:UNSAT

===== uf50-0762.cnf =====
RESULT:UNSAT

===== uf50-0763.cnf =====
RESULT:UNSAT

===== uf50-0764.cnf =====
RESULT:UNSAT

===== uf50-0765.cnf =====
RESULT:SAT
ASSIGNMENT:1=1 2=1 3=1 4=1 5=1 6=1 7=1 8=1 9=1 10=1 11=1 12=1 13=1 14=1 15=1 16=1 17=1 18=0 19=1 20=0 21=1 22=1 23=1 24=1 25=1 26=1 27=0 28=0 29=1 30=0 31=1 32=0 33=1 34=1 35=1 36=1 37=1 38=0 39=0 40=1 41=1 42=1 43=0 44=0 45=1 46=1 47=0 48=1 49=0 50=1 

===== uf50-0766.cnf =====
RESULT:UNSAT

===== uf50-0767.cnf =====
RESULT:SAT
ASSIGNMENT:1=1 2=1 3=1 4=1 5=1 6=1 7=1 8=1 9=1 10=1 11=1 12=0 13=0 14=1 15=0 16=1 17=1 18=0 19=1 20=0 21=1 22=1 23=0 24=0 25=1 26=0 27=0 28=0 29=1 30=1 31=1 32=1 33=1 34=0 35=1 36=1 37=0 38=0 39=1 40=0 41=0 42=1 43=0 44=1 45=0 46=0 47=0 48=0 49=1 50=0 

===== uf50-0768.cnf =====
RESULT:UNSAT

===== uf50-0769.cnf =====
RESULT:UNSAT

===== uf50-077.cnf =====
RESULT:UNSAT

===== uf50-0770.cnf =====
RESULT:UNSAT

===== uf50-0771.cnf =====
RESULT:UNSAT

===== uf50-0772.cnf =====
RESULT:UNSAT

===== uf50-0773.cnf =====
RESULT:UNSAT

===== uf50-0774.cnf =====
RESULT:UNSAT

===== uf50-0775.cnf =====
RESULT:SAT
ASSIGNMENT:1=1 2=1 3=1 4=1 5=1 6=1 7=1 8=1 9=1 10=1 11=1 12=1 13=1 14=1 15=1 16=1 17=1 18=1 19=0 20=1 21=0 22=1 23=0 24=0 25=0 26=0 27=1 28=0 29=0 30=0 31=1 32=1 33=0 34=1 35=1 36=0 37=1 38=0 39=0 40=0 41=0 42=0 43=1 44=1 45=0 46=0 47=0 48=0 49=0 50=0 

===== uf50-0776.cnf =====
RESULT:UNSAT

===== uf50-0777.cnf =====
RESULT:UNSAT

===== uf50-0778.cnf =====
RESULT:UNSAT

===== uf50-0779.cnf =====
RESULT:UNSAT

===== uf50-078.cnf =====
RESULT:UNSAT

===== uf50-0780.cnf =====
RESULT:UNSAT

===== uf50-0781.cnf =====
RESULT:UNSAT

===== uf50-0782.cnf =====
RESULT:SAT
ASSIGNMENT:1=1 2=1 3=0 4=0 5=0 6=0 7=0 8=0 9=1 10=0 11=1 12=0 13=0 14=0 15=1 16=1 17=0 18=1 19=0 20=1 21=1 22=0 23=1 24=1 25=1 26=1 27=1 28=1 29=1 30=1 31=0 32=1 33=0 34=0 35=0 36=0 37=1 38=0 39=1 40=1 41=1 42=1 43=0 44=0 45=0 46=1 47=1 48=0 49=0 50=0 

===== uf50-0783.cnf =====
RESULT:UNSAT

===== uf50-0784.cnf =====
RESULT:UNSAT

===== uf50-0785.cnf =====
RESULT:UNSAT

===== uf50-0786.cnf =====
RESULT:UNSAT

===== uf50-0787.cnf =====
RESULT:UNSAT

===== uf50-0788.cnf =====
RESULT:UNSAT

===== uf50-0789.cnf =====
RESULT:UNSAT

===== uf50-079.cnf =====
RESULT:UNSAT

===== uf50-0790.cnf =====
RESULT:UNSAT

===== uf50-0791.cnf =====
RESULT:SAT
ASSIGNMENT:1=1 2=1 3=1 4=1 5=1 6=0 7=1 8=0 9=0 10=0 11=0 12=0 13=0 14=0 15=0 16=1 17=0 18=1 19=1 20=0 21=1 22=0 23=0 24=1 25=0 26=1 27=1 28=1 29=1 30=1 31=1 32=1 33=0 34=1 35=1 36=1 37=1 38=0 39=0 40=0 41=0 42=1 43=0 44=1 45=0 46=0 47=1 48=1 49=0 50=0 

===== uf50-0792.cnf =====
RESULT:UNSAT

===== uf50-0793.cnf =====
RESULT:UNSAT

===== uf50-0794.cnf =====
RESULT:UNSAT

===== uf50-0795.cnf =====
RESULT:SAT
ASSIGNMENT:1=0 2=1 3=0 4=1 5=0 6=0 7=0 8=1 9=0 10=1 11=1 12=1 13=0 14=0 15=0 16=1 17=0 18=1 19=0 20=0 21=1 22=0 23=1 24=0 25=1 26=0 27=0 28=0 29=1 30=1 31=1 32=0 33=1 34=0 35=0 36=1 37=0 38=0 39=1 40=0 41=1 42=0 43=0 44=1 45=1 46=1 47=1 48=0 49=0 50=1 

===== uf50-0796.cnf =====
RESULT:UNSAT

===== uf50-0797.cnf =====
RESULT:SAT
ASSIGNMENT:1=1 2=1 3=1 4=1 5=0 6=1 7=0 8=1 9=0 10=0 11=1 12=0 13=1 14=0 15=0 16=0 17=0 18=1 19=0 20=0 21=1 22=1 23=1 24=1 25=0 26=0 27=1 28=0 29=1 30=0 31=1 32=0 33=1 34=1 35=0 36=1 37=0 38=0 39=1 40=1 41=0 42=0 43=1 44=0 45=0 46=1 47=1 48=1 49=0 50=0 

===== uf50-0798.cnf =====
RESULT:UNSAT

===== uf50-0799.cnf =====
RESULT:UNSAT

===== uf50-08.cnf =====
RESULT:UNSAT

===== uf50-080.cnf =====
RESULT:SAT
ASSIGNMENT:1=1 2=1 3=0 4=0 5=1 6=0 7=0 8=1 9=0 10=1 11=0 12=0 13=1 14=0 15=1 16=1 17=0 18=1 19=0 20=1 21=1 22=1 23=0 24=1 25=0 26=0 27=1 28=0 29=1 30=1 31=1 32=1 33=0 34=0 35=1 36=1 37=1 38=1 39=0 40=1 41=0 42=1 43=0 44=1 45=0 46=0 47=1 48=0 49=1 50=0 

===== uf50-0800.cnf =====
RESULT:SAT
ASSIGNMENT:1=1 2=0 3=0 4=0 5=0 6=0 7=0 8=1 9=0 10=1 11=0 12=1 13=1 14=1 15=0 16=0 17=1 18=1 19=0 20=1 21=1 22=1 23=0 24=1 25=1 26=1 27=1 28=1 29=1 30=1 31=1 32=1 33=1 34=0 35=0 36=0 37=1 38=0 39=0 40=0 41=0 42=1 43=1 44=1 45=1 46=0 47=1 48=0 49=0 50=1 

===== uf50-0801.cnf =====
RESULT:UNSAT

===== uf50-0802.cnf =====
RESULT:UNSAT

===== uf50-0803.cnf =====
RESULT:UNSAT

===== uf50-0804.cnf =====
RESULT:UNSAT

===== uf50-0805.cnf =====
RESULT:SAT
ASSIGNMENT:1=1 2=1 3=0 4=1 5=1 6=0 7=0 8=0 9=1 10=0 11=0 12=0 13=1 14=1 15=1 16=0 17=1 18=1 19=0 20=1 21=0 22=1 23=0 24=0 25=0 26=1 27=0 28=0 29=0 30=0 31=1 32=1 33=0 34=0 35=0 36=1 37=0 38=1 39=0 40=1 41=1 42=0 43=1 44=0 45=1 46=0 47=1 48=0 49=0 50=0 

===== uf50-0806.cnf =====
RESULT:UNSAT

===== uf50-0807.cnf =====
RESULT:UNSAT

===== uf50-0808.cnf =====
RESULT:UNSAT

===== uf50-0809.cnf =====
RESULT:UNSAT

===== uf50-081.cnf =====
RESULT:SAT
ASSIGNMENT:1=1 2=1 3=1 4=1 5=0 6=0 7=0 8=1 9=1 10=0 11=1 12=0 13=0 14=1 15=1 16=0 17=1 18=0 19=1 20=0 21=1 22=1 23=1 24=1 25=0 26=1 27=0 28=0 29=1 30=1 31=0 32=1 33=1 34=1 35=0 36=0 37=1 38=1 39=1 40=0 41=1 42=0 43=0 44=1 45=0 46=0 47=1 48=0 49=0 50=0 

===== uf50-0810.cnf =====
RESULT:UNSAT

===== uf50-0811.cnf =====
RESULT:SAT
ASSIGNMENT:1=1 2=1 3=1 4=1 5=1 6=1 7=1 8=0 9=1 10=1 11=0 12=0 13=0 14=0 15=1 16=0 17=1 18=0 19=0 20=0 21=1 22=0 23=0 24=1 25=0 26=0 27=0 28=0 29=1 30=0 31=0 32=1 33=0 34=0 35=0 36=1 37=0 38=1 39=0 40=0 41=0 42=0 43=0 44=0 45=1 46=0 47=0 48=1 49=0 50=0 

===== uf50-0812.cnf =====
RESULT:UNSAT

===== uf50-0813.cnf =====
RESULT:UNSAT

===== uf50-0814.cnf =====
RESULT:UNSAT

===== uf50-0815.cnf =====
RESULT:UNSAT

===== uf50-0816.cnf =====
RESULT:UNSAT

===== uf50-0817.cnf =====
RESULT:UNSAT

===== uf50-0818.cnf =====
RESULT:UNSAT

===== uf50-0819.cnf =====
RESULT:UNSAT

===== uf50-082.cnf =====
RESULT:UNSAT

===== uf50-0820.cnf =====
RESULT:UNSAT

===== uf50-0821.cnf =====
RESULT:UNSAT

===== uf50-0822.cnf =====
RESULT:UNSAT

===== uf50-0823.cnf =====
RESULT:UNSAT

===== uf50-0824.cnf =====
RESULT:UNSAT

===== uf50-0825.cnf =====
RESULT:UNSAT

===== uf50-0826.cnf =====
RESULT:UNSAT

===== uf50-0827.cnf =====
RESULT:UNSAT

===== uf50-0828.cnf =====
RESULT:UNSAT

===== uf50-0829.cnf =====
RESULT:SAT
ASSIGNMENT:1=0 2=0 3=1 4=0 5=1 6=1 7=1 8=0 9=0 10=1 11=1 12=0 13=1 14=0 15=0 16=1 17=0 18=1 19=0 20=0 21=1 22=0 23=0 24=1 25=0 26=0 27=0 28=0 29=1 30=0 31=0 32=1 33=1 34=0 35=0 36=0 37=1 38=0 39=0 40=1 41=1 42=1 43=1 44=1 45=1 46=0 47=0 48=1 49=0 50=1 

===== uf50-083.cnf =====
RESULT:UNSAT

===== uf50-0830.cnf =====
RESULT:UNSAT

===== uf50-0831.cnf =====
RESULT:SAT
ASSIGNMENT:1=1 2=0 3=0 4=1 5=0 6=0 7=0 8=1 9=0 10=1 11=1 12=0 13=0 14=0 15=0 16=0 17=0 18=1 19=1 20=1 21=0 22=0 23=0 24=1 25=0 26=1 27=0 28=1 29=1 30=1 31=1 32=0 33=0 34=1 35=0 36=1 37=1 38=0 39=1 40=1 41=0 42=0 43=1 44=1 45=0 46=0 47=0 48=1 49=0 50=0 

===== uf50-0832.cnf =====
RESULT:UNSAT

===== uf50-0833.cnf =====
RESULT:UNSAT

===== uf50-0834.cnf =====
RESULT:UNSAT

===== uf50-0835.cnf =====
RESULT:UNSAT

===== uf50-0836.cnf =====
RESULT:UNSAT

===== uf50-0837.cnf =====
RESULT:UNSAT

===== uf50-0838.cnf =====
RESULT:SAT
ASSIGNMENT:1=1 2=1 3=1 4=1 5=1 6=0 7=0 8=0 9=0 10=0 11=1 12=0 13=1 14=1 15=0 16=1 17=1 18=1 19=0 20=1 21=1 22=1 23=0 24=1 25=1 26=0 27=1 28=1 29=1 30=0 31=1 32=0 33=0 34=0 35=1 36=1 37=0 38=1 39=1 40=0 41=0 42=0 43=1 44=0 45=0 46=0 47=0 48=1 49=1 50=0 

===== uf50-0839.cnf =====
RESULT:UNSAT

===== uf50-084.cnf =====
RESULT:UNSAT

===== uf50-0840.cnf =====
RESULT:SAT
ASSIGNMENT:1=0 2=0 3=0 4=0 5=1 6=0 7=0 8=1 9=1 10=0 11=1 12=1 13=1 14=1 15=1 16=0 17=1 18=1 19=1 20=1 21=1 22=1 23=1 24=1 25=1 26=1 27=1 28=0 29=0 30=0 31=0 32=1 33=1 34=0 35=0 36=1 37=1 38=1 39=0 40=1 41=0 42=0 43=0 44=1 45=1 46=0 47=0 48=0 49=1 50=0 

===== uf50-0841.cnf =====
RESULT:SAT
ASSIGNMENT:1=1 2=1 3=1 4=1 5=1 6=1 7=1 8=0 9=1 10=1 11=0 12=0 13=0 14=1 15=1 16=1 17=1 18=1 19=0 20=1 21=1 22=1 23=1 24=0 25=0 26=0 27=0 28=0 29=0 30=1 31=0 32=0 33=1 34=0 35=0 36=0 37=1 38=0 39=0 40=1 41=0 42=1 43=0 44=1 45=1 46=1 47=1 48=0 49=0 50=0 

===== uf50-0842.cnf =====
RESULT:UNSAT

===== uf50-0843.cnf =====
RESULT:UNSAT

===== uf50-0844.cnf =====
RESULT:UNSAT

===== uf50-0845.cnf =====
RESULT:UNSAT

===== uf50-0846.cnf =====
RESULT:SAT
ASSIGNMENT:1=0 2=1 3=0 4=0 5=0 6=1 7=1 8=0 9=0 10=1 11=0 12=1 13=1 14=1 15=1 16=0 17=1 18=1 19=0 20=0 21=0 22=1 23=1 24=0 25=1 26=1 27=1 28=0 29=1 30=0 31=1 32=0 33=1 34=1 35=0 36=0 37=0 38=0 39=0 40=1 41=0 42=1 43=1 44=0 45=0 46=0 47=0 48=1 49=0 50=0 

===== uf50-0847.cnf =====
RESULT:UNSAT

===== uf50-0848.cnf =====
RESULT:SAT
ASSIGNMENT:1=1 2=1 3=0 4=0 5=0 6=0 7=1 8=1 9=0 10=1 11=1 12=0 13=0 14=1 15=0 16=0 17=1 18=0 19=1 20=0 21=1 22=0 23=1 24=1 25=1 26=0 27=1 28=1 29=1 30=0 31=0 32=1 33=0 34=0 35=1 36=1 37=1 38=1 39=1 40=1 41=0 42=1 43=1 44=1 45=1 46=1 47=1 48=1 49=1 50=1 

===== uf50-0849.cnf =====
RESULT:UNSAT

===== uf50-085.cnf =====
RESULT:UNSAT

===== uf50-0850.cnf =====
RESULT:UNSAT

===== uf50-0851.cnf =====
RESULT:UNSAT

===== uf50-0852.cnf =====
RESULT:UNSAT

===== uf50-0853.cnf =====
RESULT:UNSAT

===== uf50-0854.cnf =====
RESULT:UNSAT

===== uf50-0855.cnf =====
RESULT:UNSAT

===== uf50-0856.cnf =====
RESULT:UNSAT

===== uf50-0857.cnf =====
RESULT:UNSAT

===== uf50-0858.cnf =====
RESULT:UNSAT

===== uf50-0859.cnf =====
RESULT:UNSAT

===== uf50-086.cnf =====
RESULT:UNSAT

===== uf50-0860.cnf =====
RESULT:UNSAT

===== uf50-0861.cnf =====
RESULT:UNSAT

===== uf50-0862.cnf =====
RESULT:UNSAT

===== uf50-0863.cnf =====
RESULT:UNSAT

===== uf50-0864.cnf =====
RESULT:UNSAT

===== uf50-0865.cnf =====
RESULT:UNSAT

===== uf50-0866.cnf =====
RESULT:UNSAT

===== uf50-0867.cnf =====
RESULT:UNSAT

===== uf50-0868.cnf =====
RESULT:UNSAT

===== uf50-0869.cnf =====
RESULT:UNSAT

===== uf50-087.cnf =====
RESULT:UNSAT

===== uf50-0870.cnf =====
RESULT:UNSAT

===== uf50-0871.cnf =====
RESULT:UNSAT

===== uf50-0872.cnf =====
RESULT:UNSAT

===== uf50-0873.cnf =====
RESULT:UNSAT

===== uf50-0874.cnf =====
RESULT:UNSAT

===== uf50-0875.cnf =====
RESULT:UNSAT

===== uf50-0876.cnf =====
RESULT:UNSAT

===== uf50-0877.cnf =====
RESULT:UNSAT

===== uf50-0878.cnf =====
RESULT:SAT
ASSIGNMENT:1=0 2=0 3=0 4=0 5=0 6=1 7=0 8=0 9=0 10=0 11=0 12=1 13=0 14=1 15=1 16=1 17=0 18=0 19=1 20=1 21=0 22=1 23=1 24=0 25=1 26=1 27=1 28=0 29=0 30=1 31=1 32=0 33=1 34=1 35=0 36=1 37=1 38=1 39=1 40=0 41=0 42=0 43=0 44=0 45=0 46=1 47=0 48=1 49=0 50=1 

===== uf50-0879.cnf =====
RESULT:UNSAT

===== uf50-088.cnf =====


===== uf50-0880.cnf =====
RESULT:UNSAT

===== uf50-0881.cnf =====
RESULT:UNSAT

===== uf50-0882.cnf =====
RESULT:UNSAT

===== uf50-0883.cnf =====
RESULT:UNSAT

===== uf50-0884.cnf =====
RESULT:UNSAT

===== uf50-0885.cnf =====
RESULT:UNSAT

===== uf50-0886.cnf =====
RESULT:UNSAT

===== uf50-0887.cnf =====
RESULT:UNSAT

===== uf50-0888.cnf =====
RESULT:SAT
ASSIGNMENT:1=1 2=1 3=1 4=1 5=0 6=1 7=1 8=1 9=0 10=1 11=1 12=1 13=0 14=1 15=1 16=1 17=0 18=1 19=0 20=0 21=1 22=1 23=0 24=0 25=1 26=0 27=1 28=1 29=1 30=1 31=1 32=1 33=0 34=0 35=0 36=0 37=1 38=0 39=1 40=0 41=0 42=0 43=0 44=0 45=1 46=1 47=0 48=0 49=1 50=1 

===== uf50-0889.cnf =====
RESULT:UNSAT

===== uf50-089.cnf =====
RESULT:UNSAT

===== uf50-0890.cnf =====
RESULT:SAT
ASSIGNMENT:1=0 2=1 3=1 4=0 5=1 6=0 7=0 8=0 9=0 10=0 11=0 12=0 13=1 14=1 15=1 16=1 17=0 18=0 19=0 20=1 21=1 22=1 23=0 24=1 25=0 26=1 27=0 28=1 29=1 30=1 31=0 32=1 33=1 34=1 35=0 36=0 37=1 38=1 39=0 40=0 41=0 42=1 43=1 44=1 45=0 46=0 47=1 48=0 49=0 50=1 

===== uf50-0891.cnf =====
RESULT:UNSAT

===== uf50-0892.cnf =====
RESULT:UNSAT

===== uf50-0893.cnf =====
RESULT:UNSAT

===== uf50-0894.cnf =====
RESULT:UNSAT

===== uf50-0895.cnf =====
RESULT:UNSAT

===== uf50-0896.cnf =====
RESULT:SAT
ASSIGNMENT:1=1 2=1 3=1 4=1 5=1 6=0 7=0 8=1 9=0 10=0 11=1 12=0 13=0 14=1 15=1 16=0 17=0 18=0 19=1 20=0 21=1 22=0 23=1 24=0 25=1 26=0 27=0 28=0 29=1 30=0 31=1 32=0 33=1 34=0 35=1 36=0 37=1 38=1 39=0 40=0 41=0 42=0 43=1 44=0 45=1 46=1 47=0 48=0 49=0 50=1 

===== uf50-0897.cnf =====
RESULT:SAT
ASSIGNMENT:1=0 2=0 3=1 4=0 5=1 6=1 7=0 8=0 9=1 10=1 11=1 12=0 13=0 14=0 15=1 16=1 17=0 18=0 19=1 20=1 21=1 22=0 23=1 24=1 25=0 26=1 27=0 28=1 29=1 30=0 31=0 32=0 33=0 34=1 35=0 36=1 37=1 38=1 39=0 40=0 41=1 42=1 43=0 44=1 45=1 46=0 47=0 48=0 49=1 50=1 

===== uf50-0898.cnf =====
RESULT:SAT
ASSIGNMENT:1=1 2=1 3=1 4=0 5=1 6=0 7=0 8=1 9=1 10=1 11=1 12=1 13=0 14=0 15=1 16=0 17=1 18=0 19=1 20=0 21=0 22=0 23=0 24=1 25=1 26=1 27=0 28=1 29=0 30=1 31=0 32=0 33=1 34=0 35=1 36=0 37=1 38=0 39=0 40=1 41=1 42=0 43=0 44=1 45=1 46=1 47=0 48=1 49=0 50=0 

===== uf50-0899.cnf =====
RESULT:SAT
ASSIGNMENT:1=1 2=1 3=1 4=1 5=0 6=0 7=0 8=1 9=0 10=1 11=1 12=1 13=0 14=0 15=0 16=0 17=0 18=1 19=1 20=0 21=1 22=0 23=1 24=1 25=1 26=0 27=0 28=0 29=0 30=1 31=0 32=1 33=1 34=0 35=0 36=0 37=1 38=0 39=1 40=0 41=1 42=1 43=0 44=1 45=1 46=1 47=1 48=1 49=0 50=0 

===== uf50-09.cnf =====
RESULT:UNSAT

===== uf50-090.cnf =====
RESULT:UNSAT

===== uf50-0900.cnf =====
RESULT:UNSAT

===== uf50-0901.cnf =====
RESULT:UNSAT

===== uf50-0902.cnf =====
RESULT:SAT
ASSIGNMENT:1=1 2=0 3=1 4=0 5=1 6=0 7=1 8=1 9=0 10=1 11=1 12=0 13=1 14=0 15=0 16=0 17=0 18=0 19=0 20=0 21=1 22=0 23=1 24=0 25=1 26=0 27=1 28=0 29=1 30=1 31=1 32=1 33=0 34=1 35=1 36=0 37=1 38=0 39=0 40=0 41=0 42=0 43=0 44=0 45=0 46=0 47=0 48=1 49=0 50=1 

===== uf50-0903.cnf =====
RESULT:UNSAT

===== uf50-0904.cnf =====
RESULT:UNSAT

===== uf50-0905.cnf =====
RESULT:UNSAT

===== uf50-0906.cnf =====
RESULT:UNSAT

===== uf50-0907.cnf =====
RESULT:UNSAT

===== uf50-0908.cnf =====
RESULT:SAT
ASSIGNMENT:1=1 2=1 3=1 4=1 5=1 6=1 7=1 8=1 9=0 10=0 11=0 12=1 13=1 14=0 15=0 16=0 17=1 18=1 19=1 20=1 21=1 22=0 23=1 24=0 25=1 26=1 27=1 28=1 29=1 30=0 31=1 32=1 33=0 34=0 35=0 36=0 37=1 38=0 39=0 40=0 41=0 42=1 43=0 44=0 45=0 46=0 47=1 48=0 49=0 50=1 

===== uf50-0909.cnf =====
RESULT:UNSAT

===== uf50-091.cnf =====
RESULT:UNSAT

===== uf50-0910.cnf =====
RESULT:UNSAT

===== uf50-0911.cnf =====
RESULT:UNSAT

===== uf50-0912.cnf =====
RESULT:UNSAT

===== uf50-0913.cnf =====
RESULT:UNSAT

===== uf50-0914.cnf =====
RESULT:UNSAT

===== uf50-0915.cnf =====
RESULT:SAT
ASSIGNMENT:1=0 2=0 3=1 4=1 5=1 6=0 7=1 8=1 9=1 10=1 11=1 12=0 13=0 14=1 15=0 16=0 17=0 18=1 19=0 20=1 21=0 22=1 23=0 24=0 25=1 26=1 27=1 28=0 29=1 30=1 31=0 32=0 33=0 34=1 35=0 36=0 37=1 38=1 39=1 40=1 41=1 42=1 43=1 44=1 45=0 46=1 47=0 48=0 49=0 50=1 

===== uf50-0916.cnf =====
RESULT:SAT
ASSIGNMENT:1=1 2=1 3=1 4=1 5=1 6=0 7=1 8=0 9=0 10=1 11=0 12=0 13=0 14=0 15=0 16=1 17=1 18=1 19=1 20=0 21=1 22=1 23=0 24=1 25=0 26=0 27=1 28=0 29=1 30=0 31=0 32=0 33=1 34=1 35=1 36=0 37=0 38=1 39=1 40=1 41=1 42=0 43=0 44=0 45=0 46=0 47=0 48=0 49=0 50=0 

===== uf50-0917.cnf =====
RESULT:UNSAT

===== uf50-0918.cnf =====
RESULT:UNSAT

===== uf50-0919.cnf =====
RESULT:UNSAT

===== uf50-092.cnf =====
RESULT:UNSAT

===== uf50-0920.cnf =====
RESULT:UNSAT

===== uf50-0921.cnf =====
RESULT:UNSAT

===== uf50-0922.cnf =====
RESULT:UNSAT

===== uf50-0923.cnf =====
RESULT:UNSAT

===== uf50-0924.cnf =====
RESULT:UNSAT

===== uf50-0925.cnf =====
RESULT:UNSAT

===== uf50-0926.cnf =====


===== uf50-0927.cnf =====
RESULT:UNSAT

===== uf50-0928.cnf =====
RESULT:UNSAT

===== uf50-0929.cnf =====
RESULT:UNSAT

===== uf50-093.cnf =====
RESULT:UNSAT

===== uf50-0930.cnf =====
RESULT:UNSAT

===== uf50-0931.cnf =====
RESULT:UNSAT

===== uf50-0932.cnf =====
RESULT:SAT
ASSIGNMENT:1=1 2=1 3=1 4=1 5=0 6=1 7=1 8=1 9=1 10=0 11=0 12=0 13=0 14=0 15=0 16=1 17=0 18=0 19=1 20=1 21=0 22=1 23=1 24=0 25=1 26=0 27=1 28=1 29=1 30=1 31=1 32=0 33=0 34=0 35=0 36=1 37=0 38=1 39=0 40=1 41=0 42=1 43=1 44=1 45=0 46=0 47=0 48=0 49=0 50=0 

===== uf50-0933.cnf =====
RESULT:UNSAT

===== uf50-0934.cnf =====
RESULT:UNSAT

===== uf50-0935.cnf =====
RESULT:UNSAT

===== uf50-0936.cnf =====
RESULT:UNSAT

===== uf50-0937.cnf =====
RESULT:UNSAT

===== uf50-0938.cnf =====
RESULT:SAT
ASSIGNMENT:1=1 2=1 3=1 4=1 5=1 6=0 7=1 8=1 9=1 10=1 11=0 12=0 13=1 14=1 15=1 16=0 17=1 18=1 19=1 20=1 21=1 22=1 23=1 24=1 25=0 26=0 27=0 28=1 29=1 30=1 31=1 32=0 33=1 34=0 35=0 36=1 37=1 38=1 39=0 40=1 41=0 42=0 43=1 44=0 45=0 46=1 47=0 48=0 49=1 50=1 

===== uf50-0939.cnf =====
RESULT:UNSAT

===== uf50-094.cnf =====
RESULT:UNSAT

===== uf50-0940.cnf =====
RESULT:UNSAT

===== uf50-0941.cnf =====
RESULT:UNSAT

===== uf50-0942.cnf =====
RESULT:UNSAT

===== uf50-0943.cnf =====
RESULT:UNSAT

===== uf50-0944.cnf =====
RESULT:UNSAT

===== uf50-0945.cnf =====
RESULT:UNSAT

===== uf50-0946.cnf =====
RESULT:UNSAT

===== uf50-0947.cnf =====
RESULT:UNSAT

===== uf50-0948.cnf =====
RESULT:UNSAT

===== uf50-0949.cnf =====
RESULT:UNSAT

===== uf50-095.cnf =====
RESULT:UNSAT

===== uf50-0950.cnf =====
RESULT:UNSAT

===== uf50-0951.cnf =====
RESULT:SAT
ASSIGNMENT:1=0 2=1 3=1 4=0 5=1 6=0 7=0 8=0 9=1 10=0 11=0 12=0 13=1 14=1 15=1 16=0 17=1 18=1 19=1 20=1 21=1 22=1 23=0 24=0 25=1 26=1 27=0 28=0 29=1 30=0 31=1 32=0 33=0 34=1 35=1 36=0 37=0 38=1 39=0 40=0 41=0 42=0 43=0 44=1 45=0 46=0 47=0 48=1 49=1 50=1 

===== uf50-0952.cnf =====
RESULT:UNSAT

===== uf50-0953.cnf =====
RESULT:UNSAT

===== uf50-0954.cnf =====
RESULT:UNSAT

===== uf50-0955.cnf =====
RESULT:SAT
ASSIGNMENT:1=1 2=1 3=0 4=1 5=1 6=1 7=0 8=0 9=0 10=0 11=0 12=0 13=1 14=0 15=0 16=0 17=0 18=1 19=0 20=0 21=0 22=1 23=1 24=1 25=1 26=0 27=0 28=1 29=0 30=1 31=1 32=0 33=0 34=1 35=1 36=0 37=0 38=1 39=1 40=1 41=1 42=0 43=1 44=0 45=0 46=0 47=1 48=1 49=0 50=0 

===== uf50-0956.cnf =====
RESULT:UNSAT

===== uf50-0957.cnf =====
RESULT:UNSAT

===== uf50-0958.cnf =====
RESULT:UNSAT

===== uf50-0959.cnf =====
RESULT:UNSAT

===== uf50-096.cnf =====
RESULT:SAT
ASSIGNMENT:1=1 2=1 3=1 4=1 5=1 6=0 7=1 8=0 9=0 10=1 11=1 12=1 13=1 14=0 15=1 16=1 17=1 18=0 19=0 20=1 21=0 22=1 23=1 24=1 25=0 26=1 27=0 28=1 29=1 30=0 31=1 32=0 33=0 34=1 35=0 36=0 37=0 38=0 39=1 40=1 41=1 42=1 43=0 44=0 45=0 46=1 47=0 48=1 49=0 50=0 

===== uf50-0960.cnf =====
RESULT:UNSAT

===== uf50-0961.cnf =====
RESULT:UNSAT

===== uf50-0962.cnf =====
RESULT:UNSAT

===== uf50-0963.cnf =====
RESULT:UNSAT

===== uf50-0964.cnf =====


===== uf50-0965.cnf =====
RESULT:UNSAT

===== uf50-0966.cnf =====
RESULT:UNSAT

===== uf50-0967.cnf =====
RESULT:UNSAT

===== uf50-0968.cnf =====
RESULT:UNSAT

===== uf50-0969.cnf =====
RESULT:UNSAT

===== uf50-097.cnf =====
RESULT:UNSAT

===== uf50-0970.cnf =====
RESULT:UNSAT

===== uf50-0971.cnf =====
RESULT:UNSAT

===== uf50-0972.cnf =====
RESULT:UNSAT

===== uf50-0973.cnf =====
RESULT:UNSAT

===== uf50-0974.cnf =====
RESULT:UNSAT

===== uf50-0975.cnf =====
RESULT:UNSAT

===== uf50-0976.cnf =====
RESULT:UNSAT

===== uf50-0977.cnf =====
RESULT:UNSAT

===== uf50-0978.cnf =====
RESULT:UNSAT

===== uf50-0979.cnf =====
RESULT:UNSAT

===== uf50-098.cnf =====
RESULT:SAT
ASSIGNMENT:1=1 2=0 3=1 4=0 5=1 6=0 7=0 8=1 9=0 10=0 11=0 12=1 13=0 14=0 15=1 16=0 17=0 18=0 19=1 20=0 21=0 22=1 23=1 24=1 25=0 26=1 27=0 28=1 29=0 30=1 31=0 32=0 33=0 34=1 35=1 36=1 37=0 38=1 39=1 40=0 41=0 42=1 43=0 44=1 45=1 46=1 47=1 48=0 49=1 50=0 

===== uf50-0980.cnf =====
RESULT:UNSAT

===== uf50-0981.cnf =====
RESULT:UNSAT

===== uf50-0982.cnf =====
RESULT:UNSAT

===== uf50-0983.cnf =====
RESULT:UNSAT

===== uf50-0984.cnf =====
RESULT:UNSAT

===== uf50-0985.cnf =====
RESULT:UNSAT

===== uf50-0986.cnf =====
RESULT:UNSAT

===== uf50-0987.cnf =====
RESULT:UNSAT

===== uf50-0988.cnf =====
RESULT:UNSAT

===== uf50-0989.cnf =====
RESULT:SAT
ASSIGNMENT:1=1 2=0 3=0 4=1 5=1 6=1 7=1 8=0 9=0 10=0 11=0 12=0 13=0 14=1 15=0 16=1 17=1 18=1 19=0 20=0 21=0 22=1 23=1 24=1 25=1 26=1 27=1 28=1 29=0 30=1 31=1 32=1 33=0 34=0 35=0 36=1 37=0 38=0 39=0 40=0 41=0 42=0 43=0 44=0 45=0 46=0 47=0 48=1 49=0 50=0 

===== uf50-099.cnf =====
RESULT:SAT
ASSIGNMENT:1=1 2=0 3=0 4=0 5=0 6=1 7=0 8=1 9=1 10=0 11=0 12=0 13=0 14=0 15=0 16=0 17=0 18=0 19=0 20=0 21=0 22=1 23=1 24=1 25=1 26=1 27=1 28=0 29=0 30=1 31=1 32=0 33=0 34=0 35=1 36=1 37=0 38=0 39=0 40=1 41=1 42=0 43=1 44=0 45=1 46=0 47=0 48=1 49=0 50=0 

===== uf50-0990.cnf =====
RESULT:UNSAT

===== uf50-0991.cnf =====
RESULT:SAT
ASSIGNMENT:1=1 2=1 3=1 4=1 5=1 6=1 7=1 8=0 9=0 10=0 11=1 12=1 13=0 14=0 15=0 16=1 17=1 18=1 19=1 20=1 21=1 22=1 23=1 24=0 25=0 26=0 27=0 28=1 29=0 30=1 31=1 32=0 33=0 34=0 35=1 36=1 37=0 38=1 39=1 40=0 41=0 42=1 43=0 44=0 45=1 46=1 47=0 48=1 49=0 50=0 

===== uf50-0992.cnf =====
RESULT:SAT
ASSIGNMENT:1=1 2=1 3=1 4=0 5=1 6=1 7=1 8=1 9=0 10=0 11=0 12=1 13=0 14=1 15=1 16=1 17=1 18=1 19=1 20=0 21=1 22=1 23=0 24=0 25=0 26=0 27=0 28=0 29=0 30=1 31=1 32=0 33=1 34=0 35=1 36=0 37=0 38=0 39=1 40=0 41=0 42=0 43=1 44=0 45=0 46=1 47=0 48=0 49=1 50=1 

===== uf50-0993.cnf =====
RESULT:UNSAT

===== uf50-0994.cnf =====
RESULT:UNSAT

===== uf50-0995.cnf =====
RESULT:UNSAT

===== uf50-0996.cnf =====
RESULT:UNSAT

===== uf50-0997.cnf =====
RESULT:UNSAT

===== uf50-0998.cnf =====
RESULT:UNSAT

===== uf50-0999.cnf =====
RESULT:UNSAT

